Log file open, 03/09/22 18:41:30
LogWindows: Failed to load 'aqProf.dll' (GetLastError=126)
LogWindows: File 'aqProf.dll' does not exist
LogWindows: Failed to load 'VtuneApi.dll' (GetLastError=126)
LogWindows: File 'VtuneApi.dll' does not exist
LogWindows: Failed to load 'VtuneApi32e.dll' (GetLastError=126)
LogWindows: File 'VtuneApi32e.dll' does not exist
LogConsoleResponse: Display: Failed to find resolution value strings in scalability ini. Falling back to default.
LogConsoleResponse: Display: Failed to find resolution value strings in scalability ini. Falling back to default.
LogInit: Display: Running engine for game: BattleRoyale
LogPlatformFile: Not using cached read wrapper
LogTaskGraph: Started task graph with 5 named threads and 47 total threads with 3 sets of task threads.
LogStats: Stats thread started at 0.195537
LogICUInternationalization: ICU TimeZone Detection - Raw Offset: +5:30, Platform Override: ''
LogInit: Display: Loading text-based GConfig....
LogPluginManager: Mounting plugin MeshPainting
LogPluginManager: Mounting plugin XGEController
LogPluginManager: Mounting plugin Paper2D
LogPluginManager: Mounting plugin LiveLink
LogPluginManager: Mounting plugin CameraShakePreviewer
LogPluginManager: Mounting plugin GameplayCameras
LogPluginManager: Mounting plugin EnvironmentQueryEditor
LogPluginManager: Mounting plugin AISupport
LogPluginManager: Mounting plugin LightPropagationVolume
LogPluginManager: Mounting plugin AnimationSharing
LogPluginManager: Mounting plugin KDevelopSourceCodeAccess
LogPluginManager: Mounting plugin CLionSourceCodeAccess
LogPluginManager: Mounting plugin AssetManagerEditor
LogPluginManager: Mounting plugin OodleData
LogPluginManager: Mounting plugin NullSourceCodeAccess
LogPluginManager: Mounting plugin CodeLiteSourceCodeAccess
LogPluginManager: Mounting plugin GitSourceControl
LogPluginManager: Mounting plugin PerforceSourceControl
LogPluginManager: Mounting plugin PixWinPlugin
LogPluginManager: Mounting plugin PlasticSourceControl
LogPluginManager: Mounting plugin OodleNetwork
LogPluginManager: Mounting plugin PluginUtils
LogPluginManager: Mounting plugin PropertyAccessNode
LogPluginManager: Mounting plugin RiderSourceCodeAccess
LogPluginManager: Mounting plugin SubversionSourceControl
LogPluginManager: Mounting plugin TextureFormatOodle
LogPluginManager: Mounting plugin CryptoKeys
LogPluginManager: Mounting plugin CurveEditorTools
LogPluginManager: Mounting plugin UObjectPlugin
LogPluginManager: Mounting plugin DataValidation
LogPluginManager: Mounting plugin VisualStudioCodeSourceCodeAccess
LogPluginManager: Mounting plugin VisualStudioSourceCodeAccess
LogPluginManager: Mounting plugin XCodeSourceCodeAccess
LogPluginManager: Mounting plugin FacialAnimation
LogPluginManager: Mounting plugin GeometryMode
LogPluginManager: Mounting plugin GameplayTagsEditor
LogPluginManager: Mounting plugin MacGraphicsSwitching
LogPluginManager: Mounting plugin MaterialAnalyzer
LogPluginManager: Mounting plugin MobileLauncherProfileWizard
LogPluginManager: Mounting plugin PluginBrowser
LogPluginManager: Mounting plugin SpeedTreeImporter
LogPluginManager: Mounting plugin DatasmithContent
LogPluginManager: Mounting plugin VariantManagerContent
LogPluginManager: Mounting plugin AlembicImporter
LogPluginManager: Mounting plugin AutomationUtils
LogPluginManager: Mounting plugin BackChannel
LogPluginManager: Mounting plugin ChaosCloth
LogPluginManager: Mounting plugin ChaosClothEditor
LogPluginManager: Mounting plugin ChaosEditor
LogPluginManager: Mounting plugin ChaosSolverPlugin
LogPluginManager: Mounting plugin ChaosNiagara
LogPluginManager: Mounting plugin CharacterAI
LogPluginManager: Mounting plugin Niagara
LogPluginManager: Mounting plugin GeometryCache
LogPluginManager: Mounting plugin GeometryCollectionPlugin
LogPluginManager: Mounting plugin GeometryProcessing
LogPluginManager: Mounting plugin MotoSynth
LogPluginManager: Mounting plugin OpenImageDenoise
LogPluginManager: Mounting plugin PlanarCut
LogPluginManager: Mounting plugin LuminPlatformFeatures
LogPluginManager: Mounting plugin MagicLeap
LogPluginManager: Mounting plugin ProxyLODPlugin
LogPluginManager: Mounting plugin PlatformCrypto
LogPluginManager: Mounting plugin PythonScriptPlugin
LogPluginManager: Mounting plugin MagicLeapLightEstimation
LogPluginManager: Mounting plugin SkeletalReduction
LogPluginManager: Mounting plugin MagicLeapMedia
LogPluginManager: Mounting plugin MagicLeapPassableWorld
LogPluginManager: Mounting plugin MLSDK
LogPluginManager: Mounting plugin AndroidMedia
LogPluginManager: Mounting plugin AvfMedia
LogPluginManager: Mounting plugin ImgMedia
LogPluginManager: Mounting plugin MediaCompositing
LogPluginManager: Mounting plugin MediaPlayerEditor
LogPluginManager: Mounting plugin WebMMedia
LogPluginManager: Mounting plugin WmfMedia
LogPluginManager: Mounting plugin TcpMessaging
LogPluginManager: Mounting plugin UdpMessaging
LogPluginManager: Mounting plugin ActorSequence
LogPluginManager: Mounting plugin LevelSequenceEditor
LogPluginManager: Mounting plugin MatineeToLevelSequence
LogPluginManager: Mounting plugin TemplateSequence
LogPluginManager: Mounting plugin OnlineSubsystem
LogPluginManager: Mounting plugin OnlineSubsystemNull
LogPluginManager: Mounting plugin OnlineSubsystemUtils
LogPluginManager: Mounting plugin LauncherChunkInstaller
LogPluginManager: Mounting plugin ActorLayerUtilities
LogPluginManager: Mounting plugin AndroidMoviePlayer
LogPluginManager: Mounting plugin AndroidDeviceProfileSelector
LogPluginManager: Mounting plugin AndroidPermission
LogPluginManager: Mounting plugin AppleMoviePlayer
LogPluginManager: Mounting plugin AppleImageUtils
LogPluginManager: Mounting plugin AssetTags
LogPluginManager: Mounting plugin ArchVisCharacter
LogPluginManager: Mounting plugin AudioCapture
LogPluginManager: Mounting plugin AudioSynesthesia
LogPluginManager: Mounting plugin CableComponent
LogPluginManager: Mounting plugin ChunkDownloader
LogPluginManager: Mounting plugin CustomMeshComponent
LogPluginManager: Mounting plugin ExampleDeviceProfileSelector
LogPluginManager: Mounting plugin EditableMesh
LogPluginManager: Mounting plugin GooglePAD
LogPluginManager: Mounting plugin GoogleCloudMessaging
LogPluginManager: Mounting plugin ScreenshotTools
LogPluginManager: Mounting plugin IOSDeviceProfileSelector
LogPluginManager: Mounting plugin LinuxDeviceProfileSelector
LogPluginManager: Mounting plugin LocationServicesBPLibrary
LogPluginManager: Mounting plugin MobilePatchingUtils
LogPluginManager: Mounting plugin OpenXREyeTracker
LogPluginManager: Mounting plugin OpenXR
LogPluginManager: Mounting plugin OpenXRHandTracking
LogPluginManager: Mounting plugin PhysXVehicles
LogPluginManager: Mounting plugin PostSplashScreen
LogPluginManager: Mounting plugin RuntimePhysXCooking
LogPluginManager: Mounting plugin ProceduralMeshComponent
LogPluginManager: Mounting plugin PropertyAccessEditor
LogPluginManager: Mounting plugin SignificanceManager
LogPluginManager: Mounting plugin SoundFields
LogPluginManager: Mounting plugin Takes
LogPluginManager: Mounting plugin Synthesis
LogPluginManager: Mounting plugin WebMMoviePlayer
LogPluginManager: Mounting plugin WindowsMoviePlayer
LogPluginManager: Mounting plugin ContentBrowserAssetDataSource
LogPluginManager: Mounting plugin ContentBrowserClassDataSource
LogPluginManager: Mounting plugin ContentBrowserFileDataSource
LogPluginManager: Mounting plugin OnlineSubsystemGooglePlay
LogPluginManager: Mounting plugin OnlineSubsystemIOS
LogPluginManager: Mounting plugin OculusVR
LogPluginManager: Mounting plugin SteamVR
PixWinPlugin: PIX capture plugin failed to initialize! Check that the process is launched from PIX.
LogLuminAPIImpl: Warning: MLSDK not found.  This likely means the MLSDK environment variable is not set.
LogInit: Using libcurl 7.55.1-DEV
LogInit:  - built for x86_64-pc-win32
LogInit:  - supports SSL with OpenSSL/1.1.1
LogInit:  - supports HTTP deflate (compression) using libz 1.2.8
LogInit:  - other features:
LogInit:      CURL_VERSION_SSL
LogInit:      CURL_VERSION_LIBZ
LogInit:      CURL_VERSION_IPV6
LogInit:      CURL_VERSION_ASYNCHDNS
LogInit:      CURL_VERSION_LARGEFILE
LogInit:      CURL_VERSION_IDN
LogInit:  CurlRequestOptions (configurable via config and command line):
LogInit:  - bVerifyPeer = true  - Libcurl will verify peer certificate
LogInit:  - bUseHttpProxy = false  - Libcurl will NOT use HTTP proxy
LogInit:  - bDontReuseConnections = false  - Libcurl will reuse connections
LogInit:  - MaxHostConnections = 16  - Libcurl will limit the number of connections to a host
LogInit:  - LocalHostAddr = Default
LogInit:  - BufferSize = 65536
LogOnline: OSS: Creating online subsystem instance for: NULL
LogInit: WinSock: version 1.1 (2.2), MaxSocks=32767, MaxUdp=65467
LogOnline: OSS: TryLoadSubsystemAndSetDefault: Loaded subsystem for module [NULL]
LogOculusPluginWrapper: OculusPlugin initialized successfully
LogHMD: Failed initializing OVRPlugin 1.59.0
LogInit: Build: ++UE4+Release-4.27-CL-18319896
LogInit: Engine Version: 4.27.2-18319896+++UE4+Release-4.27
LogInit: Compatible Engine Version: 4.27.0-17155196+++UE4+Release-4.27
LogInit: Net CL: 17155196
LogInit: OS: Windows 10 (Release 2009) (), CPU: AMD Ryzen 7 3700X 8-Core Processor             , GPU: NVIDIA GeForce GTX 1660 SUPER
LogInit: Compiled (64-bit): Nov 30 2021 07:12:08
LogInit: Compiled with Visual C++: 19.24.28315.00
LogInit: Build Configuration: Development
LogInit: Branch Name: ++UE4+Release-4.27
LogInit: Command Line:  -EpicPortal -epicusername=Atul_hp -epicuserid=2a676511ffc2492b9f0a825cbdeaa93a -epiclocale=en -epicsandboxid=ue
LogInit: Base Directory: C:/UE_4.27/Engine/Binaries/Win64/
LogInit: Allocator: TBB
LogInit: Installed Engine Build: 1
LogDevObjectVersion: Number of dev versions registered: 29
LogDevObjectVersion:   Dev-Blueprints (B0D832E4-1F89-4F0D-ACCF-7EB736FD4AA2): 10
LogDevObjectVersion:   Dev-Build (E1C64328-A22C-4D53-A36C-8E866417BD8C): 0
LogDevObjectVersion:   Dev-Core (375EC13C-06E4-48FB-B500-84F0262A717E): 4
LogDevObjectVersion:   Dev-Editor (E4B068ED-F494-42E9-A231-DA0B2E46BB41): 40
LogDevObjectVersion:   Dev-Framework (CFFC743F-43B0-4480-9391-14DF171D2073): 37
LogDevObjectVersion:   Dev-Mobile (B02B49B5-BB20-44E9-A304-32B752E40360): 3
LogDevObjectVersion:   Dev-Networking (A4E4105C-59A1-49B5-A7C5-40C4547EDFEE): 0
LogDevObjectVersion:   Dev-Online (39C831C9-5AE6-47DC-9A44-9C173E1C8E7C): 0
LogDevObjectVersion:   Dev-Physics (78F01B33-EBEA-4F98-B9B4-84EACCB95AA2): 14
LogDevObjectVersion:   Dev-Platform (6631380F-2D4D-43E0-8009-CF276956A95A): 0
LogDevObjectVersion:   Dev-Rendering (12F88B9F-8875-4AFC-A67C-D90C383ABD29): 45
LogDevObjectVersion:   Dev-Sequencer (7B5AE74C-D270-4C10-A958-57980B212A5A): 13
LogDevObjectVersion:   Dev-VR (D7296918-1DD6-4BDD-9DE2-64A83CC13884): 3
LogDevObjectVersion:   Dev-LoadTimes (C2A15278-BFE7-4AFE-6C17-90FF531DF755): 1
LogDevObjectVersion:   Private-Geometry (6EACA3D4-40EC-4CC1-B786-8BED09428FC5): 3
LogDevObjectVersion:   Dev-AnimPhys (29E575DD-E0A3-4627-9D10-D276232CDCEA): 17
LogDevObjectVersion:   Dev-Anim (AF43A65D-7FD3-4947-9873-3E8ED9C1BB05): 15
LogDevObjectVersion:   Dev-ReflectionCapture (6B266CEC-1EC7-4B8F-A30B-E4D90942FC07): 1
LogDevObjectVersion:   Dev-Automation (0DF73D61-A23F-47EA-B727-89E90C41499A): 1
LogDevObjectVersion:   FortniteMain (601D1886-AC64-4F84-AA16-D3DE0DEAC7D6): 47
LogDevObjectVersion:   FortniteRelease (E7086368-6B23-4C58-8439-1B7016265E91): 1
LogDevObjectVersion:   Dev-Enterprise (9DFFBCD6-494F-0158-E221-12823C92A888): 10
LogDevObjectVersion:   Dev-Niagara (F2AED0AC-9AFE-416F-8664-AA7FFA26D6FC): 1
LogDevObjectVersion:   Dev-Destruction (174F1F0B-B4C6-45A5-B13F-2EE8D0FB917D): 10
LogDevObjectVersion:   Dev-Physics-Ext (35F94A83-E258-406C-A318-09F59610247C): 41
LogDevObjectVersion:   Dev-PhysicsMaterial-Chaos (B68FC16E-8B1B-42E2-B453-215C058844FE): 1
LogDevObjectVersion:   Dev-CineCamera (B2E18506-4273-CFC2-A54E-F4BB758BBA07): 1
LogDevObjectVersion:   Dev-VirtualProduction (64F58936-FD1B-42BA-BA96-7289D5D0FA4E): 1
LogDevObjectVersion:   Dev-MediaFramework (6F0ED827-A609-4895-9C91-998D90180EA4): 2
LogInit: Presizing for max 25165824 objects, including 0 objects not considered by GC, pre-allocating 0 bytes for permanent pool.
LogConfig: Applying CVar settings from Section [/Script/Engine.StreamingSettings] File [C:/UnrealProject/BattleRoyale/BattleRoyale/Saved/Config/Windows/Engine.ini]
LogConfig: Setting CVar [[s.MinBulkDataSizeForAsyncLoading:131072]]
LogConfig: Setting CVar [[s.AsyncLoadingThreadEnabled:0]]
LogConfig: Setting CVar [[s.EventDrivenLoaderEnabled:1]]
LogConfig: Setting CVar [[s.WarnIfTimeLimitExceeded:0]]
LogConfig: Setting CVar [[s.TimeLimitExceededMultiplier:1.5]]
LogConfig: Setting CVar [[s.TimeLimitExceededMinTime:0.005]]
LogConfig: Setting CVar [[s.UseBackgroundLevelStreaming:1]]
LogConfig: Setting CVar [[s.PriorityAsyncLoadingExtraTime:15.0]]
LogConfig: Setting CVar [[s.LevelStreamingActorsUpdateTimeLimit:5.0]]
LogConfig: Setting CVar [[s.PriorityLevelStreamingActorsUpdateExtraTime:5.0]]
LogConfig: Setting CVar [[s.LevelStreamingComponentsRegistrationGranularity:10]]
LogConfig: Setting CVar [[s.UnregisterComponentsTimeLimit:1.0]]
LogConfig: Setting CVar [[s.LevelStreamingComponentsUnregistrationGranularity:5]]
LogConfig: Setting CVar [[s.FlushStreamingOnExit:1]]
LogInit: Object subsystem initialized
LogConfig: Setting CVar [[con.DebugEarlyDefault:1]]
LogConfig: Setting CVar [[r.setres:1280x720]]
[2022.03.09-13.11.30:559][  0]LogConfig: Setting CVar [[r.VSync:0]]
[2022.03.09-13.11.30:559][  0]LogConfig: Setting CVar [[r.RHICmdBypass:0]]
[2022.03.09-13.11.30:559][  0]LogConfig: Applying CVar settings from Section [/Script/Engine.RendererSettings] File [C:/UnrealProject/BattleRoyale/BattleRoyale/Saved/Config/Windows/Engine.ini]
[2022.03.09-13.11.30:559][  0]LogConfig: Setting CVar [[r.GPUCrashDebugging:0]]
[2022.03.09-13.11.30:559][  0]LogConfig: Applying CVar settings from Section [/Script/Engine.RendererOverrideSettings] File [C:/UnrealProject/BattleRoyale/BattleRoyale/Saved/Config/Windows/Engine.ini]
[2022.03.09-13.11.30:559][  0]LogConfig: Applying CVar settings from Section [/Script/Engine.StreamingSettings] File [C:/UnrealProject/BattleRoyale/BattleRoyale/Saved/Config/Windows/Engine.ini]
[2022.03.09-13.11.30:559][  0]LogConfig: Setting CVar [[s.MinBulkDataSizeForAsyncLoading:131072]]
[2022.03.09-13.11.30:559][  0]LogConfig: Setting CVar [[s.AsyncLoadingThreadEnabled:0]]
[2022.03.09-13.11.30:559][  0]LogConfig: Setting CVar [[s.EventDrivenLoaderEnabled:1]]
[2022.03.09-13.11.30:559][  0]LogConfig: Setting CVar [[s.WarnIfTimeLimitExceeded:0]]
[2022.03.09-13.11.30:559][  0]LogConfig: Setting CVar [[s.TimeLimitExceededMultiplier:1.5]]
[2022.03.09-13.11.30:559][  0]LogConfig: Setting CVar [[s.TimeLimitExceededMinTime:0.005]]
[2022.03.09-13.11.30:559][  0]LogConfig: Setting CVar [[s.UseBackgroundLevelStreaming:1]]
[2022.03.09-13.11.30:559][  0]LogConfig: Setting CVar [[s.PriorityAsyncLoadingExtraTime:15.0]]
[2022.03.09-13.11.30:559][  0]LogConfig: Setting CVar [[s.LevelStreamingActorsUpdateTimeLimit:5.0]]
[2022.03.09-13.11.30:559][  0]LogConfig: Setting CVar [[s.PriorityLevelStreamingActorsUpdateExtraTime:5.0]]
[2022.03.09-13.11.30:559][  0]LogConfig: Setting CVar [[s.LevelStreamingComponentsRegistrationGranularity:10]]
[2022.03.09-13.11.30:559][  0]LogConfig: Setting CVar [[s.UnregisterComponentsTimeLimit:1.0]]
[2022.03.09-13.11.30:559][  0]LogConfig: Setting CVar [[s.LevelStreamingComponentsUnregistrationGranularity:5]]
[2022.03.09-13.11.30:559][  0]LogConfig: Setting CVar [[s.FlushStreamingOnExit:1]]
[2022.03.09-13.11.30:559][  0]LogConfig: Applying CVar settings from Section [/Script/Engine.GarbageCollectionSettings] File [C:/UnrealProject/BattleRoyale/BattleRoyale/Saved/Config/Windows/Engine.ini]
[2022.03.09-13.11.30:559][  0]LogConfig: Setting CVar [[gc.MaxObjectsNotConsideredByGC:1]]
[2022.03.09-13.11.30:559][  0]LogConfig: Setting CVar [[gc.SizeOfPermanentObjectPool:0]]
[2022.03.09-13.11.30:559][  0]LogConfig: Setting CVar [[gc.FlushStreamingOnGC:0]]
[2022.03.09-13.11.30:559][  0]LogConfig: Setting CVar [[gc.NumRetriesBeforeForcingGC:10]]
[2022.03.09-13.11.30:559][  0]LogConfig: Setting CVar [[gc.AllowParallelGC:1]]
[2022.03.09-13.11.30:559][  0]LogConfig: Setting CVar [[gc.TimeBetweenPurgingPendingKillObjects:61.1]]
[2022.03.09-13.11.30:559][  0]LogConfig: Setting CVar [[gc.MaxObjectsInEditor:25165824]]
[2022.03.09-13.11.30:559][  0]LogConfig: Setting CVar [[gc.IncrementalBeginDestroyEnabled:1]]
[2022.03.09-13.11.30:559][  0]LogConfig: Setting CVar [[gc.CreateGCClusters:1]]
[2022.03.09-13.11.30:559][  0]LogConfig: Setting CVar [[gc.MinGCClusterSize:5]]
[2022.03.09-13.11.30:559][  0]LogConfig: Setting CVar [[gc.ActorClusteringEnabled:0]]
[2022.03.09-13.11.30:559][  0]LogConfig: Setting CVar [[gc.BlueprintClusteringEnabled:0]]
[2022.03.09-13.11.30:559][  0]LogConfig: Setting CVar [[gc.UseDisregardForGCOnDedicatedServers:0]]
[2022.03.09-13.11.30:559][  0]LogConfig: Setting CVar [[gc.MultithreadedDestructionEnabled:1]]
[2022.03.09-13.11.30:559][  0]LogConfig: Applying CVar settings from Section [/Script/Engine.NetworkSettings] File [C:/UnrealProject/BattleRoyale/BattleRoyale/Saved/Config/Windows/Engine.ini]
[2022.03.09-13.11.30:559][  0]LogConfig: Applying CVar settings from Section [/Script/UnrealEd.CookerSettings] File [C:/UnrealProject/BattleRoyale/BattleRoyale/Saved/Config/Windows/Engine.ini]
[2022.03.09-13.11.30:571][  0]LogConfig: Applying CVar settings from Section [ViewDistanceQuality@3] File [C:/UnrealProject/BattleRoyale/BattleRoyale/Saved/Config/Windows/Scalability.ini]
[2022.03.09-13.11.30:571][  0]LogConfig: Setting CVar [[r.SkeletalMeshLODBias:0]]
[2022.03.09-13.11.30:571][  0]LogConfig: Setting CVar [[r.ViewDistanceScale:1.0]]
[2022.03.09-13.11.30:571][  0]LogConfig: Applying CVar settings from Section [AntiAliasingQuality@3] File [C:/UnrealProject/BattleRoyale/BattleRoyale/Saved/Config/Windows/Scalability.ini]
[2022.03.09-13.11.30:571][  0]LogConfig: Setting CVar [[r.PostProcessAAQuality:4]]
[2022.03.09-13.11.30:571][  0]LogConfig: Applying CVar settings from Section [ShadowQuality@3] File [C:/UnrealProject/BattleRoyale/BattleRoyale/Saved/Config/Windows/Scalability.ini]
[2022.03.09-13.11.30:571][  0]LogConfig: Setting CVar [[r.LightFunctionQuality:1]]
[2022.03.09-13.11.30:571][  0]LogConfig: Setting CVar [[r.ShadowQuality:5]]
[2022.03.09-13.11.30:571][  0]LogConfig: Setting CVar [[r.Shadow.CSM.MaxCascades:10]]
[2022.03.09-13.11.30:571][  0]LogConfig: Setting CVar [[r.Shadow.MaxResolution:2048]]
[2022.03.09-13.11.30:571][  0]LogConfig: Setting CVar [[r.Shadow.MaxCSMResolution:2048]]
[2022.03.09-13.11.30:571][  0]LogConfig: Setting CVar [[r.Shadow.RadiusThreshold:0.01]]
[2022.03.09-13.11.30:571][  0]LogConfig: Setting CVar [[r.Shadow.DistanceScale:1.0]]
[2022.03.09-13.11.30:571][  0]LogConfig: Setting CVar [[r.Shadow.CSM.TransitionScale:1.0]]
[2022.03.09-13.11.30:571][  0]LogConfig: Setting CVar [[r.Shadow.PreShadowResolutionFactor:1.0]]
[2022.03.09-13.11.30:571][  0]LogConfig: Setting CVar [[r.DistanceFieldShadowing:1]]
[2022.03.09-13.11.30:571][  0]LogConfig: Setting CVar [[r.DistanceFieldAO:1]]
[2022.03.09-13.11.30:571][  0]LogConfig: Setting CVar [[r.AOQuality:2]]
[2022.03.09-13.11.30:571][  0]LogConfig: Setting CVar [[r.VolumetricFog:1]]
[2022.03.09-13.11.30:571][  0]LogConfig: Setting CVar [[r.VolumetricFog.GridPixelSize:8]]
[2022.03.09-13.11.30:571][  0]LogConfig: Setting CVar [[r.VolumetricFog.GridSizeZ:128]]
[2022.03.09-13.11.30:571][  0]LogConfig: Setting CVar [[r.VolumetricFog.HistoryMissSupersampleCount:4]]
[2022.03.09-13.11.30:571][  0]LogConfig: Setting CVar [[r.LightMaxDrawDistanceScale:1]]
[2022.03.09-13.11.30:571][  0]LogConfig: Setting CVar [[r.CapsuleShadows:1]]
[2022.03.09-13.11.30:571][  0]LogConfig: Applying CVar settings from Section [PostProcessQuality@3] File [C:/UnrealProject/BattleRoyale/BattleRoyale/Saved/Config/Windows/Scalability.ini]
[2022.03.09-13.11.30:571][  0]LogConfig: Setting CVar [[r.MotionBlurQuality:4]]
[2022.03.09-13.11.30:571][  0]LogConfig: Setting CVar [[r.AmbientOcclusionMipLevelFactor:0.4]]
[2022.03.09-13.11.30:571][  0]LogConfig: Setting CVar [[r.AmbientOcclusionMaxQuality:100]]
[2022.03.09-13.11.30:571][  0]LogConfig: Setting CVar [[r.AmbientOcclusionLevels:-1]]
[2022.03.09-13.11.30:571][  0]LogConfig: Setting CVar [[r.AmbientOcclusionRadiusScale:1.0]]
[2022.03.09-13.11.30:571][  0]LogConfig: Setting CVar [[r.DepthOfFieldQuality:2]]
[2022.03.09-13.11.30:571][  0]LogConfig: Setting CVar [[r.RenderTargetPoolMin:400]]
[2022.03.09-13.11.30:571][  0]LogConfig: Setting CVar [[r.LensFlareQuality:2]]
[2022.03.09-13.11.30:571][  0]LogConfig: Setting CVar [[r.SceneColorFringeQuality:1]]
[2022.03.09-13.11.30:571][  0]LogConfig: Setting CVar [[r.EyeAdaptationQuality:2]]
[2022.03.09-13.11.30:571][  0]LogConfig: Setting CVar [[r.BloomQuality:5]]
[2022.03.09-13.11.30:571][  0]LogConfig: Setting CVar [[r.FastBlurThreshold:100]]
[2022.03.09-13.11.30:571][  0]LogConfig: Setting CVar [[r.Upscale.Quality:3]]
[2022.03.09-13.11.30:571][  0]LogConfig: Setting CVar [[r.Tonemapper.GrainQuantization:1]]
[2022.03.09-13.11.30:571][  0]LogConfig: Setting CVar [[r.LightShaftQuality:1]]
[2022.03.09-13.11.30:571][  0]LogConfig: Setting CVar [[r.Filter.SizeScale:1]]
[2022.03.09-13.11.30:571][  0]LogConfig: Setting CVar [[r.Tonemapper.Quality:5]]
[2022.03.09-13.11.30:571][  0]LogConfig: Setting CVar [[r.DOF.Gather.AccumulatorQuality:1        ; higher gathering accumulator quality]]
[2022.03.09-13.11.30:571][  0]LogConfig: Setting CVar [[r.DOF.Gather.PostfilterMethod:1          ; Median3x3 postfilering method]]
[2022.03.09-13.11.30:571][  0]LogConfig: Setting CVar [[r.DOF.Gather.EnableBokehSettings:0       ; no bokeh simulation when gathering]]
[2022.03.09-13.11.30:571][  0]LogConfig: Setting CVar [[r.DOF.Gather.RingCount:4                 ; medium number of samples when gathering]]
[2022.03.09-13.11.30:571][  0]LogConfig: Setting CVar [[r.DOF.Scatter.ForegroundCompositing:1    ; additive foreground scattering]]
[2022.03.09-13.11.30:571][  0]LogConfig: Setting CVar [[r.DOF.Scatter.BackgroundCompositing:2    ; additive background scattering]]
[2022.03.09-13.11.30:571][  0]LogConfig: Setting CVar [[r.DOF.Scatter.EnableBokehSettings:1      ; bokeh simulation when scattering]]
[2022.03.09-13.11.30:571][  0]LogConfig: Setting CVar [[r.DOF.Scatter.MaxSpriteRatio:0.1         ; only a maximum of 10% of scattered bokeh]]
[2022.03.09-13.11.30:571][  0]LogConfig: Setting CVar [[r.DOF.Recombine.Quality:1                ; cheap slight out of focus]]
[2022.03.09-13.11.30:571][  0]LogConfig: Setting CVar [[r.DOF.Recombine.EnableBokehSettings:0    ; no bokeh simulation on slight out of focus]]
[2022.03.09-13.11.30:571][  0]LogConfig: Setting CVar [[r.DOF.TemporalAAQuality:1                ; more stable temporal accumulation]]
[2022.03.09-13.11.30:571][  0]LogConfig: Setting CVar [[r.DOF.Kernel.MaxForegroundRadius:0.025]]
[2022.03.09-13.11.30:571][  0]LogConfig: Setting CVar [[r.DOF.Kernel.MaxBackgroundRadius:0.025]]
[2022.03.09-13.11.30:571][  0]LogConfig: Applying CVar settings from Section [TextureQuality@3] File [C:/UnrealProject/BattleRoyale/BattleRoyale/Saved/Config/Windows/Scalability.ini]
[2022.03.09-13.11.30:571][  0]LogConfig: Setting CVar [[r.Streaming.MipBias:0]]
[2022.03.09-13.11.30:571][  0]LogConfig: Setting CVar [[r.Streaming.AmortizeCPUToGPUCopy:0]]
[2022.03.09-13.11.30:571][  0]LogConfig: Setting CVar [[r.Streaming.MaxNumTexturesToStreamPerFrame:0]]
[2022.03.09-13.11.30:571][  0]LogConfig: Setting CVar [[r.Streaming.Boost:1]]
[2022.03.09-13.11.30:571][  0]LogConfig: Setting CVar [[r.MaxAnisotropy:8]]
[2022.03.09-13.11.30:571][  0]LogConfig: Setting CVar [[r.VT.MaxAnisotropy:8]]
[2022.03.09-13.11.30:571][  0]LogConfig: Setting CVar [[r.Streaming.LimitPoolSizeToVRAM:0]]
[2022.03.09-13.11.30:571][  0]LogConfig: Setting CVar [[r.Streaming.PoolSize:1000]]
[2022.03.09-13.11.30:571][  0]LogConfig: Setting CVar [[r.Streaming.MaxEffectiveScreenSize:0]]
[2022.03.09-13.11.30:571][  0]LogConfig: Applying CVar settings from Section [EffectsQuality@3] File [C:/UnrealProject/BattleRoyale/BattleRoyale/Saved/Config/Windows/Scalability.ini]
[2022.03.09-13.11.30:571][  0]LogConfig: Setting CVar [[r.TranslucencyLightingVolumeDim:64]]
[2022.03.09-13.11.30:571][  0]LogConfig: Setting CVar [[r.RefractionQuality:2]]
[2022.03.09-13.11.30:571][  0]LogConfig: Setting CVar [[r.SSR.Quality:3]]
[2022.03.09-13.11.30:571][  0]LogConfig: Setting CVar [[r.SSR.HalfResSceneColor:0]]
[2022.03.09-13.11.30:571][  0]LogConfig: Setting CVar [[r.SceneColorFormat:4]]
[2022.03.09-13.11.30:571][  0]LogConfig: Setting CVar [[r.DetailMode:2]]
[2022.03.09-13.11.30:571][  0]LogConfig: Setting CVar [[r.TranslucencyVolumeBlur:1]]
[2022.03.09-13.11.30:571][  0]LogConfig: Setting CVar [[r.MaterialQualityLevel:1 ; High quality]]
[2022.03.09-13.11.30:571][  0]LogConfig: Setting CVar [[r.AnisotropicMaterials:1]]
[2022.03.09-13.11.30:571][  0]LogConfig: Setting CVar [[r.SSS.Scale:1]]
[2022.03.09-13.11.30:571][  0]LogConfig: Setting CVar [[r.SSS.SampleSet:2]]
[2022.03.09-13.11.30:571][  0]LogConfig: Setting CVar [[r.SSS.Quality:1]]
[2022.03.09-13.11.30:571][  0]LogConfig: Setting CVar [[r.SSS.HalfRes:0]]
[2022.03.09-13.11.30:571][  0]LogConfig: Setting CVar [[r.SSGI.Quality:3]]
[2022.03.09-13.11.30:571][  0]LogConfig: Setting CVar [[r.EmitterSpawnRateScale:1.0]]
[2022.03.09-13.11.30:571][  0]LogConfig: Setting CVar [[r.ParticleLightQuality:2]]
[2022.03.09-13.11.30:571][  0]LogConfig: Setting CVar [[r.SkyAtmosphere.AerialPerspectiveLUT.FastApplyOnOpaque:1 ; Always have FastSkyLUT 1 in this case to avoid wrong sky]]
[2022.03.09-13.11.30:571][  0]LogConfig: Setting CVar [[r.SkyAtmosphere.AerialPerspectiveLUT.SampleCountMaxPerSlice:4]]
[2022.03.09-13.11.30:571][  0]LogConfig: Setting CVar [[r.SkyAtmosphere.AerialPerspectiveLUT.DepthResolution:16.0]]
[2022.03.09-13.11.30:571][  0]LogConfig: Setting CVar [[r.SkyAtmosphere.FastSkyLUT:1]]
[2022.03.09-13.11.30:571][  0]LogConfig: Setting CVar [[r.SkyAtmosphere.FastSkyLUT.SampleCountMin:4.0]]
[2022.03.09-13.11.30:571][  0]LogConfig: Setting CVar [[r.SkyAtmosphere.FastSkyLUT.SampleCountMax:128.0]]
[2022.03.09-13.11.30:571][  0]LogConfig: Setting CVar [[r.SkyAtmosphere.SampleCountMin:4.0]]
[2022.03.09-13.11.30:571][  0]LogConfig: Setting CVar [[r.SkyAtmosphere.SampleCountMax:128.0]]
[2022.03.09-13.11.30:572][  0]LogConfig: Setting CVar [[r.SkyAtmosphere.TransmittanceLUT.UseSmallFormat:0]]
[2022.03.09-13.11.30:572][  0]LogConfig: Setting CVar [[r.SkyAtmosphere.TransmittanceLUT.SampleCount:10.0]]
[2022.03.09-13.11.30:572][  0]LogConfig: Setting CVar [[r.SkyAtmosphere.MultiScatteringLUT.SampleCount:15.0]]
[2022.03.09-13.11.30:572][  0]LogConfig: Setting CVar [[r.SkyLight.RealTimeReflectionCapture:1]]
[2022.03.09-13.11.30:572][  0]LogConfig: Applying CVar settings from Section [FoliageQuality@3] File [C:/UnrealProject/BattleRoyale/BattleRoyale/Saved/Config/Windows/Scalability.ini]
[2022.03.09-13.11.30:572][  0]LogConfig: Setting CVar [[foliage.DensityScale:1.0]]
[2022.03.09-13.11.30:572][  0]LogConfig: Setting CVar [[grass.DensityScale:1.0]]
[2022.03.09-13.11.30:572][  0]LogConfig: Applying CVar settings from Section [ShadingQuality@3] File [C:/UnrealProject/BattleRoyale/BattleRoyale/Saved/Config/Windows/Scalability.ini]
[2022.03.09-13.11.30:572][  0]LogConfig: Setting CVar [[r.HairStrands.SkyLighting.IntegrationType:2]]
[2022.03.09-13.11.30:572][  0]LogConfig: Setting CVar [[r.HairStrands.SkyAO.SampleCount:4]]
[2022.03.09-13.11.30:572][  0]LogConfig: Setting CVar [[r.HairStrands.Visibility.MSAA.SamplePerPixel:4]]
[2022.03.09-13.11.30:572][  0]LogInit: Selected Device Profile: [Windows]
[2022.03.09-13.11.30:572][  0]LogInit: Applying CVar settings loaded from the selected device profile: [Windows]
[2022.03.09-13.11.30:572][  0]LogHAL: Display: Platform has ~ 16 GB [17093173248 / 17179869184 / 16], which maps to Larger [LargestMinGB=32, LargerMinGB=12, DefaultMinGB=8, SmallerMinGB=6, SmallestMinGB=0)
[2022.03.09-13.11.30:572][  0]LogInit: Going up to parent DeviceProfile []
[2022.03.09-13.11.30:572][  0]LogConfig: Applying CVar settings from Section [ViewDistanceQuality@3] File [C:/UnrealProject/BattleRoyale/BattleRoyale/Saved/Config/Windows/Scalability.ini]
[2022.03.09-13.11.30:572][  0]LogConfig: Setting CVar [[r.SkeletalMeshLODBias:0]]
[2022.03.09-13.11.30:572][  0]LogConfig: Setting CVar [[r.ViewDistanceScale:1.0]]
[2022.03.09-13.11.30:572][  0]LogConfig: Applying CVar settings from Section [AntiAliasingQuality@3] File [C:/UnrealProject/BattleRoyale/BattleRoyale/Saved/Config/Windows/Scalability.ini]
[2022.03.09-13.11.30:572][  0]LogConfig: Setting CVar [[r.PostProcessAAQuality:4]]
[2022.03.09-13.11.30:572][  0]LogConfig: Applying CVar settings from Section [ShadowQuality@3] File [C:/UnrealProject/BattleRoyale/BattleRoyale/Saved/Config/Windows/Scalability.ini]
[2022.03.09-13.11.30:572][  0]LogConfig: Setting CVar [[r.LightFunctionQuality:1]]
[2022.03.09-13.11.30:572][  0]LogConfig: Setting CVar [[r.ShadowQuality:5]]
[2022.03.09-13.11.30:572][  0]LogConfig: Setting CVar [[r.Shadow.CSM.MaxCascades:10]]
[2022.03.09-13.11.30:572][  0]LogConfig: Setting CVar [[r.Shadow.MaxResolution:2048]]
[2022.03.09-13.11.30:572][  0]LogConfig: Setting CVar [[r.Shadow.MaxCSMResolution:2048]]
[2022.03.09-13.11.30:572][  0]LogConfig: Setting CVar [[r.Shadow.RadiusThreshold:0.01]]
[2022.03.09-13.11.30:572][  0]LogConfig: Setting CVar [[r.Shadow.DistanceScale:1.0]]
[2022.03.09-13.11.30:572][  0]LogConfig: Setting CVar [[r.Shadow.CSM.TransitionScale:1.0]]
[2022.03.09-13.11.30:572][  0]LogConfig: Setting CVar [[r.Shadow.PreShadowResolutionFactor:1.0]]
[2022.03.09-13.11.30:572][  0]LogConfig: Setting CVar [[r.DistanceFieldShadowing:1]]
[2022.03.09-13.11.30:572][  0]LogConfig: Setting CVar [[r.DistanceFieldAO:1]]
[2022.03.09-13.11.30:572][  0]LogConfig: Setting CVar [[r.AOQuality:2]]
[2022.03.09-13.11.30:572][  0]LogConfig: Setting CVar [[r.VolumetricFog:1]]
[2022.03.09-13.11.30:572][  0]LogConfig: Setting CVar [[r.VolumetricFog.GridPixelSize:8]]
[2022.03.09-13.11.30:572][  0]LogConfig: Setting CVar [[r.VolumetricFog.GridSizeZ:128]]
[2022.03.09-13.11.30:572][  0]LogConfig: Setting CVar [[r.VolumetricFog.HistoryMissSupersampleCount:4]]
[2022.03.09-13.11.30:572][  0]LogConfig: Setting CVar [[r.LightMaxDrawDistanceScale:1]]
[2022.03.09-13.11.30:572][  0]LogConfig: Setting CVar [[r.CapsuleShadows:1]]
[2022.03.09-13.11.30:572][  0]LogConfig: Applying CVar settings from Section [PostProcessQuality@3] File [C:/UnrealProject/BattleRoyale/BattleRoyale/Saved/Config/Windows/Scalability.ini]
[2022.03.09-13.11.30:572][  0]LogConfig: Setting CVar [[r.MotionBlurQuality:4]]
[2022.03.09-13.11.30:572][  0]LogConfig: Setting CVar [[r.AmbientOcclusionMipLevelFactor:0.4]]
[2022.03.09-13.11.30:572][  0]LogConfig: Setting CVar [[r.AmbientOcclusionMaxQuality:100]]
[2022.03.09-13.11.30:572][  0]LogConfig: Setting CVar [[r.AmbientOcclusionLevels:-1]]
[2022.03.09-13.11.30:572][  0]LogConfig: Setting CVar [[r.AmbientOcclusionRadiusScale:1.0]]
[2022.03.09-13.11.30:572][  0]LogConfig: Setting CVar [[r.DepthOfFieldQuality:2]]
[2022.03.09-13.11.30:572][  0]LogConfig: Setting CVar [[r.RenderTargetPoolMin:400]]
[2022.03.09-13.11.30:572][  0]LogConfig: Setting CVar [[r.LensFlareQuality:2]]
[2022.03.09-13.11.30:572][  0]LogConfig: Setting CVar [[r.SceneColorFringeQuality:1]]
[2022.03.09-13.11.30:572][  0]LogConfig: Setting CVar [[r.EyeAdaptationQuality:2]]
[2022.03.09-13.11.30:572][  0]LogConfig: Setting CVar [[r.BloomQuality:5]]
[2022.03.09-13.11.30:572][  0]LogConfig: Setting CVar [[r.FastBlurThreshold:100]]
[2022.03.09-13.11.30:572][  0]LogConfig: Setting CVar [[r.Upscale.Quality:3]]
[2022.03.09-13.11.30:572][  0]LogConfig: Setting CVar [[r.Tonemapper.GrainQuantization:1]]
[2022.03.09-13.11.30:572][  0]LogConfig: Setting CVar [[r.LightShaftQuality:1]]
[2022.03.09-13.11.30:572][  0]LogConfig: Setting CVar [[r.Filter.SizeScale:1]]
[2022.03.09-13.11.30:572][  0]LogConfig: Setting CVar [[r.Tonemapper.Quality:5]]
[2022.03.09-13.11.30:572][  0]LogConfig: Setting CVar [[r.DOF.Gather.AccumulatorQuality:1        ; higher gathering accumulator quality]]
[2022.03.09-13.11.30:572][  0]LogConfig: Setting CVar [[r.DOF.Gather.PostfilterMethod:1          ; Median3x3 postfilering method]]
[2022.03.09-13.11.30:572][  0]LogConfig: Setting CVar [[r.DOF.Gather.EnableBokehSettings:0       ; no bokeh simulation when gathering]]
[2022.03.09-13.11.30:572][  0]LogConfig: Setting CVar [[r.DOF.Gather.RingCount:4                 ; medium number of samples when gathering]]
[2022.03.09-13.11.30:572][  0]LogConfig: Setting CVar [[r.DOF.Scatter.ForegroundCompositing:1    ; additive foreground scattering]]
[2022.03.09-13.11.30:572][  0]LogConfig: Setting CVar [[r.DOF.Scatter.BackgroundCompositing:2    ; additive background scattering]]
[2022.03.09-13.11.30:572][  0]LogConfig: Setting CVar [[r.DOF.Scatter.EnableBokehSettings:1      ; bokeh simulation when scattering]]
[2022.03.09-13.11.30:572][  0]LogConfig: Setting CVar [[r.DOF.Scatter.MaxSpriteRatio:0.1         ; only a maximum of 10% of scattered bokeh]]
[2022.03.09-13.11.30:572][  0]LogConfig: Setting CVar [[r.DOF.Recombine.Quality:1                ; cheap slight out of focus]]
[2022.03.09-13.11.30:572][  0]LogConfig: Setting CVar [[r.DOF.Recombine.EnableBokehSettings:0    ; no bokeh simulation on slight out of focus]]
[2022.03.09-13.11.30:572][  0]LogConfig: Setting CVar [[r.DOF.TemporalAAQuality:1                ; more stable temporal accumulation]]
[2022.03.09-13.11.30:572][  0]LogConfig: Setting CVar [[r.DOF.Kernel.MaxForegroundRadius:0.025]]
[2022.03.09-13.11.30:572][  0]LogConfig: Setting CVar [[r.DOF.Kernel.MaxBackgroundRadius:0.025]]
[2022.03.09-13.11.30:572][  0]LogConfig: Applying CVar settings from Section [TextureQuality@3] File [C:/UnrealProject/BattleRoyale/BattleRoyale/Saved/Config/Windows/Scalability.ini]
[2022.03.09-13.11.30:572][  0]LogConfig: Setting CVar [[r.Streaming.MipBias:0]]
[2022.03.09-13.11.30:572][  0]LogConfig: Setting CVar [[r.Streaming.AmortizeCPUToGPUCopy:0]]
[2022.03.09-13.11.30:572][  0]LogConfig: Setting CVar [[r.Streaming.MaxNumTexturesToStreamPerFrame:0]]
[2022.03.09-13.11.30:572][  0]LogConfig: Setting CVar [[r.Streaming.Boost:1]]
[2022.03.09-13.11.30:572][  0]LogConfig: Setting CVar [[r.MaxAnisotropy:8]]
[2022.03.09-13.11.30:572][  0]LogConfig: Setting CVar [[r.VT.MaxAnisotropy:8]]
[2022.03.09-13.11.30:572][  0]LogConfig: Setting CVar [[r.Streaming.LimitPoolSizeToVRAM:0]]
[2022.03.09-13.11.30:572][  0]LogConfig: Setting CVar [[r.Streaming.PoolSize:1000]]
[2022.03.09-13.11.30:572][  0]LogConfig: Setting CVar [[r.Streaming.MaxEffectiveScreenSize:0]]
[2022.03.09-13.11.30:572][  0]LogConfig: Applying CVar settings from Section [EffectsQuality@3] File [C:/UnrealProject/BattleRoyale/BattleRoyale/Saved/Config/Windows/Scalability.ini]
[2022.03.09-13.11.30:572][  0]LogConfig: Setting CVar [[r.TranslucencyLightingVolumeDim:64]]
[2022.03.09-13.11.30:572][  0]LogConfig: Setting CVar [[r.RefractionQuality:2]]
[2022.03.09-13.11.30:572][  0]LogConfig: Setting CVar [[r.SSR.Quality:3]]
[2022.03.09-13.11.30:572][  0]LogConfig: Setting CVar [[r.SSR.HalfResSceneColor:0]]
[2022.03.09-13.11.30:572][  0]LogConfig: Setting CVar [[r.SceneColorFormat:4]]
[2022.03.09-13.11.30:572][  0]LogConfig: Setting CVar [[r.DetailMode:2]]
[2022.03.09-13.11.30:572][  0]LogConfig: Setting CVar [[r.TranslucencyVolumeBlur:1]]
[2022.03.09-13.11.30:572][  0]LogConfig: Setting CVar [[r.MaterialQualityLevel:1 ; High quality]]
[2022.03.09-13.11.30:572][  0]LogConfig: Setting CVar [[r.AnisotropicMaterials:1]]
[2022.03.09-13.11.30:572][  0]LogConfig: Setting CVar [[r.SSS.Scale:1]]
[2022.03.09-13.11.30:572][  0]LogConfig: Setting CVar [[r.SSS.SampleSet:2]]
[2022.03.09-13.11.30:572][  0]LogConfig: Setting CVar [[r.SSS.Quality:1]]
[2022.03.09-13.11.30:572][  0]LogConfig: Setting CVar [[r.SSS.HalfRes:0]]
[2022.03.09-13.11.30:572][  0]LogConfig: Setting CVar [[r.SSGI.Quality:3]]
[2022.03.09-13.11.30:572][  0]LogConfig: Setting CVar [[r.EmitterSpawnRateScale:1.0]]
[2022.03.09-13.11.30:573][  0]LogConfig: Setting CVar [[r.ParticleLightQuality:2]]
[2022.03.09-13.11.30:573][  0]LogConfig: Setting CVar [[r.SkyAtmosphere.AerialPerspectiveLUT.FastApplyOnOpaque:1 ; Always have FastSkyLUT 1 in this case to avoid wrong sky]]
[2022.03.09-13.11.30:573][  0]LogConfig: Setting CVar [[r.SkyAtmosphere.AerialPerspectiveLUT.SampleCountMaxPerSlice:4]]
[2022.03.09-13.11.30:573][  0]LogConfig: Setting CVar [[r.SkyAtmosphere.AerialPerspectiveLUT.DepthResolution:16.0]]
[2022.03.09-13.11.30:573][  0]LogConfig: Setting CVar [[r.SkyAtmosphere.FastSkyLUT:1]]
[2022.03.09-13.11.30:573][  0]LogConfig: Setting CVar [[r.SkyAtmosphere.FastSkyLUT.SampleCountMin:4.0]]
[2022.03.09-13.11.30:573][  0]LogConfig: Setting CVar [[r.SkyAtmosphere.FastSkyLUT.SampleCountMax:128.0]]
[2022.03.09-13.11.30:573][  0]LogConfig: Setting CVar [[r.SkyAtmosphere.SampleCountMin:4.0]]
[2022.03.09-13.11.30:573][  0]LogConfig: Setting CVar [[r.SkyAtmosphere.SampleCountMax:128.0]]
[2022.03.09-13.11.30:573][  0]LogConfig: Setting CVar [[r.SkyAtmosphere.TransmittanceLUT.UseSmallFormat:0]]
[2022.03.09-13.11.30:573][  0]LogConfig: Setting CVar [[r.SkyAtmosphere.TransmittanceLUT.SampleCount:10.0]]
[2022.03.09-13.11.30:573][  0]LogConfig: Setting CVar [[r.SkyAtmosphere.MultiScatteringLUT.SampleCount:15.0]]
[2022.03.09-13.11.30:573][  0]LogConfig: Setting CVar [[r.SkyLight.RealTimeReflectionCapture:1]]
[2022.03.09-13.11.30:573][  0]LogConfig: Applying CVar settings from Section [FoliageQuality@3] File [C:/UnrealProject/BattleRoyale/BattleRoyale/Saved/Config/Windows/Scalability.ini]
[2022.03.09-13.11.30:573][  0]LogConfig: Setting CVar [[foliage.DensityScale:1.0]]
[2022.03.09-13.11.30:573][  0]LogConfig: Setting CVar [[grass.DensityScale:1.0]]
[2022.03.09-13.11.30:573][  0]LogConfig: Applying CVar settings from Section [ShadingQuality@3] File [C:/UnrealProject/BattleRoyale/BattleRoyale/Saved/Config/Windows/Scalability.ini]
[2022.03.09-13.11.30:573][  0]LogConfig: Setting CVar [[r.HairStrands.SkyLighting.IntegrationType:2]]
[2022.03.09-13.11.30:573][  0]LogConfig: Setting CVar [[r.HairStrands.SkyAO.SampleCount:4]]
[2022.03.09-13.11.30:573][  0]LogConfig: Setting CVar [[r.HairStrands.Visibility.MSAA.SamplePerPixel:4]]
[2022.03.09-13.11.30:573][  0]LogConfig: Applying CVar settings from Section [Startup] File [../../../Engine/Config/ConsoleVariables.ini]
[2022.03.09-13.11.30:573][  0]LogConfig: Setting CVar [[net.UseAdaptiveNetUpdateFrequency:0]]
[2022.03.09-13.11.30:573][  0]LogConfig: Setting CVar [[p.chaos.AllowCreatePhysxBodies:1]]
[2022.03.09-13.11.30:573][  0]LogConfig: Setting CVar [[fx.SkipVectorVMBackendOptimizations:1]]
[2022.03.09-13.11.30:573][  0]LogConfig: Applying CVar settings from Section [ConsoleVariables] File [C:/UnrealProject/BattleRoyale/BattleRoyale/Saved/Config/Windows/Engine.ini]
[2022.03.09-13.11.30:573][  0]LogConfig: Applying CVar settings from Section [ConsoleVariables] File [C:/UnrealProject/BattleRoyale/BattleRoyale/Saved/Config/Windows/Editor.ini]
[2022.03.09-13.11.30:573][  0]LogInit: Computer: DESKTOP-SEA1AMH
[2022.03.09-13.11.30:573][  0]LogInit: User: Dobby
[2022.03.09-13.11.30:573][  0]LogInit: CPU Page size=4096, Cores=8
[2022.03.09-13.11.30:573][  0]LogInit: High frequency timer resolution =10.000000 MHz
[2022.03.09-13.11.30:573][  0]LogMemory: Memory total: Physical=15.9GB (16GB approx)
[2022.03.09-13.11.30:573][  0]LogMemory: Platform Memory Stats for Windows
[2022.03.09-13.11.30:573][  0]LogMemory: Process Physical Memory: 148.67 MB used, 148.67 MB peak
[2022.03.09-13.11.30:573][  0]LogMemory: Process Virtual Memory: 131.00 MB used, 131.00 MB peak
[2022.03.09-13.11.30:573][  0]LogMemory: Physical Memory: 6862.15 MB used,  9439.17 MB free, 16301.32 MB total
[2022.03.09-13.11.30:573][  0]LogMemory: Virtual Memory: 134201808.00 MB used,  15922.01 MB free, 134217728.00 MB total
[2022.03.09-13.11.30:577][  0]LogWindows: WindowsPlatformFeatures enabled
[2022.03.09-13.11.30:606][  0]LogInit: Physics initialised using underlying interface: PhysX
[2022.03.09-13.11.30:606][  0]LogInit: Using OS detected language (en-US).
[2022.03.09-13.11.30:606][  0]LogInit: Using OS detected locale (en-IN).
[2022.03.09-13.11.30:611][  0]LogTextLocalizationManager: No specific localization for 'en-US' exists, so the 'en' localization will be used.
[2022.03.09-13.11.30:786][  0]LogInit: Setting process to per monitor DPI aware
[2022.03.09-13.11.30:794][  0]LogWindowsTextInputMethodSystem: Display: IME system deactivated.
[2022.03.09-13.11.30:804][  0]LogSlate: New Slate User Created.  User Index 0, Is Virtual User: 0
[2022.03.09-13.11.30:804][  0]LogSlate: Slate User Registered.  User Index 0, Is Virtual User: 0
[2022.03.09-13.11.30:910][  0]LogD3D11RHI: Loaded GFSDK_Aftermath_Lib.x64.dll
[2022.03.09-13.11.30:912][  0]LogHMD: Failed to initialize OpenVR with code 100
[2022.03.09-13.11.30:912][  0]LogD3D11RHI: D3D11 min allowed feature level: 11_0
[2022.03.09-13.11.30:912][  0]LogD3D11RHI: D3D11 max allowed feature level: 11_0
[2022.03.09-13.11.30:912][  0]LogD3D11RHI: D3D11 adapters:
[2022.03.09-13.11.31:018][  0]LogD3D11RHI:    0. 'NVIDIA GeForce GTX 1660 SUPER' (Feature Level 11_0)
[2022.03.09-13.11.31:018][  0]LogD3D11RHI:       5992/0/8150 MB DedicatedVideo/DedicatedSystem/SharedSystem, Outputs:1, VendorId:0x10de
[2022.03.09-13.11.31:020][  0]LogD3D11RHI:    1. 'Microsoft Basic Render Driver' (Feature Level 11_0)
[2022.03.09-13.11.31:020][  0]LogD3D11RHI:       0/0/8150 MB DedicatedVideo/DedicatedSystem/SharedSystem, Outputs:0, VendorId:0x1414
[2022.03.09-13.11.31:020][  0]LogD3D11RHI: Chosen D3D11 Adapter:
[2022.03.09-13.11.31:020][  0]LogD3D11RHI:     Description : NVIDIA GeForce GTX 1660 SUPER
[2022.03.09-13.11.31:020][  0]LogD3D11RHI:     VendorId    : 10de
[2022.03.09-13.11.31:020][  0]LogD3D11RHI:     DeviceId    : 21c4
[2022.03.09-13.11.31:020][  0]LogD3D11RHI:     SubSysId    : 40131458
[2022.03.09-13.11.31:020][  0]LogD3D11RHI:     Revision    : 00a1
[2022.03.09-13.11.31:020][  0]LogD3D11RHI:     DedicatedVideoMemory : 6283067392 bytes
[2022.03.09-13.11.31:020][  0]LogD3D11RHI:     DedicatedSystemMemory : 0 bytes
[2022.03.09-13.11.31:020][  0]LogD3D11RHI:     SharedSystemMemory : 8546586624 bytes
[2022.03.09-13.11.31:020][  0]LogD3D11RHI:     AdapterLuid : 0 74472
[2022.03.09-13.11.31:027][  0]LogD3D11RHI: Creating new Direct3DDevice
[2022.03.09-13.11.31:027][  0]LogD3D11RHI:     GPU DeviceId: 0x21c4 (for the marketing name, search the web for "GPU Device Id")
[2022.03.09-13.11.31:027][  0]LogWindows: EnumDisplayDevices:
[2022.03.09-13.11.31:027][  0]LogWindows:    0. 'NVIDIA GeForce GTX 1660 SUPER' (P:1 D:1)
[2022.03.09-13.11.31:027][  0]LogWindows:    1. 'NVIDIA GeForce GTX 1660 SUPER' (P:0 D:0)
[2022.03.09-13.11.31:027][  0]LogWindows:    2. 'NVIDIA GeForce GTX 1660 SUPER' (P:0 D:0)
[2022.03.09-13.11.31:027][  0]LogWindows:    3. 'NVIDIA GeForce GTX 1660 SUPER' (P:0 D:0)
[2022.03.09-13.11.31:027][  0]LogWindows: DebugString: FoundDriverCount:4 
[2022.03.09-13.11.31:027][  0]LogD3D11RHI:     Adapter Name: NVIDIA GeForce GTX 1660 SUPER
[2022.03.09-13.11.31:027][  0]LogD3D11RHI:   Driver Version: 511.23 (internal:30.0.15.1123, unified:511.23)
[2022.03.09-13.11.31:027][  0]LogD3D11RHI:      Driver Date: 1-10-2022
[2022.03.09-13.11.31:028][  0]LogRHI: Texture pool is 4194 MB (70% of 5992 MB)
[2022.03.09-13.11.31:028][  0]LogD3D11RHI: Creating D3DDevice using adapter:
[2022.03.09-13.11.31:028][  0]LogD3D11RHI:     Description : NVIDIA GeForce GTX 1660 SUPER
[2022.03.09-13.11.31:028][  0]LogD3D11RHI:     VendorId    : 10de
[2022.03.09-13.11.31:028][  0]LogD3D11RHI:     DeviceId    : 21c4
[2022.03.09-13.11.31:028][  0]LogD3D11RHI:     SubSysId    : 40131458
[2022.03.09-13.11.31:028][  0]LogD3D11RHI:     Revision    : 00a1
[2022.03.09-13.11.31:028][  0]LogD3D11RHI:     DedicatedVideoMemory : 6283067392 bytes
[2022.03.09-13.11.31:028][  0]LogD3D11RHI:     DedicatedSystemMemory : 0 bytes
[2022.03.09-13.11.31:028][  0]LogD3D11RHI:     SharedSystemMemory : 8546586624 bytes
[2022.03.09-13.11.31:028][  0]LogD3D11RHI:     AdapterLuid : 0 74472
[2022.03.09-13.11.31:082][  0]LogD3D11RHI: RHI has support for 64 bit atomics
[2022.03.09-13.11.31:082][  0]LogD3D11RHI: Async texture creation enabled
[2022.03.09-13.11.31:082][  0]LogD3D11RHI: Array index from any shader is supported
[2022.03.09-13.11.31:102][  0]LogD3D11RHI: GPU Timing Frequency: 1000.000000 (Debug: 2 1)
[2022.03.09-13.11.31:123][  0]LogRHI: GeForceNow SDK initialized: 1
[2022.03.09-13.11.32:071][  0]LogTargetPlatformManager: Display: Loaded TargetPlatform 'AllDesktop'
[2022.03.09-13.11.32:091][  0]LogTargetPlatformManager: Display: Loaded TargetPlatform 'Android'
[2022.03.09-13.11.32:091][  0]LogTargetPlatformManager: Display: Loaded TargetPlatform 'Android_ASTC'
[2022.03.09-13.11.32:091][  0]LogTargetPlatformManager: Display: Loaded TargetPlatform 'Android_DXT'
[2022.03.09-13.11.32:091][  0]LogTargetPlatformManager: Display: Loaded TargetPlatform 'Android_ETC2'
[2022.03.09-13.11.32:091][  0]LogTargetPlatformManager: Display: Loaded TargetPlatform 'AndroidClient'
[2022.03.09-13.11.32:091][  0]LogTargetPlatformManager: Display: Loaded TargetPlatform 'Android_ASTCClient'
[2022.03.09-13.11.32:091][  0]LogTargetPlatformManager: Display: Loaded TargetPlatform 'Android_DXTClient'
[2022.03.09-13.11.32:091][  0]LogTargetPlatformManager: Display: Loaded TargetPlatform 'Android_ETC2Client'
[2022.03.09-13.11.32:091][  0]LogTargetPlatformManager: Display: Loaded TargetPlatform 'Android_Multi'
[2022.03.09-13.11.32:091][  0]LogTargetPlatformManager: Display: Loaded TargetPlatform 'Android_MultiClient'
[2022.03.09-13.11.32:106][  0]LogTargetPlatformManager: Display: Loaded TargetPlatform 'IOSClient'
[2022.03.09-13.11.32:106][  0]LogTargetPlatformManager: Display: Loaded TargetPlatform 'IOS'
[2022.03.09-13.11.32:114][  0]LogTargetPlatformManager: Display: Loaded TargetPlatform 'Linux'
[2022.03.09-13.11.32:118][  0]LogTargetPlatformManager: Display: Loaded TargetPlatform 'LinuxNoEditor'
[2022.03.09-13.11.32:122][  0]LogTargetPlatformManager: Display: Loaded TargetPlatform 'LinuxClient'
[2022.03.09-13.11.32:125][  0]LogTargetPlatformManager: Display: Loaded TargetPlatform 'LinuxServer'
[2022.03.09-13.11.32:133][  0]LogTargetPlatformManager: Display: Loaded TargetPlatform 'LinuxAArch64NoEditor'
[2022.03.09-13.11.32:137][  0]LogTargetPlatformManager: Display: Loaded TargetPlatform 'LinuxAArch64Client'
[2022.03.09-13.11.32:140][  0]LogTargetPlatformManager: Display: Loaded TargetPlatform 'LinuxAArch64Server'
[2022.03.09-13.11.32:163][  0]LogTargetPlatformManager: Display: Loaded TargetPlatform 'Lumin'
[2022.03.09-13.11.32:163][  0]LogTargetPlatformManager: Display: Loaded TargetPlatform 'LuminClient'
[2022.03.09-13.11.32:170][  0]LogTargetPlatformManager: Display: Loaded TargetPlatform 'MacNoEditor'
[2022.03.09-13.11.32:174][  0]LogTargetPlatformManager: Display: Loaded TargetPlatform 'Mac'
[2022.03.09-13.11.32:177][  0]LogTargetPlatformManager: Display: Loaded TargetPlatform 'MacClient'
[2022.03.09-13.11.32:180][  0]LogTargetPlatformManager: Display: Loaded TargetPlatform 'MacServer'
[2022.03.09-13.11.32:189][  0]LogTargetPlatformManager: Display: Loaded TargetPlatform 'TVOSClient'
[2022.03.09-13.11.32:189][  0]LogTargetPlatformManager: Display: Loaded TargetPlatform 'TVOS'
[2022.03.09-13.11.32:196][  0]LogTargetPlatformManager: Display: Loaded TargetPlatform 'WindowsNoEditor'
[2022.03.09-13.11.32:200][  0]LogTargetPlatformManager: Display: Loaded TargetPlatform 'Windows'
[2022.03.09-13.11.32:204][  0]LogTargetPlatformManager: Display: Loaded TargetPlatform 'WindowsClient'
[2022.03.09-13.11.32:207][  0]LogTargetPlatformManager: Display: Loaded TargetPlatform 'WindowsServer'
[2022.03.09-13.11.32:207][  0]LogTargetPlatformManager: Display: Building Assets For Windows
[2022.03.09-13.11.32:212][  0]LogAudioDebug: Display: Lib vorbis DLL was dynamically loaded.
[2022.03.09-13.11.32:236][  0]LogTextureFormatOodle: Display: Oodle Texture 2.9.0 init RDO Off
[2022.03.09-13.11.32:259][  0]LogRendererCore: Ray tracing is disabled. Reason: r.RayTracing=0.
[2022.03.09-13.11.32:259][  0]LogShaderCompilers: Guid format shader working directory is -5 characters bigger than the processId version (../../../../UnrealProject/BattleRoyale/BattleRoyale/Intermediate/Shaders/WorkingDirectory/1176/).
[2022.03.09-13.11.32:259][  0]LogShaderCompilers: Cleaned the shader compiler working directory 'C:/Users/atulk/AppData/Local/Temp/UnrealShaderWorkingDir/194D775841CE34BA262E7C9E7821B762/'.
[2022.03.09-13.11.32:259][  0]LogXGEController: Cannot use XGE Controller as Incredibuild is not installed on this machine.
[2022.03.09-13.11.32:259][  0]LogShaderCompilers: Cannot use XGE Shader Compiler as Incredibuild is not installed on this machine.
[2022.03.09-13.11.32:259][  0]LogShaderCompilers: Display: Using Local Shader Compiler.
[2022.03.09-13.11.32:862][  0]LogDerivedDataCache: Display: Max Cache Size: 512 MB
[2022.03.09-13.11.32:909][  0]LogDerivedDataCache: Loaded boot cache 0.05s 95MB C:/Users/atulk/AppData/Local/UnrealEngine/4.27/DerivedDataCache/Boot.ddc.
[2022.03.09-13.11.32:909][  0]LogDerivedDataCache: Display: Loaded Boot cache: C:/Users/atulk/AppData/Local/UnrealEngine/4.27/DerivedDataCache/Boot.ddc
[2022.03.09-13.11.32:909][  0]LogDerivedDataCache: FDerivedDataBackendGraph:  Pak pak cache file ../../../../UnrealProject/BattleRoyale/BattleRoyale/DerivedDataCache/DDC.ddp not found, will not use a pak cache.
[2022.03.09-13.11.32:909][  0]LogDerivedDataCache: Unable to find inner node Pak for hierarchical cache Hierarchy.
[2022.03.09-13.11.32:909][  0]LogDerivedDataCache: FDerivedDataBackendGraph:  CompressedPak pak cache file ../../../../UnrealProject/BattleRoyale/BattleRoyale/DerivedDataCache/Compressed.ddp not found, will not use a pak cache.
[2022.03.09-13.11.32:909][  0]LogDerivedDataCache: Unable to find inner node CompressedPak for hierarchical cache Hierarchy.
[2022.03.09-13.11.32:926][  0]LogDerivedDataCache: Display: Pak cache opened for reading ../../../Engine/DerivedDataCache/Compressed.ddp.
[2022.03.09-13.11.32:926][  0]LogDerivedDataCache: FDerivedDataBackendGraph:  EnterprisePak pak cache file ../../../Enterprise/DerivedDataCache/Compressed.ddp not found, will not use a pak cache.
[2022.03.09-13.11.32:926][  0]LogDerivedDataCache: Unable to find inner node EnterprisePak for hierarchical cache Hierarchy.
[2022.03.09-13.11.32:933][  0]LogDerivedDataCache: Speed tests for C:/Users/atulk/AppData/Local/UnrealEngine/Common/DerivedDataCache took 0.01 seconds
[2022.03.09-13.11.32:933][  0]LogDerivedDataCache: Display: Performance to C:/Users/atulk/AppData/Local/UnrealEngine/Common/DerivedDataCache: Latency=0.03ms. RandomReadSpeed=1642.85MBs, RandomWriteSpeed=140.59MBs. Assigned SpeedClass 'Local'
[2022.03.09-13.11.32:934][  0]LogDerivedDataCache: Using Local data cache path C:/Users/atulk/AppData/Local/UnrealEngine/Common/DerivedDataCache: Writable
[2022.03.09-13.11.32:934][  0]LogDerivedDataCache: Shared data cache path not found in *engine.ini, will not use an Shared cache.
[2022.03.09-13.11.32:934][  0]LogDerivedDataCache: Unable to find inner node Shared for hierarchical cache Hierarchy.
[2022.03.09-13.11.32:976][  0]LogSlate: Using FreeType 2.10.0
[2022.03.09-13.11.32:976][  0]LogSlate: SlateFontServices - WITH_FREETYPE: 1, WITH_HARFBUZZ: 1
[2022.03.09-13.11.32:995][  0]LogAssetRegistry: FAssetRegistry took 0.0025 seconds to start up
[2022.03.09-13.11.33:214][  0]LogInit: Selected Device Profile: [Windows]
[2022.03.09-13.11.33:214][  0]LogInit: Active device profile: [00000168869D4C00][00000168873F3540 49] Windows
[2022.03.09-13.11.33:214][  0]LogInit: Profiles: [00000168869D4C00][00000168873F3540 49] Windows, [00000168869AA200][00000168874016C0 49] WindowsNoEditor, [00000168869D5A00][0000016887405840 49] WindowsServer, [00000168869AAF00][00000168874099C0 49] WindowsClient, [00000168869D6600][000001688740DB40 49] IOS, [00000168869A8E00][0000016887410140 49] iPadAir, [00000168869D4A00][00000168874142C0 49] iPadAir2, [0000016886950F00][00000168873F6540 49] IPadPro, [0000016886951000][0000016887418580 49] iPadAir3, [00000168869AA300][00000168874286C0 49] iPadAir4, [0000016886953500][000001688742C800 49] iPadMini2, [00000168869AB100][0000016887430940 49] iPadMini3, [0000016886953B00][0000016887438AC0 49] iPadMini4, [00000168869AB200][000001688743CC40 49] iPadMini5, [0000016886970800][00000168859B4F00 49] iPhone6, [0000016886970900][00000168859B0F40 49] iPodTouch6, [00000168869D7000][00000168859BD200 49] iPhone7, [00000168869D7100][00000168859B9240 49] iPodTouch7, [0000016886951C00][00000168859C13C0 49] iPhone5S, [0000016886950600][00000168859C5540 49] iPhone6Plus, [0000016886972800][00000168859C96C0 49] iPhone6S, [0000016886951600][00000168859CD840 49] iPhone6SPlus, [0000016886972600][00000168859D19C0 49] iPhone7Plus, [0000016886950A00][00000168859D5B40 49] iPhoneSE, [0000016886972500][00000168859D8140 49] iPhone8, [0000016886951900][00000168859DC2C0 49] iPhone8Plus, [00000168869D6900][00000168859E0440 49] iPhoneX, [0000016886952A00][00000168859E45C0 49] iPhoneXS, [00000168869D6D00][00000168859E8740 49] iPhoneXSMax, [0000016886950C00][0000016887434880 49] iPhoneXR, [00000168869D4100][00000168859EC9C0 49] iPhone11, [0000016886952400][00000168859F0B00 49] iPhone11Pro, [00000168869D6A00][00000168859F8C80 49] iPhone11ProMax, [0000016886950300][00000168859FCE00 49] iPhoneSE2, [00000168869D5600][0000016885A00F80 49] iPhone12Mini, [0000016886953C00][0000016885C31100 49] iPhone12, [00000168869D5400][0000016885C35280 49] iPhone12Pro, [0000016886951400][0000016885C39400 49] iPhone12ProMax, [00000168869D5C00][0000016885C3D580 49] iPadPro105, [0000016886952800][0000016885C41700 49] iPadPro129, [00000168869D4600][0000016885C45880 49] iPadPro97, [0000016886952C00][0000016885C49A00 49] iPadPro2_129, [00000168869D6700][0000016885C4DB80 49] iPad5, [0000016886952600][0000016885C50180 49] iPad6, [00000168869D4700][0000016885C54300 49] iPad7, [0000016886953800][0000016885C58480 49] iPad8, [00000168869D6400][0000016885C5C600 49] iPadPro11, [0000016886950100][0000016885C60780 49] iPadPro2_11, [00000168869D4500][0000016885C64900 49] iPadPro3_129, [0000016886952200][00000168859F4A40 49] iPadPro4_129, [00000168869D7300][0000016885C68B80 49] AppleTV, [0000016886951200][0000016885C6CCC0 49] AppleTV4K, [00000168869D5200][0000016885C74E40 49] TVOS, [0000016886950800][0000016885C78FC0 49] Mac, [00000168869D6200][0000016885C7D140 49] MacClient, [0000016886951500][0000016885C812C0 49] MacNoEditor, [00000168869D5800][0000016885C85440 49] MacServer, [0000016886950D00][0000016885C895C0 49] Linux, [00000168869D6F00][0000016885C8D740 49] LinuxAArch64, [0000016886951700][0000016885C918C0 49] LinuxNoEditor, [00000168869D4300][0000016885C95A40 49] LinuxAArch64NoEditor, [0000016886953A00][0000016885C99BC0 49] LinuxClient, [00000168869D4900][0000016885C9C1C0 49] LinuxAArch64Client, [0000016886952500][0000016885CA0340 49] LinuxServer, [00000168869D6800][00000168875144C0 49] LinuxAArch64Server, [0000016886950700][0000016887518640 49] Android, [00000168869D6300][000001688751C7C0 49] Android_Low, [0000016886953E00][0000016887520940 49] Android_Mid, [00000168869D7E00][0000016887524AC0 49] Android_High, [0000016886953700][0000016885C70C00 49] Android_Default, [00000168869D7D00][0000016887528D40 49] Android_Adreno4xx, [0000016886953900][000001688752CE80 49] Android_Adreno5xx_Low, [00000168869D5500][0000016887530FC0 49] Android_Adreno5xx, [0000016886973900][0000016887539140 49] Android_Adreno6xx, [00000168869A9B00][000001688753D2C0 49] Android_Adreno6xx_Vulkan, [0000016886970F00][0000016887541440 49] Android_Mali_T6xx, [00000168869ABE00][00000168875455C0 49] Android_Mali_T7xx, [0000016886971400][0000016887549740 49] Android_Mali_T8xx, [00000168869A9900][000001688754D8C0 49] Android_Mali_G71, [0000016886970E00][0000016887551A40 49] Android_Mali_G72, [00000168869AB900][0000016887555BC0 49] Android_Mali_G72_Vulkan, [0000016886970400][00000168875581C0 49] Android_Mali_G76, [00000168869ABA00][000001688755C340 49] Android_Mali_G76_Vulkan, [0000016886973400][00000168875604C0 49] Android_Mali_G77, [00000168869AA800][0000016887564640 49] Android_Mali_G77_Vulkan, [0000016886971100][00000168875687C0 49] Android_Mali_G78, [00000168869A9400][000001688756C940 49] Android_Mali_G78_Vulkan, [0000016886973A00][0000016887570AC0 49] Android_Mali_G710, [00000168869A8F00][0000016887574C40 49] Android_Mali_G710_Vulkan, [0000016886971500][0000016887534D80 49] Android_Vulkan_SM5, [00000168869ABB00][0000016887578EC0 49] Android_PowerVR_G6xxx, [0000016886970B00][000001688757D000 49] Android_PowerVR_GT7xxx, [00000168869AB500][0000016887581140 49] Android_PowerVR_GE8xxx, [0000016886972B00][00000168875892C0 49] Android_PowerVR_GM9xxx, [00000168869AB300][000001688758D440 49] Android_PowerVR_GM9xxx_Vulkan, [0000016886970100][00000168875915C0 49] Android_TegraK1, [00000168869AA500][0000016887595740 49] Android_Unknown_Vulkan, [0000016886970D00][00000168875998C0 49] Lumin, [00000168869A9000][000001688759DA40 49] Lumin_Desktop, [0000016886971300][00000168875A1BC0 49] HoloLens, 
[2022.03.09-13.11.33:320][  0]LogMeshReduction: Using QuadricMeshReduction for automatic static mesh reduction
[2022.03.09-13.11.33:320][  0]LogMeshReduction: Using SimplygonMeshReduction for automatic skeletal mesh reduction
[2022.03.09-13.11.33:320][  0]LogMeshReduction: Using ProxyLODMeshReduction for automatic mesh merging
[2022.03.09-13.11.33:320][  0]LogMeshReduction: No distributed automatic mesh merging module available
[2022.03.09-13.11.33:320][  0]LogMeshMerging: No distributed automatic mesh merging module available
[2022.03.09-13.11.33:334][  0]LogNetVersion: BattleRoyale 1.0.0, NetCL: 17155196, EngineNetVer: 17, GameNetVer: 0 (Checksum: 2584255850)
[2022.03.09-13.11.33:651][  0]LogTexture: Default maximum texture size for cubemaps generated from long-lat sources has been changed from 512 to unlimited. In order to preserve old behaiour for '/Engine/MapTemplates/Sky/DaylightAmbientCubemap.DaylightAmbientCubemap', its maximum texture size has been explicitly set to 512.
[2022.03.09-13.11.33:697][  0]LogHMD: PokeAHoleMaterial loaded successfully
[2022.03.09-13.11.33:703][  0]LogUObjectArray: 17178 objects as part of root set at end of initial load.
[2022.03.09-13.11.33:704][  0]LogUObjectAllocator: 4302048 out of 0 bytes used by permanent object pool.
[2022.03.09-13.11.33:704][  0]LogUObjectArray: CloseDisregardForGC: 0/0 objects in disregard for GC pool
[2022.03.09-13.11.33:923][  0]LogNiagaraDebuggerClient: Niagara Debugger Client Initialized | Session: 537279224241B6E89E51DDA177FB15DF | Instance: A800E42C4EE713DF129125811374311A (DESKTOP-SEA1AMH-1176).
[2022.03.09-13.11.34:018][  0]LogPython: Using Python 3.7.7
[2022.03.09-13.11.34:455][  0]LogTcpMessaging: Initializing TcpMessaging bridge
[2022.03.09-13.11.34:469][  0]LogUdpMessaging: Initializing bridge on interface 0.0.0.0:0 to multicast group 230.0.0.1:6666.
[2022.03.09-13.11.34:582][  0]SourceControl: Source control is disabled
[2022.03.09-13.11.34:582][  0]SourceControl: Source control is disabled
[2022.03.09-13.11.34:584][  0]SourceControl: Source control is disabled
[2022.03.09-13.11.34:586][  0]SourceControl: Source control is disabled
[2022.03.09-13.11.34:596][  0]SourceControl: Source control is disabled
[2022.03.09-13.11.34:611][  0]LogUProjectInfo: Found projects:
[2022.03.09-13.11.34:758][  0]LogOpenImageDenoise: OIDN starting up
[2022.03.09-13.11.34:790][  0]LogAndroidPermission: UAndroidPermissionCallbackProxy::GetInstance
[2022.03.09-13.11.34:807][  0]LogAudioCaptureCore: Display: No Audio Capture implementations found. Audio input will be silent.
[2022.03.09-13.11.34:807][  0]LogAudioCaptureCore: Display: No Audio Capture implementations found. Audio input will be silent.
[2022.03.09-13.11.34:903][  0]LogCollectionManager: Loaded 0 collections in 0.001713 seconds
[2022.03.09-13.11.34:925][  0]LogFileCache: Scanning file cache for directory 'C:/UnrealProject/BattleRoyale/BattleRoyale/Saved/Collections/' took 0.00s
[2022.03.09-13.11.34:925][  0]LogFileCache: Scanning file cache for directory 'C:/UnrealProject/BattleRoyale/BattleRoyale/Content/Developers/Dobby/Collections/' took 0.00s
[2022.03.09-13.11.34:925][  0]LogFileCache: Scanning file cache for directory 'C:/UnrealProject/BattleRoyale/BattleRoyale/Content/Collections/' took 0.00s
[2022.03.09-13.11.34:925][  0]LogOcInput: OculusInput pre-init called
[2022.03.09-13.11.35:105][  0]LogEngine: Initializing Engine...
[2022.03.09-13.11.35:143][  0]LogHMD: Failed to enumerate extensions. Please check that you have a valid OpenXR runtime installed.
[2022.03.09-13.11.35:143][  0]LogHMD: Failed to initialize OpenVR with code 100
[2022.03.09-13.11.35:143][  0]LogMagicLeap: Warning: VR disabled because ZI is not enabled.  To enable, in the editor, Edit -> Project Settings -> Plugins -> Magic Leap Plugin -> Enable Zero Iteration
[2022.03.09-13.11.35:144][  0]LogStats: UGameplayTagsManager::InitializeManager -  0.000 s
[2022.03.09-13.11.35:246][  0]LogInit: Initializing FReadOnlyCVARCache
[2022.03.09-13.11.35:253][  0]LogAIModule: Creating AISystem for world Untitled
[2022.03.09-13.11.35:253][  0]LogAudio: Display: Initializing Audio Device Manager...
[2022.03.09-13.11.35:256][  0]LogAudio: Display: Loading Default Audio Settings Objects...
[2022.03.09-13.11.35:256][  0]LogAudio: Display: No default SoundConcurrencyObject specified (or failed to load).
[2022.03.09-13.11.35:257][  0]LogAudio: Display: Audio Device Manager Initialized
[2022.03.09-13.11.35:257][  0]LogAudio: Display: Creating Audio Device:                 Id: 1, Scope: Shared, Realtime: True
[2022.03.09-13.11.35:257][  0]LogAudioMixer: Display: Audio Mixer Platform Settings:
[2022.03.09-13.11.35:257][  0]LogAudioMixer: Display: 	Sample Rate:						  48000
[2022.03.09-13.11.35:257][  0]LogAudioMixer: Display: 	Callback Buffer Frame Size Requested: 1024
[2022.03.09-13.11.35:257][  0]LogAudioMixer: Display: 	Callback Buffer Frame Size To Use:	  1024
[2022.03.09-13.11.35:257][  0]LogAudioMixer: Display: 	Number of buffers to queue:			  2
[2022.03.09-13.11.35:257][  0]LogAudioMixer: Display: 	Max Channels (voices):				  32
[2022.03.09-13.11.35:257][  0]LogAudioMixer: Display: 	Number of Async Source Workers:		  0
[2022.03.09-13.11.35:257][  0]LogAudio: Display: AudioDevice MaxSources: 32
[2022.03.09-13.11.35:257][  0]LogAudio: Display: Audio Spatialization Plugin: None (built-in).
[2022.03.09-13.11.35:257][  0]LogAudio: Display: Audio Reverb Plugin: None (built-in).
[2022.03.09-13.11.35:257][  0]LogAudio: Display: Audio Occlusion Plugin: None (built-in).
[2022.03.09-13.11.35:257][  0]LogAudioMixer: Display: Initializing audio mixer.
[2022.03.09-13.11.35:271][  0]LogAudioMixer: Display: 0: FrontLeft
[2022.03.09-13.11.35:271][  0]LogAudioMixer: Display: 1: FrontRight
[2022.03.09-13.11.35:311][  0]LogAudioMixer: Display: Using Audio Device Headset Earphone (Jabra EVOLVE LINK MS)
[2022.03.09-13.11.35:314][  0]LogAudioMixer: Display: Initializing Sound Submixes...
[2022.03.09-13.11.35:316][  0]LogAudioMixer: Display: Creating Master Submix 'MasterSubmixDefault'
[2022.03.09-13.11.35:316][  0]LogAudioMixer: Display: Creating Master Submix 'MasterReverbSubmixDefault'
[2022.03.09-13.11.35:316][  0]LogAudioMixer: Display: Creating Master Submix 'MasterEQSubmixDefault'
[2022.03.09-13.11.35:316][  0]LogAudioMixer: FMixerPlatformXAudio2::StartAudioStream() called
[2022.03.09-13.11.35:316][  0]LogAudioMixer: Display: Output buffers initialized: Frames=1024, Channels=2, Samples=2048
[2022.03.09-13.11.35:317][  0]LogAudioMixer: Display: Starting AudioMixerPlatformInterface::RunInternal()
[2022.03.09-13.11.35:317][  0]LogAudioMixer: Display: FMixerPlatformXAudio2::SubmitBuffer() called for the first time
[2022.03.09-13.11.35:317][  0]LogInit: FAudioDevice initialized.
[2022.03.09-13.11.35:317][  0]LogAudio: Display: Audio Device (ID: 1) registered with world 'Untitled'.
[2022.03.09-13.11.35:317][  0]LogNetVersion: Set ProjectVersion to 1.0.0.0. Version Checksum will be recalculated on next use.
[2022.03.09-13.11.35:380][  0]LogDerivedDataCache: Saved boot cache 0.06s 95MB C:/Users/atulk/AppData/Local/UnrealEngine/4.27/DerivedDataCache/Boot.ddc.
[2022.03.09-13.11.35:380][  0]LogInit: Texture streaming: Enabled
[2022.03.09-13.11.35:390][  0]LogAnalytics: Display: [UEEditor.Rocket.Release] APIServer = https://datarouter.ol.epicgames.com/. AppVersion = 4.27.2-18319896+++UE4+Release-4.27
[2022.03.09-13.11.35:393][  0]LogEngineSessionManager: EngineSessionManager initialized
[2022.03.09-13.11.35:393][  0]LogEditorSessionSummary: Verbose: Initializing EditorSessionSummaryWriter for editor session tracking
[2022.03.09-13.11.35:394][  0]LogEditorSessionSummary: EditorSessionSummaryWriter initialized
[2022.03.09-13.11.35:409][  0]LogInit: Transaction tracking system initialized
[2022.03.09-13.11.35:426][  0]BlueprintLog: New page: Editor Load
[2022.03.09-13.11.35:486][  0]LocalizationService: Localization service is disabled
[2022.03.09-13.11.35:504][  0]TimingProfiler: Initialize
[2022.03.09-13.11.35:504][  0]TimingProfiler: OnSessionChanged
[2022.03.09-13.11.35:504][  0]LoadingProfiler: Initialize
[2022.03.09-13.11.35:504][  0]LoadingProfiler: OnSessionChanged
[2022.03.09-13.11.35:504][  0]NetworkingProfiler: Initialize
[2022.03.09-13.11.35:504][  0]NetworkingProfiler: OnSessionChanged
[2022.03.09-13.11.35:504][  0]MemoryProfiler: Initialize
[2022.03.09-13.11.35:504][  0]MemoryProfiler: OnSessionChanged
[2022.03.09-13.11.35:638][  0]LogCook: Display: CookSettings for Memory: MemoryMaxUsedVirtual 0MiB, MemoryMaxUsedPhysical 16384MiB, MemoryMinFreeVirtual 0MiB, MemoryMinFreePhysical 1024MiB
[2022.03.09-13.11.35:638][  0]LogCook: Display: Mobile HDR setting 1
[2022.03.09-13.11.35:794][  0]LogFileCache: Scanning file cache for directory 'C:/UnrealProject/BattleRoyale/BattleRoyale/Content/' took 0.00s
[2022.03.09-13.11.35:921][  0]LogInit: Display: Engine is initialized. Leaving FEngineLoop::Init()
[2022.03.09-13.11.35:925][  0]SourceControl: Source control is disabled
[2022.03.09-13.11.35:925][  0]LogUnrealEdMisc: Loading editor; pre map load, took 6.270
[2022.03.09-13.11.35:925][  0]Cmd: MAP LOAD FILE="../../../../UnrealProject/BattleRoyale/BattleRoyale/Content/FirstPersonBP/Maps/FirstPersonExampleMap.umap" TEMPLATE=0 SHOWPROGRESS=1 FEATURELEVEL=3
[2022.03.09-13.11.35:925][  0]LightingResults: New page: Lighting Build
[2022.03.09-13.11.35:926][  0]LogWorld: UWorld::CleanupWorld for Untitled, bSessionEnded=true, bCleanupResources=true
[2022.03.09-13.11.35:927][  0]LogSlate: InvalidateAllWidgets triggered.  All widgets were invalidated
[2022.03.09-13.11.35:927][  0]MapCheck: New page: Map Check
[2022.03.09-13.11.35:927][  0]LightingResults: New page: Lighting Build
[2022.03.09-13.11.35:935][  0]LogAudio: Display: Audio Device unregistered from world 'None'.
[2022.03.09-13.11.35:937][  0]LogUObjectHash: Compacting FUObjectHashTables data took   0.81ms
[2022.03.09-13.11.36:155][  0]LogTexture: Display: Building textures: HQ_Lightmap1_5 (OODLE_AutoDXT, 64X64)
[2022.03.09-13.11.36:155][  0]LogTexture: Display: Building textures: LQ_Lightmap_1_5 (OODLE_DXT1, 64X64)
[2022.03.09-13.11.36:155][  0]LogTexture: Display: Building textures: SkyOcclusion1_5 (OODLE_AutoDXT, 64X32)
[2022.03.09-13.11.36:155][  0]LogTexture: Display: Building textures: ShadowMapTexture2D_10 (G8, 1024X1024)
[2022.03.09-13.11.36:155][  0]LogTexture: Display: Building textures: ShadowMapTexture2D_11 (G8, 1024X1024)
[2022.03.09-13.11.36:155][  0]LogTexture: Display: Building textures: SkyOcclusion1_4 (OODLE_AutoDXT, 2048X1024)
[2022.03.09-13.11.36:155][  0]LogTexture: Display: Building textures: SkyOcclusion1_3 (OODLE_AutoDXT, 2048X1024)
[2022.03.09-13.11.36:155][  0]LogTexture: Display: Building textures: SkyOcclusion1_2 (OODLE_AutoDXT, 2048X1024)
[2022.03.09-13.11.36:155][  0]LogTexture: Display: Building textures: SkyOcclusion1_1 (OODLE_AutoDXT, 2048X1024)
[2022.03.09-13.11.36:155][  0]LogTextureFormatOodle: Display: non-RDO encode 2048 x 1024 x 1 to format OODLE_AutoDXT (Oodle OodleTex_BC3) lambda=0 effort=20 
[2022.03.09-13.11.36:155][  0]LogTextureFormatOodle: Display: non-RDO encode 2048 x 1024 x 1 to format OODLE_AutoDXT (Oodle OodleTex_BC3) lambda=0 effort=20 
[2022.03.09-13.11.36:155][  0]LogTextureFormatOodle: Display: non-RDO encode 2048 x 1024 x 1 to format OODLE_AutoDXT (Oodle OodleTex_BC3) lambda=0 effort=20 
[2022.03.09-13.11.36:155][  0]LogTexture: Display: Building textures: LQ_Lightmap_1_2 (OODLE_DXT1, 2048X2048)
[2022.03.09-13.11.36:155][  0]LogTexture: Display: Building textures: ShadowMapTexture2D_12 (G8, 1024X1024)
[2022.03.09-13.11.36:155][  0]LogTexture: Display: Building textures: LQ_Lightmap_1_3 (OODLE_DXT1, 2048X2048)
[2022.03.09-13.11.36:155][  0]LogTexture: Display: Building textures: HQ_Lightmap1_4 (OODLE_AutoDXT, 2048X2048)
[2022.03.09-13.11.36:155][  0]LogTextureFormatOodle: Display: non-RDO encode 2048 x 1024 x 1 to format OODLE_AutoDXT (Oodle OodleTex_BC3) lambda=0 effort=20 
[2022.03.09-13.11.36:155][  0]LogTextureFormatOodle: Display: non-RDO encode 1024 x 512 x 1 to format OODLE_AutoDXT (Oodle OodleTex_BC3) lambda=0 effort=20 
[2022.03.09-13.11.36:155][  0]LogTexture: Display: Building textures: DeprecatedTexture4E9A31EC459F824B7293D9A5960F381F (BGRA8, 128X128)
[2022.03.09-13.11.36:562][  0]LogTexture: Display: Building textures: HQ_Lightmap1_2 (OODLE_AutoDXT, 2048X2048)
[2022.03.09-13.11.36:562][  0]LogTexture: Display: Building textures: HQ_Lightmap1_3 (OODLE_AutoDXT, 2048X2048)
[2022.03.09-13.11.36:562][  0]LogTexture: Display: Building textures: LQ_Lightmap_1_1 (OODLE_DXT1, 2048X2048)
[2022.03.09-13.11.36:562][  0]LogTexture: Display: Building textures: LQ_Lightmap_1_4 (OODLE_DXT1, 2048X2048)
[2022.03.09-13.11.36:562][  0]LogTextureFormatOodle: Display: non-RDO encode 1024 x 512 x 1 to format OODLE_AutoDXT (Oodle OodleTex_BC3) lambda=0 effort=20 
[2022.03.09-13.11.36:562][  0]LogTextureFormatOodle: Display: non-RDO encode 1024 x 512 x 1 to format OODLE_AutoDXT (Oodle OodleTex_BC3) lambda=0 effort=20 
[2022.03.09-13.11.36:562][  0]LogTextureFormatOodle: Display: non-RDO encode 1024 x 512 x 1 to format OODLE_AutoDXT (Oodle OodleTex_BC3) lambda=0 effort=20 
[2022.03.09-13.11.36:562][  0]LogTextureFormatOodle: Display: non-RDO encode 2048 x 2048 x 1 to format OODLE_DXT1 (Oodle OodleTex_BC1_WithTransparency) lambda=0 effort=20 
[2022.03.09-13.11.36:562][  0]LogTexture: Display: Building textures: ShadowMapTexture2D_13 (G8, 1024X1024)
[2022.03.09-13.11.36:562][  0]LogTexture: Display: Building textures: HQ_Lightmap1_1 (OODLE_AutoDXT, 2048X2048)
[2022.03.09-13.11.36:562][  0]LogTextureFormatOodle: Display: non-RDO encode 2048 x 2048 x 1 to format OODLE_AutoDXT (Oodle OodleTex_BC3) lambda=0 effort=20 
[2022.03.09-13.11.36:562][  0]LogTexture: Display: Building textures: ShadowMapTexture2D_14 (G8, 1024X1024)
[2022.03.09-13.11.36:562][  0]LogTexture: Display: Building textures: ShadowMapTexture2D_15 (G8, 32X32)
[2022.03.09-13.11.36:562][  0]LogTexture: Display: Building textures: ShadowMapTexture2D_8 (G8, 1024X1024)
[2022.03.09-13.11.36:562][  0]LogTexture: Display: Building textures: ShadowMapTexture2D_9 (G8, 1024X1024)
[2022.03.09-13.11.36:562][  0]LogTextureFormatOodle: Display: non-RDO encode 2048 x 2048 x 1 to format OODLE_AutoDXT (Oodle OodleTex_BC3) lambda=0 effort=20 
[2022.03.09-13.11.36:562][  0]LogTextureFormatOodle: Display: non-RDO encode 2048 x 2048 x 1 to format OODLE_DXT1 (Oodle OodleTex_BC1_WithTransparency) lambda=0 effort=20 
[2022.03.09-13.11.36:562][  0]LogTextureFormatOodle: Display: non-RDO encode 2048 x 2048 x 1 to format OODLE_AutoDXT (Oodle OodleTex_BC3) lambda=0 effort=20 
[2022.03.09-13.11.36:562][  0]LogTextureFormatOodle: Display: non-RDO encode 2048 x 2048 x 1 to format OODLE_AutoDXT (Oodle OodleTex_BC3) lambda=0 effort=20 
[2022.03.09-13.11.36:562][  0]LogTextureFormatOodle: Display: non-RDO encode 1024 x 1024 x 1 to format OODLE_DXT1 (Oodle OodleTex_BC1_WithTransparency) lambda=0 effort=20 
[2022.03.09-13.11.36:562][  0]LogTextureFormatOodle: Display: non-RDO encode 1024 x 1024 x 1 to format OODLE_AutoDXT (Oodle OodleTex_BC3) lambda=0 effort=20 
[2022.03.09-13.11.36:562][  0]LogTextureFormatOodle: Display: non-RDO encode 2048 x 2048 x 1 to format OODLE_DXT1 (Oodle OodleTex_BC1_WithTransparency) lambda=0 effort=20 
[2022.03.09-13.11.36:562][  0]LogTextureFormatOodle: Display: non-RDO encode 1024 x 1024 x 1 to format OODLE_DXT1 (Oodle OodleTex_BC1_WithTransparency) lambda=0 effort=20 
[2022.03.09-13.11.36:562][  0]LogTextureFormatOodle: Display: non-RDO encode 1024 x 1024 x 1 to format OODLE_AutoDXT (Oodle OodleTex_BC3) lambda=0 effort=20 
[2022.03.09-13.11.36:562][  0]LogTextureFormatOodle: Display: non-RDO encode 1024 x 1024 x 1 to format OODLE_AutoDXT (Oodle OodleTex_BC3) lambda=0 effort=20 
[2022.03.09-13.11.36:562][  0]LogTextureFormatOodle: Display: non-RDO encode 2048 x 2048 x 1 to format OODLE_DXT1 (Oodle OodleTex_BC1_WithTransparency) lambda=0 effort=20 
[2022.03.09-13.11.36:563][  0]LogTextureFormatOodle: Display: non-RDO encode 1024 x 1024 x 1 to format OODLE_AutoDXT (Oodle OodleTex_BC3) lambda=0 effort=20 
[2022.03.09-13.11.36:563][  0]LogTextureFormatOodle: Display: non-RDO encode 1024 x 1024 x 1 to format OODLE_DXT1 (Oodle OodleTex_BC1_WithTransparency) lambda=0 effort=20 
[2022.03.09-13.11.36:563][  0]LogTextureFormatOodle: Display: non-RDO encode 1024 x 1024 x 1 to format OODLE_DXT1 (Oodle OodleTex_BC1_WithTransparency) lambda=0 effort=20 
[2022.03.09-13.11.36:574][  0]LogAudio: Display: Audio Device (ID: 1) registered with world 'FirstPersonExampleMap'.
[2022.03.09-13.11.36:575][  0]LogAIModule: Creating AISystem for world FirstPersonExampleMap
[2022.03.09-13.11.36:585][  0]LogEditorServer: Finished looking for orphan Actors (0.000 secs)
[2022.03.09-13.11.36:592][  0]LogUObjectHash: Compacting FUObjectHashTables data took   0.87ms
[2022.03.09-13.11.36:606][  0]Cmd: MAP CHECKDEP NOCLEARLOG
[2022.03.09-13.11.36:606][  0]MapCheck: Map check complete: 0 Error(s), 0 Warning(s), took 0.155ms to complete.
[2022.03.09-13.11.36:607][  0]LogFileHelpers: Loading map 'FirstPersonExampleMap' took 0.681
[2022.03.09-13.11.36:608][  0]LogUnrealEdMisc: Total Editor Startup Time, took 6.953
[2022.03.09-13.11.36:712][  0]LogSlate: Updating window title bar state: overlay mode, drag disabled, window buttons hidden, title bar hidden
[2022.03.09-13.11.36:717][  0]LogSlate: Updating window title bar state: overlay mode, drag disabled, window buttons hidden, title bar hidden
[2022.03.09-13.11.36:721][  0]LogSlate: Updating window title bar state: overlay mode, drag disabled, window buttons hidden, title bar hidden
[2022.03.09-13.11.36:726][  0]LogSlate: Updating window title bar state: overlay mode, drag disabled, window buttons hidden, title bar hidden
[2022.03.09-13.11.36:753][  0]LogNativeClassHierarchy: Verbose: Native class hierarchy populated in 0.0100 seconds. Added 3822 classes and 928 folders.
[2022.03.09-13.11.36:756][  0]LogNativeClassHierarchy: Verbose: Native class hierarchy updated for 'WidgetCarousel' in 0.0002 seconds. Added 0 classes and 0 folders.
[2022.03.09-13.11.36:758][  0]LogPakFile: PakFile PrimaryIndexSize=187
[2022.03.09-13.11.36:758][  0]LogPakFile: PakFile PathHashIndexSize=101
[2022.03.09-13.11.36:758][  0]LogPakFile: PakFile FullDirectoryIndexSize=148
[2022.03.09-13.11.36:758][  0]LogShaderLibrary: Display: ShaderCodeLibraryPakFileMountedCallback: PakFile 'C:/UE_4.27/FeaturePacks/FP_FirstPerson.upack' (chunk index -1, root 'root:/') mounted
[2022.03.09-13.11.36:758][  0]LogShaderLibrary: Display: ShaderCodeLibraryPakFileMountedCallback: pending pak file info (ChunkID:-1 Root:root:/ File:C:/UE_4.27/FeaturePacks/FP_FirstPerson.upack)
[2022.03.09-13.11.36:758][  0]LogPakFile: OnPakFileMounted2Time == 0.000050
[2022.03.09-13.11.36:758][  0]LogPakFile: PakFile PrimaryIndexSize=189
[2022.03.09-13.11.36:758][  0]LogPakFile: PakFile PathHashIndexSize=101
[2022.03.09-13.11.36:758][  0]LogPakFile: PakFile FullDirectoryIndexSize=152
[2022.03.09-13.11.36:758][  0]LogShaderLibrary: Display: ShaderCodeLibraryPakFileMountedCallback: PakFile 'C:/UE_4.27/FeaturePacks/FP_FirstPersonBP.upack' (chunk index -1, root 'root:/') mounted
[2022.03.09-13.11.36:758][  0]LogShaderLibrary: Display: ShaderCodeLibraryPakFileMountedCallback: pending pak file info (ChunkID:-1 Root:root:/ File:C:/UE_4.27/FeaturePacks/FP_FirstPersonBP.upack)
[2022.03.09-13.11.36:758][  0]LogPakFile: OnPakFileMounted2Time == 0.000030
[2022.03.09-13.11.36:759][  0]LogPakFile: PakFile PrimaryIndexSize=191
[2022.03.09-13.11.36:759][  0]LogPakFile: PakFile PathHashIndexSize=101
[2022.03.09-13.11.36:759][  0]LogPakFile: PakFile FullDirectoryIndexSize=160
[2022.03.09-13.11.36:759][  0]LogShaderLibrary: Display: ShaderCodeLibraryPakFileMountedCallback: PakFile 'C:/UE_4.27/FeaturePacks/MobileStarterContent.upack' (chunk index -1, root 'root:/') mounted
[2022.03.09-13.11.36:759][  0]LogShaderLibrary: Display: ShaderCodeLibraryPakFileMountedCallback: pending pak file info (ChunkID:-1 Root:root:/ File:C:/UE_4.27/FeaturePacks/MobileStarterContent.upack)
[2022.03.09-13.11.36:759][  0]LogPakFile: OnPakFileMounted2Time == 0.000027
[2022.03.09-13.11.36:759][  0]LogPakFile: PakFile PrimaryIndexSize=185
[2022.03.09-13.11.36:759][  0]LogPakFile: PakFile PathHashIndexSize=101
[2022.03.09-13.11.36:759][  0]LogPakFile: PakFile FullDirectoryIndexSize=148
[2022.03.09-13.11.36:759][  0]LogShaderLibrary: Display: ShaderCodeLibraryPakFileMountedCallback: PakFile 'C:/UE_4.27/FeaturePacks/StarterContent.upack' (chunk index -1, root 'root:/') mounted
[2022.03.09-13.11.36:759][  0]LogShaderLibrary: Display: ShaderCodeLibraryPakFileMountedCallback: pending pak file info (ChunkID:-1 Root:root:/ File:C:/UE_4.27/FeaturePacks/StarterContent.upack)
[2022.03.09-13.11.36:759][  0]LogPakFile: OnPakFileMounted2Time == 0.000027
[2022.03.09-13.11.36:760][  0]LogPakFile: PakFile PrimaryIndexSize=190
[2022.03.09-13.11.36:760][  0]LogPakFile: PakFile PathHashIndexSize=101
[2022.03.09-13.11.36:760][  0]LogPakFile: PakFile FullDirectoryIndexSize=154
[2022.03.09-13.11.36:760][  0]LogShaderLibrary: Display: ShaderCodeLibraryPakFileMountedCallback: PakFile 'C:/UE_4.27/FeaturePacks/TP_2DSideScroller.upack' (chunk index -1, root 'root:/') mounted
[2022.03.09-13.11.36:760][  0]LogShaderLibrary: Display: ShaderCodeLibraryPakFileMountedCallback: pending pak file info (ChunkID:-1 Root:root:/ File:C:/UE_4.27/FeaturePacks/TP_2DSideScroller.upack)
[2022.03.09-13.11.36:760][  0]LogPakFile: OnPakFileMounted2Time == 0.000030
[2022.03.09-13.11.36:760][  0]LogPakFile: PakFile PrimaryIndexSize=192
[2022.03.09-13.11.36:760][  0]LogPakFile: PakFile PathHashIndexSize=101
[2022.03.09-13.11.36:760][  0]LogPakFile: PakFile FullDirectoryIndexSize=158
[2022.03.09-13.11.36:760][  0]LogShaderLibrary: Display: ShaderCodeLibraryPakFileMountedCallback: PakFile 'C:/UE_4.27/FeaturePacks/TP_2DSideScrollerBP.upack' (chunk index -1, root 'root:/') mounted
[2022.03.09-13.11.36:760][  0]LogShaderLibrary: Display: ShaderCodeLibraryPakFileMountedCallback: pending pak file info (ChunkID:-1 Root:root:/ File:C:/UE_4.27/FeaturePacks/TP_2DSideScrollerBP.upack)
[2022.03.09-13.11.36:760][  0]LogPakFile: OnPakFileMounted2Time == 0.000026
[2022.03.09-13.11.36:761][  0]LogPakFile: PakFile PrimaryIndexSize=182
[2022.03.09-13.11.36:761][  0]LogPakFile: PakFile PathHashIndexSize=101
[2022.03.09-13.11.36:761][  0]LogPakFile: PakFile FullDirectoryIndexSize=138
[2022.03.09-13.11.36:761][  0]LogShaderLibrary: Display: ShaderCodeLibraryPakFileMountedCallback: PakFile 'C:/UE_4.27/FeaturePacks/TP_Flying.upack' (chunk index -1, root 'root:/') mounted
[2022.03.09-13.11.36:761][  0]LogShaderLibrary: Display: ShaderCodeLibraryPakFileMountedCallback: pending pak file info (ChunkID:-1 Root:root:/ File:C:/UE_4.27/FeaturePacks/TP_Flying.upack)
[2022.03.09-13.11.36:761][  0]LogPakFile: OnPakFileMounted2Time == 0.000026
[2022.03.09-13.11.36:761][  0]LogPakFile: PakFile PrimaryIndexSize=184
[2022.03.09-13.11.36:761][  0]LogPakFile: PakFile PathHashIndexSize=101
[2022.03.09-13.11.36:761][  0]LogPakFile: PakFile FullDirectoryIndexSize=142
[2022.03.09-13.11.36:761][  0]LogShaderLibrary: Display: ShaderCodeLibraryPakFileMountedCallback: PakFile 'C:/UE_4.27/FeaturePacks/TP_FlyingBP.upack' (chunk index -1, root 'root:/') mounted
[2022.03.09-13.11.36:761][  0]LogShaderLibrary: Display: ShaderCodeLibraryPakFileMountedCallback: pending pak file info (ChunkID:-1 Root:root:/ File:C:/UE_4.27/FeaturePacks/TP_FlyingBP.upack)
[2022.03.09-13.11.36:761][  0]LogPakFile: OnPakFileMounted2Time == 0.000025
[2022.03.09-13.11.36:762][  0]LogPakFile: PakFile PrimaryIndexSize=188
[2022.03.09-13.11.36:762][  0]LogPakFile: PakFile PathHashIndexSize=101
[2022.03.09-13.11.36:762][  0]LogPakFile: PakFile FullDirectoryIndexSize=150
[2022.03.09-13.11.36:762][  0]LogShaderLibrary: Display: ShaderCodeLibraryPakFileMountedCallback: PakFile 'C:/UE_4.27/FeaturePacks/TP_HandheldARBP.upack' (chunk index -1, root 'root:/') mounted
[2022.03.09-13.11.36:762][  0]LogShaderLibrary: Display: ShaderCodeLibraryPakFileMountedCallback: pending pak file info (ChunkID:-1 Root:root:/ File:C:/UE_4.27/FeaturePacks/TP_HandheldARBP.upack)
[2022.03.09-13.11.36:762][  0]LogPakFile: OnPakFileMounted2Time == 0.000025
[2022.03.09-13.11.36:762][  0]LogPakFile: PakFile PrimaryIndexSize=182
[2022.03.09-13.11.36:762][  0]LogPakFile: PakFile PathHashIndexSize=101
[2022.03.09-13.11.36:762][  0]LogPakFile: PakFile FullDirectoryIndexSize=138
[2022.03.09-13.11.36:762][  0]LogShaderLibrary: Display: ShaderCodeLibraryPakFileMountedCallback: PakFile 'C:/UE_4.27/FeaturePacks/TP_Puzzle.upack' (chunk index -1, root 'root:/') mounted
[2022.03.09-13.11.36:762][  0]LogShaderLibrary: Display: ShaderCodeLibraryPakFileMountedCallback: pending pak file info (ChunkID:-1 Root:root:/ File:C:/UE_4.27/FeaturePacks/TP_Puzzle.upack)
[2022.03.09-13.11.36:762][  0]LogPakFile: OnPakFileMounted2Time == 0.000025
[2022.03.09-13.11.36:763][  0]LogPakFile: PakFile PrimaryIndexSize=184
[2022.03.09-13.11.36:763][  0]LogPakFile: PakFile PathHashIndexSize=101
[2022.03.09-13.11.36:763][  0]LogPakFile: PakFile FullDirectoryIndexSize=142
[2022.03.09-13.11.36:763][  0]LogShaderLibrary: Display: ShaderCodeLibraryPakFileMountedCallback: PakFile 'C:/UE_4.27/FeaturePacks/TP_PuzzleBP.upack' (chunk index -1, root 'root:/') mounted
[2022.03.09-13.11.36:763][  0]LogShaderLibrary: Display: ShaderCodeLibraryPakFileMountedCallback: pending pak file info (ChunkID:-1 Root:root:/ File:C:/UE_4.27/FeaturePacks/TP_PuzzleBP.upack)
[2022.03.09-13.11.36:763][  0]LogPakFile: OnPakFileMounted2Time == 0.000026
[2022.03.09-13.11.36:763][  0]LogPakFile: PakFile PrimaryIndexSize=183
[2022.03.09-13.11.36:763][  0]LogPakFile: PakFile PathHashIndexSize=101
[2022.03.09-13.11.36:763][  0]LogPakFile: PakFile FullDirectoryIndexSize=140
[2022.03.09-13.11.36:763][  0]LogShaderLibrary: Display: ShaderCodeLibraryPakFileMountedCallback: PakFile 'C:/UE_4.27/FeaturePacks/TP_Rolling.upack' (chunk index -1, root 'root:/') mounted
[2022.03.09-13.11.36:763][  0]LogShaderLibrary: Display: ShaderCodeLibraryPakFileMountedCallback: pending pak file info (ChunkID:-1 Root:root:/ File:C:/UE_4.27/FeaturePacks/TP_Rolling.upack)
[2022.03.09-13.11.36:763][  0]LogPakFile: OnPakFileMounted2Time == 0.000027
[2022.03.09-13.11.36:764][  0]LogPakFile: PakFile PrimaryIndexSize=185
[2022.03.09-13.11.36:764][  0]LogPakFile: PakFile PathHashIndexSize=101
[2022.03.09-13.11.36:764][  0]LogPakFile: PakFile FullDirectoryIndexSize=144
[2022.03.09-13.11.36:764][  0]LogShaderLibrary: Display: ShaderCodeLibraryPakFileMountedCallback: PakFile 'C:/UE_4.27/FeaturePacks/TP_RollingBP.upack' (chunk index -1, root 'root:/') mounted
[2022.03.09-13.11.36:764][  0]LogShaderLibrary: Display: ShaderCodeLibraryPakFileMountedCallback: pending pak file info (ChunkID:-1 Root:root:/ File:C:/UE_4.27/FeaturePacks/TP_RollingBP.upack)
[2022.03.09-13.11.36:764][  0]LogPakFile: OnPakFileMounted2Time == 0.000025
[2022.03.09-13.11.36:764][  0]LogPakFile: PakFile PrimaryIndexSize=188
[2022.03.09-13.11.36:764][  0]LogPakFile: PakFile PathHashIndexSize=101
[2022.03.09-13.11.36:764][  0]LogPakFile: PakFile FullDirectoryIndexSize=150
[2022.03.09-13.11.36:764][  0]LogShaderLibrary: Display: ShaderCodeLibraryPakFileMountedCallback: PakFile 'C:/UE_4.27/FeaturePacks/TP_SideScroller.upack' (chunk index -1, root 'root:/') mounted
[2022.03.09-13.11.36:764][  0]LogShaderLibrary: Display: ShaderCodeLibraryPakFileMountedCallback: pending pak file info (ChunkID:-1 Root:root:/ File:C:/UE_4.27/FeaturePacks/TP_SideScroller.upack)
[2022.03.09-13.11.36:764][  0]LogPakFile: OnPakFileMounted2Time == 0.000025
[2022.03.09-13.11.36:765][  0]LogPakFile: PakFile PrimaryIndexSize=190
[2022.03.09-13.11.36:765][  0]LogPakFile: PakFile PathHashIndexSize=101
[2022.03.09-13.11.36:765][  0]LogPakFile: PakFile FullDirectoryIndexSize=154
[2022.03.09-13.11.36:765][  0]LogShaderLibrary: Display: ShaderCodeLibraryPakFileMountedCallback: PakFile 'C:/UE_4.27/FeaturePacks/TP_SideScrollerBP.upack' (chunk index -1, root 'root:/') mounted
[2022.03.09-13.11.36:765][  0]LogShaderLibrary: Display: ShaderCodeLibraryPakFileMountedCallback: pending pak file info (ChunkID:-1 Root:root:/ File:C:/UE_4.27/FeaturePacks/TP_SideScrollerBP.upack)
[2022.03.09-13.11.36:765][  0]LogPakFile: OnPakFileMounted2Time == 0.000026
[2022.03.09-13.11.36:765][  0]LogPakFile: PakFile PrimaryIndexSize=187
[2022.03.09-13.11.36:765][  0]LogPakFile: PakFile PathHashIndexSize=101
[2022.03.09-13.11.36:765][  0]LogPakFile: PakFile FullDirectoryIndexSize=148
[2022.03.09-13.11.36:765][  0]LogShaderLibrary: Display: ShaderCodeLibraryPakFileMountedCallback: PakFile 'C:/UE_4.27/FeaturePacks/TP_ThirdPerson.upack' (chunk index -1, root 'root:/') mounted
[2022.03.09-13.11.36:765][  0]LogShaderLibrary: Display: ShaderCodeLibraryPakFileMountedCallback: pending pak file info (ChunkID:-1 Root:root:/ File:C:/UE_4.27/FeaturePacks/TP_ThirdPerson.upack)
[2022.03.09-13.11.36:765][  0]LogPakFile: OnPakFileMounted2Time == 0.000028
[2022.03.09-13.11.36:766][  0]LogPakFile: PakFile PrimaryIndexSize=189
[2022.03.09-13.11.36:766][  0]LogPakFile: PakFile PathHashIndexSize=101
[2022.03.09-13.11.36:766][  0]LogPakFile: PakFile FullDirectoryIndexSize=152
[2022.03.09-13.11.36:766][  0]LogShaderLibrary: Display: ShaderCodeLibraryPakFileMountedCallback: PakFile 'C:/UE_4.27/FeaturePacks/TP_ThirdPersonBP.upack' (chunk index -1, root 'root:/') mounted
[2022.03.09-13.11.36:766][  0]LogShaderLibrary: Display: ShaderCodeLibraryPakFileMountedCallback: pending pak file info (ChunkID:-1 Root:root:/ File:C:/UE_4.27/FeaturePacks/TP_ThirdPersonBP.upack)
[2022.03.09-13.11.36:766][  0]LogPakFile: OnPakFileMounted2Time == 0.000025
[2022.03.09-13.11.36:766][  0]LogPakFile: PakFile PrimaryIndexSize=183
[2022.03.09-13.11.36:766][  0]LogPakFile: PakFile PathHashIndexSize=101
[2022.03.09-13.11.36:766][  0]LogPakFile: PakFile FullDirectoryIndexSize=140
[2022.03.09-13.11.36:766][  0]LogShaderLibrary: Display: ShaderCodeLibraryPakFileMountedCallback: PakFile 'C:/UE_4.27/FeaturePacks/TP_TopDown.upack' (chunk index -1, root 'root:/') mounted
[2022.03.09-13.11.36:766][  0]LogShaderLibrary: Display: ShaderCodeLibraryPakFileMountedCallback: pending pak file info (ChunkID:-1 Root:root:/ File:C:/UE_4.27/FeaturePacks/TP_TopDown.upack)
[2022.03.09-13.11.36:766][  0]LogPakFile: OnPakFileMounted2Time == 0.000030
[2022.03.09-13.11.36:767][  0]LogPakFile: PakFile PrimaryIndexSize=185
[2022.03.09-13.11.36:767][  0]LogPakFile: PakFile PathHashIndexSize=101
[2022.03.09-13.11.36:767][  0]LogPakFile: PakFile FullDirectoryIndexSize=144
[2022.03.09-13.11.36:767][  0]LogShaderLibrary: Display: ShaderCodeLibraryPakFileMountedCallback: PakFile 'C:/UE_4.27/FeaturePacks/TP_TopDownBP.upack' (chunk index -1, root 'root:/') mounted
[2022.03.09-13.11.36:767][  0]LogShaderLibrary: Display: ShaderCodeLibraryPakFileMountedCallback: pending pak file info (ChunkID:-1 Root:root:/ File:C:/UE_4.27/FeaturePacks/TP_TopDownBP.upack)
[2022.03.09-13.11.36:767][  0]LogPakFile: OnPakFileMounted2Time == 0.000026
[2022.03.09-13.11.36:767][  0]LogPakFile: PakFile PrimaryIndexSize=185
[2022.03.09-13.11.36:767][  0]LogPakFile: PakFile PathHashIndexSize=101
[2022.03.09-13.11.36:767][  0]LogPakFile: PakFile FullDirectoryIndexSize=144
[2022.03.09-13.11.36:767][  0]LogShaderLibrary: Display: ShaderCodeLibraryPakFileMountedCallback: PakFile 'C:/UE_4.27/FeaturePacks/TP_TwinStick.upack' (chunk index -1, root 'root:/') mounted
[2022.03.09-13.11.36:767][  0]LogShaderLibrary: Display: ShaderCodeLibraryPakFileMountedCallback: pending pak file info (ChunkID:-1 Root:root:/ File:C:/UE_4.27/FeaturePacks/TP_TwinStick.upack)
[2022.03.09-13.11.36:767][  0]LogPakFile: OnPakFileMounted2Time == 0.000026
[2022.03.09-13.11.36:768][  0]LogPakFile: PakFile PrimaryIndexSize=187
[2022.03.09-13.11.36:768][  0]LogPakFile: PakFile PathHashIndexSize=101
[2022.03.09-13.11.36:768][  0]LogPakFile: PakFile FullDirectoryIndexSize=148
[2022.03.09-13.11.36:768][  0]LogShaderLibrary: Display: ShaderCodeLibraryPakFileMountedCallback: PakFile 'C:/UE_4.27/FeaturePacks/TP_TwinStickBP.upack' (chunk index -1, root 'root:/') mounted
[2022.03.09-13.11.36:768][  0]LogShaderLibrary: Display: ShaderCodeLibraryPakFileMountedCallback: pending pak file info (ChunkID:-1 Root:root:/ File:C:/UE_4.27/FeaturePacks/TP_TwinStickBP.upack)
[2022.03.09-13.11.36:768][  0]LogPakFile: OnPakFileMounted2Time == 0.000025
[2022.03.09-13.11.36:768][  0]LogPakFile: PakFile PrimaryIndexSize=183
[2022.03.09-13.11.36:768][  0]LogPakFile: PakFile PathHashIndexSize=101
[2022.03.09-13.11.36:768][  0]LogPakFile: PakFile FullDirectoryIndexSize=140
[2022.03.09-13.11.36:768][  0]LogShaderLibrary: Display: ShaderCodeLibraryPakFileMountedCallback: PakFile 'C:/UE_4.27/FeaturePacks/TP_Vehicle.upack' (chunk index -1, root 'root:/') mounted
[2022.03.09-13.11.36:768][  0]LogShaderLibrary: Display: ShaderCodeLibraryPakFileMountedCallback: pending pak file info (ChunkID:-1 Root:root:/ File:C:/UE_4.27/FeaturePacks/TP_Vehicle.upack)
[2022.03.09-13.11.36:768][  0]LogPakFile: OnPakFileMounted2Time == 0.000028
[2022.03.09-13.11.36:769][  0]LogPakFile: PakFile PrimaryIndexSize=186
[2022.03.09-13.11.36:769][  0]LogPakFile: PakFile PathHashIndexSize=101
[2022.03.09-13.11.36:769][  0]LogPakFile: PakFile FullDirectoryIndexSize=146
[2022.03.09-13.11.36:769][  0]LogShaderLibrary: Display: ShaderCodeLibraryPakFileMountedCallback: PakFile 'C:/UE_4.27/FeaturePacks/TP_VehicleAdv.upack' (chunk index -1, root 'root:/') mounted
[2022.03.09-13.11.36:769][  0]LogShaderLibrary: Display: ShaderCodeLibraryPakFileMountedCallback: pending pak file info (ChunkID:-1 Root:root:/ File:C:/UE_4.27/FeaturePacks/TP_VehicleAdv.upack)
[2022.03.09-13.11.36:769][  0]LogPakFile: OnPakFileMounted2Time == 0.000025
[2022.03.09-13.11.36:769][  0]LogPakFile: PakFile PrimaryIndexSize=188
[2022.03.09-13.11.36:769][  0]LogPakFile: PakFile PathHashIndexSize=101
[2022.03.09-13.11.36:769][  0]LogPakFile: PakFile FullDirectoryIndexSize=150
[2022.03.09-13.11.36:769][  0]LogShaderLibrary: Display: ShaderCodeLibraryPakFileMountedCallback: PakFile 'C:/UE_4.27/FeaturePacks/TP_VehicleAdvBP.upack' (chunk index -1, root 'root:/') mounted
[2022.03.09-13.11.36:769][  0]LogShaderLibrary: Display: ShaderCodeLibraryPakFileMountedCallback: pending pak file info (ChunkID:-1 Root:root:/ File:C:/UE_4.27/FeaturePacks/TP_VehicleAdvBP.upack)
[2022.03.09-13.11.36:769][  0]LogPakFile: OnPakFileMounted2Time == 0.000025
[2022.03.09-13.11.36:770][  0]LogPakFile: PakFile PrimaryIndexSize=185
[2022.03.09-13.11.36:770][  0]LogPakFile: PakFile PathHashIndexSize=101
[2022.03.09-13.11.36:770][  0]LogPakFile: PakFile FullDirectoryIndexSize=144
[2022.03.09-13.11.36:770][  0]LogShaderLibrary: Display: ShaderCodeLibraryPakFileMountedCallback: PakFile 'C:/UE_4.27/FeaturePacks/TP_VehicleBP.upack' (chunk index -1, root 'root:/') mounted
[2022.03.09-13.11.36:770][  0]LogShaderLibrary: Display: ShaderCodeLibraryPakFileMountedCallback: pending pak file info (ChunkID:-1 Root:root:/ File:C:/UE_4.27/FeaturePacks/TP_VehicleBP.upack)
[2022.03.09-13.11.36:770][  0]LogPakFile: OnPakFileMounted2Time == 0.000025
[2022.03.09-13.11.36:770][  0]LogPakFile: PakFile PrimaryIndexSize=192
[2022.03.09-13.11.36:770][  0]LogPakFile: PakFile PathHashIndexSize=101
[2022.03.09-13.11.36:770][  0]LogPakFile: PakFile FullDirectoryIndexSize=158
[2022.03.09-13.11.36:770][  0]LogShaderLibrary: Display: ShaderCodeLibraryPakFileMountedCallback: PakFile 'C:/UE_4.27/FeaturePacks/TP_VirtualRealityBP.upack' (chunk index -1, root 'root:/') mounted
[2022.03.09-13.11.36:770][  0]LogShaderLibrary: Display: ShaderCodeLibraryPakFileMountedCallback: pending pak file info (ChunkID:-1 Root:root:/ File:C:/UE_4.27/FeaturePacks/TP_VirtualRealityBP.upack)
[2022.03.09-13.11.36:770][  0]LogPakFile: OnPakFileMounted2Time == 0.000026
[2022.03.09-13.11.36:806][  0]LogNativeClassHierarchy: Verbose: Native class hierarchy updated for 'AddContentDialog' in 0.0003 seconds. Added 0 classes and 0 folders.
[2022.03.09-13.11.36:809][  0]LogNativeClassHierarchy: Verbose: Native class hierarchy updated for 'SceneOutliner' in 0.0001 seconds. Added 2 classes and 0 folders.
[2022.03.09-13.11.36:852][  0]LogSlate: Took 0.000132 seconds to synchronously load lazily loaded font '../../../Engine/Content/Slate/Fonts/Roboto-Regular.ttf' (155K)
[2022.03.09-13.11.36:858][  0]LogSlate: Took 0.004588 seconds to synchronously load lazily loaded font '../../../Engine/Content/Editor/Slate/Fonts/FontAwesome.ttf' (139K)
[2022.03.09-13.11.36:859][  0]LogSlate: Took 0.000089 seconds to synchronously load lazily loaded font '../../../Engine/Content/Slate/Fonts/Roboto-Bold.ttf' (160K)
[2022.03.09-13.11.36:947][  0]LogRenderer: Reallocating scene render targets to support 1616x808 Format 10 NumSamples 1 (Frame:1).
[2022.03.09-13.11.37:103][  0]LogNativeClassHierarchy: Verbose: Native class hierarchy updated for 'HierarchicalLODOutliner' in 0.0003 seconds. Added 0 classes and 0 folders.
[2022.03.09-13.11.37:103][  0]LogLoad: (Engine Initialization) Total time: 7.45 seconds
[2022.03.09-13.11.37:103][  0]LogLoad: (Engine Initialization) Total Blueprint compile time: 0.00 seconds
[2022.03.09-13.11.37:146][  0]LogAssetRegistry: Asset discovery search completed in 4.1524 seconds
[2022.03.09-13.11.37:151][  0]LogCollectionManager: Fixed up redirectors for 0 collections in 0.000004 seconds (updated 0 objects)
[2022.03.09-13.11.37:152][  0]LogContentStreaming: Texture pool size now 1000 MB
