Log file open, 03/10/22 22:57:29
LogWindows: Failed to load 'aqProf.dll' (GetLastError=126)
LogWindows: File 'aqProf.dll' does not exist
LogWindows: Failed to load 'VtuneApi.dll' (GetLastError=126)
LogWindows: File 'VtuneApi.dll' does not exist
LogWindows: Failed to load 'VtuneApi32e.dll' (GetLastError=126)
LogWindows: File 'VtuneApi32e.dll' does not exist
LogConsoleResponse: Display: Failed to find resolution value strings in scalability ini. Falling back to default.
LogInit: Display: Running engine for game: MyBattleRoyale
LogPakFile: Registered encryption key '00000000000000000000000000000000': 0 pak files mounted, 0 remain pending
LogPlatformFile: Not using cached read wrapper
LogTaskGraph: Started task graph with 5 named threads and 47 total threads with 3 sets of task threads.
LogStats: Stats thread started at 0.742039
LogD3D11RHI: Loaded GFSDK_Aftermath_Lib.x64.dll
LogICUInternationalization: ICU TimeZone Detection - Raw Offset: +5:30, Platform Override: ''
LogPluginManager: Mounting plugin Paper2D
LogPluginManager: Mounting plugin AISupport
LogPluginManager: Mounting plugin LightPropagationVolume
LogPluginManager: Mounting plugin ActorLayerUtilities
LogPluginManager: Mounting plugin CLionSourceCodeAccess
LogPluginManager: Mounting plugin CodeLiteSourceCodeAccess
LogPluginManager: Mounting plugin GitSourceControl
LogPluginManager: Mounting plugin KDevelopSourceCodeAccess
LogPluginManager: Mounting plugin NullSourceCodeAccess
LogPluginManager: Mounting plugin PerforceSourceControl
LogPluginManager: Mounting plugin SubversionSourceControl
LogPluginManager: Mounting plugin UObjectPlugin
LogPluginManager: Mounting plugin VisualStudioCodeSourceCodeAccess
LogPluginManager: Mounting plugin VisualStudioSourceCodeAccess
LogPluginManager: Mounting plugin XCodeSourceCodeAccess
LogPluginManager: Mounting plugin AssetManagerEditor
LogPluginManager: Mounting plugin CryptoKeys
LogPluginManager: Mounting plugin DataValidation
LogPluginManager: Mounting plugin FacialAnimation
LogPluginManager: Mounting plugin GameplayTagsEditor
LogPluginManager: Mounting plugin MacGraphicsSwitching
LogPluginManager: Mounting plugin MeshEditor
LogPluginManager: Mounting plugin MobileLauncherProfileWizard
LogPluginManager: Mounting plugin PluginBrowser
LogPluginManager: Mounting plugin SpeedTreeImporter
LogPluginManager: Mounting plugin DatasmithContent
LogPluginManager: Mounting plugin VariantManagerContent
LogPluginManager: Mounting plugin AlembicImporter
LogPluginManager: Mounting plugin AppleImageUtils
LogPluginManager: Mounting plugin AppleVision
LogPluginManager: Mounting plugin BackChannel
LogPluginManager: Mounting plugin CharacterAI
LogPluginManager: Mounting plugin GeometryCache
LogPluginManager: Mounting plugin HTML5Networking
LogPluginManager: Mounting plugin ProxyLODPlugin
LogPluginManager: Mounting plugin MagicLeap
LogPluginManager: Mounting plugin MagicLeapMedia
LogPluginManager: Mounting plugin AndroidMedia
LogPluginManager: Mounting plugin AvfMedia
LogPluginManager: Mounting plugin ImgMedia
LogPluginManager: Mounting plugin LinearTimecode
LogPluginManager: Mounting plugin MediaCompositing
LogPluginManager: Mounting plugin MediaPlayerEditor
LogPluginManager: Mounting plugin WebMMedia
LogPluginManager: Mounting plugin WmfMedia
LogPluginManager: Mounting plugin TcpMessaging
LogPluginManager: Mounting plugin UdpMessaging
LogPluginManager: Mounting plugin ActorSequence
LogPluginManager: Mounting plugin LevelSequenceEditor
LogPluginManager: Mounting plugin MatineeToLevelSequence
LogPluginManager: Mounting plugin NetcodeUnitTest
LogPluginManager: Mounting plugin NUTUnrealEngine4
LogPluginManager: Mounting plugin OnlineSubsystemGooglePlay
LogPluginManager: Mounting plugin OnlineSubsystemIOS
LogPluginManager: Mounting plugin OnlineSubsystem
LogPluginManager: Mounting plugin OnlineSubsystemNull
LogPluginManager: Mounting plugin OnlineSubsystemUtils
LogPluginManager: Mounting plugin LauncherChunkInstaller
LogPluginManager: Mounting plugin AndroidDeviceProfileSelector
LogPluginManager: Mounting plugin AndroidMoviePlayer
LogPluginManager: Mounting plugin AndroidPermission
LogPluginManager: Mounting plugin AppleMoviePlayer
LogPluginManager: Mounting plugin ArchVisCharacter
LogPluginManager: Mounting plugin AudioCapture
LogPluginManager: Mounting plugin CableComponent
LogPluginManager: Mounting plugin CustomMeshComponent
LogPluginManager: Mounting plugin EditableMesh
LogPluginManager: Mounting plugin ExampleDeviceProfileSelector
LogPluginManager: Mounting plugin Firebase
LogPluginManager: Mounting plugin GoogleCloudMessaging
LogPluginManager: Mounting plugin IOSDeviceProfileSelector
LogPluginManager: Mounting plugin LinuxDeviceProfileSelector
LogPluginManager: Mounting plugin LocationServicesBPLibrary
LogPluginManager: Mounting plugin MobilePatchingUtils
LogPluginManager: Mounting plugin OculusVR
LogPluginManager: Mounting plugin PhysXVehicles
LogPluginManager: Mounting plugin ProceduralMeshComponent
LogPluginManager: Mounting plugin RuntimePhysXCooking
LogPluginManager: Mounting plugin SteamVR
LogPluginManager: Mounting plugin WebMMoviePlayer
LogPluginManager: Mounting plugin WindowsMoviePlayer
LogStreaming: Display: Took  0.088s to configure plugins.
LogInit: Using libcurl 7.55.1-DEV
LogInit:  - built for x86_64-pc-win32
LogInit:  - supports SSL with OpenSSL/1.0.2h
LogInit:  - supports HTTP deflate (compression) using libz 1.2.8
LogInit:  - other features:
LogInit:      CURL_VERSION_SSL
LogInit:      CURL_VERSION_LIBZ
LogInit:      CURL_VERSION_IPV6
LogInit:      CURL_VERSION_ASYNCHDNS
LogInit:      CURL_VERSION_LARGEFILE
LogInit:      CURL_VERSION_IDN
LogInit:  CurlRequestOptions (configurable via config and command line):
LogInit:  - bVerifyPeer = true  - Libcurl will verify peer certificate
LogInit:  - bUseHttpProxy = false  - Libcurl will NOT use HTTP proxy
LogInit:  - bDontReuseConnections = false  - Libcurl will reuse connections
LogInit:  - MaxHostConnections = 16  - Libcurl will limit the number of connections to a host
LogInit:  - LocalHostAddr = Default
LogInit:  - BufferSize = 65536
LogInit: WinSock: version 1.1 (2.2), MaxSocks=32767, MaxUdp=65467
LogInit: Build: ++UE4+Release-4.21-CL-4753647
LogInit: Engine Version: 4.21.2-4753647+++UE4+Release-4.21
LogInit: Compatible Engine Version: 4.21.0-4541578+++UE4+Release-4.21
LogInit: Net CL: 4541578
LogInit: OS: Windows 10 (), CPU: AMD Ryzen 7 3700X 8-Core Processor             , GPU: NVIDIA GeForce GTX 1660 SUPER
LogInit: Compiled (64-bit): Jan 19 2019 02:07:31
LogInit: Compiled with Visual C++: 19.13.26129.00
LogInit: Build Configuration: Development
LogInit: Branch Name: ++UE4+Release-4.21
LogInit: Command Line:  -EpicPortal -epicusername=Atul_hp -epicuserid=2a676511ffc2492b9f0a825cbdeaa93a -epiclocale=en -epicsandboxid=ue
LogInit: Base Directory: C:/UE_4.21/Engine/Binaries/Win64/
LogInit: Installed Engine Build: 1
LogDevObjectVersion: Number of dev versions registered: 22
LogDevObjectVersion:   Dev-Blueprints (B0D832E4-1F89-4F0D-ACCF-7EB736FD4AA2): 10
LogDevObjectVersion:   Dev-Build (E1C64328-A22C-4D53-A36C-8E866417BD8C): 0
LogDevObjectVersion:   Dev-Core (375EC13C-06E4-48FB-B500-84F0262A717E): 2
LogDevObjectVersion:   Dev-Editor (E4B068ED-F494-42E9-A231-DA0B2E46BB41): 26
LogDevObjectVersion:   Dev-Framework (CFFC743F-43B0-4480-9391-14DF171D2073): 34
LogDevObjectVersion:   Dev-Mobile (B02B49B5-BB20-44E9-A304-32B752E40360): 2
LogDevObjectVersion:   Dev-Networking (A4E4105C-59A1-49B5-A7C5-40C4547EDFEE): 0
LogDevObjectVersion:   Dev-Online (39C831C9-5AE6-47DC-9A44-9C173E1C8E7C): 0
LogDevObjectVersion:   Dev-Physics (78F01B33-EBEA-4F98-B9B4-84EACCB95AA2): 0
LogDevObjectVersion:   Dev-Platform (6631380F-2D4D-43E0-8009-CF276956A95A): 0
LogDevObjectVersion:   Dev-Rendering (12F88B9F-8875-4AFC-A67C-D90C383ABD29): 27
LogDevObjectVersion:   Dev-Sequencer (7B5AE74C-D270-4C10-A958-57980B212A5A): 9
LogDevObjectVersion:   Dev-VR (D7296918-1DD6-4BDD-9DE2-64A83CC13884): 2
LogDevObjectVersion:   Dev-LoadTimes (C2A15278-BFE7-4AFE-6C17-90FF531DF755): 1
LogDevObjectVersion:   Private-Geometry (6EACA3D4-40EC-4CC1-B786-8BED09428FC5): 3
LogDevObjectVersion:   Dev-AnimPhys (29E575DD-E0A3-4627-9D10-D276232CDCEA): 17
LogDevObjectVersion:   Dev-Anim (AF43A65D-7FD3-4947-9873-3E8ED9C1BB05): 2
LogDevObjectVersion:   Dev-ReflectionCapture (6B266CEC-1EC7-4B8F-A30B-E4D90942FC07): 1
LogDevObjectVersion:   Dev-Automation (0DF73D61-A23F-47EA-B727-89E90C41499A): 1
LogDevObjectVersion:   FortniteMain (601D1886-AC64-4F84-AA16-D3DE0DEAC7D6): 17
LogDevObjectVersion:   Dev-Enterprise (9DFFBCD6-494F-0158-E221-12823C92A888): 4
LogDevObjectVersion:   Dev-Niagara (F2AED0AC-9AFE-416F-8664-AA7FFA26D6FC): 1
LogStreaming: Display: Took  0.000s to delete old logs.
LogInit: Presizing for max 8388607 objects, including 0 objects not considered by GC, pre-allocating 0 bytes for permanent pool.
LogInit: Object subsystem initialized
LogConfig: Setting CVar [[con.DebugEarlyDefault:1]]
LogConfig: Setting CVar [[r.setres:1280x720]]
[2022.03.10-17.27.29:720][  0]LogConfig: Setting CVar [[r.VSync:0]]
[2022.03.10-17.27.29:720][  0]LogConfig: Setting CVar [[r.RHICmdBypass:0]]
[2022.03.10-17.27.29:720][  0]LogConfig: Applying CVar settings from Section [/Script/Engine.RendererSettings] File [C:/UnrealProject/MyBattleRoyale/Saved/Config/Windows/Engine.ini]
[2022.03.10-17.27.29:720][  0]LogConfig: Setting CVar [[r.GPUCrashDebugging:0]]
[2022.03.10-17.27.29:720][  0]LogConfig: Applying CVar settings from Section [/Script/Engine.RendererOverrideSettings] File [C:/UnrealProject/MyBattleRoyale/Saved/Config/Windows/Engine.ini]
[2022.03.10-17.27.29:720][  0]LogConfig: Applying CVar settings from Section [/Script/Engine.StreamingSettings] File [C:/UnrealProject/MyBattleRoyale/Saved/Config/Windows/Engine.ini]
[2022.03.10-17.27.29:720][  0]LogConfig: Setting CVar [[s.MinBulkDataSizeForAsyncLoading:131072]]
[2022.03.10-17.27.29:720][  0]LogConfig: Setting CVar [[s.AsyncLoadingThreadEnabled:0]]
[2022.03.10-17.27.29:720][  0]LogConfig: Setting CVar [[s.EventDrivenLoaderEnabled:1]]
[2022.03.10-17.27.29:720][  0]LogConfig: Setting CVar [[s.WarnIfTimeLimitExceeded:0]]
[2022.03.10-17.27.29:720][  0]LogConfig: Setting CVar [[s.TimeLimitExceededMultiplier:1.5]]
[2022.03.10-17.27.29:720][  0]LogConfig: Setting CVar [[s.TimeLimitExceededMinTime:0.005]]
[2022.03.10-17.27.29:720][  0]LogConfig: Setting CVar [[s.UseBackgroundLevelStreaming:1]]
[2022.03.10-17.27.29:720][  0]LogConfig: Setting CVar [[s.PriorityAsyncLoadingExtraTime:15.0]]
[2022.03.10-17.27.29:720][  0]LogConfig: Setting CVar [[s.LevelStreamingActorsUpdateTimeLimit:5.0]]
[2022.03.10-17.27.29:720][  0]LogConfig: Setting CVar [[s.PriorityLevelStreamingActorsUpdateExtraTime:5.0]]
[2022.03.10-17.27.29:720][  0]LogConfig: Setting CVar [[s.LevelStreamingComponentsRegistrationGranularity:10]]
[2022.03.10-17.27.29:720][  0]LogConfig: Setting CVar [[s.UnregisterComponentsTimeLimit:1.0]]
[2022.03.10-17.27.29:720][  0]LogConfig: Setting CVar [[s.LevelStreamingComponentsUnregistrationGranularity:5]]
[2022.03.10-17.27.29:720][  0]LogConfig: Applying CVar settings from Section [/Script/Engine.GarbageCollectionSettings] File [C:/UnrealProject/MyBattleRoyale/Saved/Config/Windows/Engine.ini]
[2022.03.10-17.27.29:720][  0]LogConfig: Setting CVar [[gc.MaxObjectsNotConsideredByGC:1]]
[2022.03.10-17.27.29:720][  0]LogConfig: Setting CVar [[gc.SizeOfPermanentObjectPool:0]]
[2022.03.10-17.27.29:720][  0]LogConfig: Setting CVar [[gc.FlushStreamingOnGC:0]]
[2022.03.10-17.27.29:720][  0]LogConfig: Setting CVar [[gc.NumRetriesBeforeForcingGC:10]]
[2022.03.10-17.27.29:720][  0]LogConfig: Setting CVar [[gc.AllowParallelGC:1]]
[2022.03.10-17.27.29:720][  0]LogConfig: Setting CVar [[gc.TimeBetweenPurgingPendingKillObjects:61.1]]
[2022.03.10-17.27.29:720][  0]LogConfig: Setting CVar [[gc.MaxObjectsInEditor:8388607]]
[2022.03.10-17.27.29:720][  0]LogConfig: Setting CVar [[gc.IncrementalBeginDestroyEnabled:1]]
[2022.03.10-17.27.29:720][  0]LogConfig: Setting CVar [[gc.CreateGCClusters:1]]
[2022.03.10-17.27.29:720][  0]LogConfig: Setting CVar [[gc.MergeGCClusters:0]]
[2022.03.10-17.27.29:721][  0]LogConfig: Setting CVar [[gc.MinGCClusterSize:5]]
[2022.03.10-17.27.29:721][  0]LogConfig: Setting CVar [[gc.ActorClusteringEnabled:0]]
[2022.03.10-17.27.29:721][  0]LogConfig: Setting CVar [[gc.BlueprintClusteringEnabled:0]]
[2022.03.10-17.27.29:721][  0]LogConfig: Setting CVar [[gc.UseDisregardForGCOnDedicatedServers:0]]
[2022.03.10-17.27.29:721][  0]LogConfig: Applying CVar settings from Section [/Script/Engine.NetworkSettings] File [C:/UnrealProject/MyBattleRoyale/Saved/Config/Windows/Engine.ini]
[2022.03.10-17.27.29:721][  0]LogConfig: Applying CVar settings from Section [/Script/UnrealEd.CookerSettings] File [C:/UnrealProject/MyBattleRoyale/Saved/Config/Windows/Engine.ini]
[2022.03.10-17.27.29:722][  0]LogConfig: Applying CVar settings from Section [ViewDistanceQuality@3] File [C:/UnrealProject/MyBattleRoyale/Saved/Config/Windows/Scalability.ini]
[2022.03.10-17.27.29:722][  0]LogConfig: Setting CVar [[r.SkeletalMeshLODBias:0]]
[2022.03.10-17.27.29:722][  0]LogConfig: Setting CVar [[r.ViewDistanceScale:1.0]]
[2022.03.10-17.27.29:722][  0]LogConfig: Applying CVar settings from Section [AntiAliasingQuality@3] File [C:/UnrealProject/MyBattleRoyale/Saved/Config/Windows/Scalability.ini]
[2022.03.10-17.27.29:722][  0]LogConfig: Setting CVar [[r.PostProcessAAQuality:4]]
[2022.03.10-17.27.29:722][  0]LogConfig: Applying CVar settings from Section [ShadowQuality@3] File [C:/UnrealProject/MyBattleRoyale/Saved/Config/Windows/Scalability.ini]
[2022.03.10-17.27.29:722][  0]LogConfig: Setting CVar [[r.LightFunctionQuality:1]]
[2022.03.10-17.27.29:722][  0]LogConfig: Setting CVar [[r.ShadowQuality:5]]
[2022.03.10-17.27.29:722][  0]LogConfig: Setting CVar [[r.Shadow.CSM.MaxCascades:10]]
[2022.03.10-17.27.29:722][  0]LogConfig: Setting CVar [[r.Shadow.MaxResolution:2048]]
[2022.03.10-17.27.29:722][  0]LogConfig: Setting CVar [[r.Shadow.MaxCSMResolution:2048]]
[2022.03.10-17.27.29:722][  0]LogConfig: Setting CVar [[r.Shadow.RadiusThreshold:0.01]]
[2022.03.10-17.27.29:723][  0]LogConfig: Setting CVar [[r.Shadow.DistanceScale:1.0]]
[2022.03.10-17.27.29:723][  0]LogConfig: Setting CVar [[r.Shadow.CSM.TransitionScale:1.0]]
[2022.03.10-17.27.29:723][  0]LogConfig: Setting CVar [[r.Shadow.PreShadowResolutionFactor:1.0]]
[2022.03.10-17.27.29:723][  0]LogConfig: Setting CVar [[r.DistanceFieldShadowing:1]]
[2022.03.10-17.27.29:723][  0]LogConfig: Setting CVar [[r.DistanceFieldAO:1]]
[2022.03.10-17.27.29:723][  0]LogConfig: Setting CVar [[r.AOQuality:2]]
[2022.03.10-17.27.29:723][  0]LogConfig: Setting CVar [[r.VolumetricFog:1]]
[2022.03.10-17.27.29:723][  0]LogConfig: Setting CVar [[r.VolumetricFog.GridPixelSize:8]]
[2022.03.10-17.27.29:723][  0]LogConfig: Setting CVar [[r.VolumetricFog.GridSizeZ:128]]
[2022.03.10-17.27.29:723][  0]LogConfig: Setting CVar [[r.VolumetricFog.HistoryMissSupersampleCount:4]]
[2022.03.10-17.27.29:723][  0]LogConfig: Setting CVar [[r.LightMaxDrawDistanceScale:1]]
[2022.03.10-17.27.29:723][  0]LogConfig: Setting CVar [[r.CapsuleShadows:1]]
[2022.03.10-17.27.29:723][  0]LogConfig: Applying CVar settings from Section [PostProcessQuality@3] File [C:/UnrealProject/MyBattleRoyale/Saved/Config/Windows/Scalability.ini]
[2022.03.10-17.27.29:723][  0]LogConfig: Setting CVar [[r.MotionBlurQuality:4]]
[2022.03.10-17.27.29:723][  0]LogConfig: Setting CVar [[r.AmbientOcclusionMipLevelFactor:0.4]]
[2022.03.10-17.27.29:723][  0]LogConfig: Setting CVar [[r.AmbientOcclusionMaxQuality:100]]
[2022.03.10-17.27.29:723][  0]LogConfig: Setting CVar [[r.AmbientOcclusionLevels:-1]]
[2022.03.10-17.27.29:723][  0]LogConfig: Setting CVar [[r.AmbientOcclusionRadiusScale:1.0]]
[2022.03.10-17.27.29:723][  0]LogConfig: Setting CVar [[r.DepthOfFieldQuality:2]]
[2022.03.10-17.27.29:723][  0]LogConfig: Setting CVar [[r.RenderTargetPoolMin:400]]
[2022.03.10-17.27.29:723][  0]LogConfig: Setting CVar [[r.LensFlareQuality:2]]
[2022.03.10-17.27.29:723][  0]LogConfig: Setting CVar [[r.SceneColorFringeQuality:1]]
[2022.03.10-17.27.29:723][  0]LogConfig: Setting CVar [[r.EyeAdaptationQuality:2]]
[2022.03.10-17.27.29:723][  0]LogConfig: Setting CVar [[r.BloomQuality:5]]
[2022.03.10-17.27.29:723][  0]LogConfig: Setting CVar [[r.FastBlurThreshold:100]]
[2022.03.10-17.27.29:723][  0]LogConfig: Setting CVar [[r.Upscale.Quality:3]]
[2022.03.10-17.27.29:723][  0]LogConfig: Setting CVar [[r.Tonemapper.GrainQuantization:1]]
[2022.03.10-17.27.29:723][  0]LogConfig: Setting CVar [[r.LightShaftQuality:1]]
[2022.03.10-17.27.29:723][  0]LogConfig: Setting CVar [[r.Filter.SizeScale:1]]
[2022.03.10-17.27.29:723][  0]LogConfig: Setting CVar [[r.Tonemapper.Quality:5]]
[2022.03.10-17.27.29:723][  0]LogConfig: Setting CVar [[r.DOF.Gather.AccumulatorQuality:1        ; higher gathering accumulator quality]]
[2022.03.10-17.27.29:723][  0]LogConfig: Setting CVar [[r.DOF.Gather.PostfilterMethod:1          ; Median3x3 postfilering method]]
[2022.03.10-17.27.29:723][  0]LogConfig: Setting CVar [[r.DOF.Gather.EnableBokehSettings:0       ; no bokeh simulation when gathering]]
[2022.03.10-17.27.29:723][  0]LogConfig: Setting CVar [[r.DOF.Gather.RingCount:4                 ; medium number of samples when gathering]]
[2022.03.10-17.27.29:723][  0]LogConfig: Setting CVar [[r.DOF.Scatter.ForegroundCompositing:1    ; additive foreground scattering]]
[2022.03.10-17.27.29:723][  0]LogConfig: Setting CVar [[r.DOF.Scatter.BackgroundCompositing:2    ; additive background scattering]]
[2022.03.10-17.27.29:723][  0]LogConfig: Setting CVar [[r.DOF.Scatter.EnableBokehSettings:1      ; bokeh simulation when scattering]]
[2022.03.10-17.27.29:723][  0]LogConfig: Setting CVar [[r.DOF.Scatter.MaxSpriteRatio:0.1         ; only a maximum of 10% of scattered bokeh]]
[2022.03.10-17.27.29:723][  0]LogConfig: Setting CVar [[r.DOF.Recombine.Quality:1                ; cheap slight out of focus]]
[2022.03.10-17.27.29:723][  0]LogConfig: Setting CVar [[r.DOF.Recombine.EnableBokehSettings:0    ; no bokeh simulation on slight out of focus]]
[2022.03.10-17.27.29:723][  0]LogConfig: Setting CVar [[r.DOF.TemporalAAQuality:1                ; more stable temporal accumulation]]
[2022.03.10-17.27.29:723][  0]LogConfig: Setting CVar [[r.DOF.Kernel.MaxForegroundRadius:0.025]]
[2022.03.10-17.27.29:723][  0]LogConfig: Setting CVar [[r.DOF.Kernel.MaxBackgroundRadius:0.025]]
[2022.03.10-17.27.29:723][  0]LogConfig: Applying CVar settings from Section [TextureQuality@3] File [C:/UnrealProject/MyBattleRoyale/Saved/Config/Windows/Scalability.ini]
[2022.03.10-17.27.29:723][  0]LogConfig: Setting CVar [[r.Streaming.MipBias:0]]
[2022.03.10-17.27.29:723][  0]LogConfig: Setting CVar [[r.Streaming.AmortizeCPUToGPUCopy:0]]
[2022.03.10-17.27.29:723][  0]LogConfig: Setting CVar [[r.Streaming.MaxNumTexturesToStreamPerFrame:0]]
[2022.03.10-17.27.29:723][  0]LogConfig: Setting CVar [[r.Streaming.Boost:1]]
[2022.03.10-17.27.29:723][  0]LogConfig: Setting CVar [[r.MaxAnisotropy:8]]
[2022.03.10-17.27.29:723][  0]LogConfig: Setting CVar [[r.Streaming.LimitPoolSizeToVRAM:0]]
[2022.03.10-17.27.29:723][  0]LogConfig: Setting CVar [[r.Streaming.PoolSize:1000]]
[2022.03.10-17.27.29:723][  0]LogConfig: Setting CVar [[r.Streaming.MaxEffectiveScreenSize:0]]
[2022.03.10-17.27.29:723][  0]LogConfig: Applying CVar settings from Section [EffectsQuality@3] File [C:/UnrealProject/MyBattleRoyale/Saved/Config/Windows/Scalability.ini]
[2022.03.10-17.27.29:723][  0]LogConfig: Setting CVar [[r.TranslucencyLightingVolumeDim:64]]
[2022.03.10-17.27.29:723][  0]LogConfig: Setting CVar [[r.RefractionQuality:2]]
[2022.03.10-17.27.29:723][  0]LogConfig: Setting CVar [[r.SSR.Quality:3]]
[2022.03.10-17.27.29:723][  0]LogConfig: Setting CVar [[r.SceneColorFormat:4]]
[2022.03.10-17.27.29:723][  0]LogConfig: Setting CVar [[r.DetailMode:2]]
[2022.03.10-17.27.29:723][  0]LogConfig: Setting CVar [[r.TranslucencyVolumeBlur:1]]
[2022.03.10-17.27.29:723][  0]LogConfig: Setting CVar [[r.MaterialQualityLevel:1 ; High quality]]
[2022.03.10-17.27.29:723][  0]LogConfig: Setting CVar [[r.SSS.Scale:1]]
[2022.03.10-17.27.29:723][  0]LogConfig: Setting CVar [[r.SSS.SampleSet:2]]
[2022.03.10-17.27.29:723][  0]LogConfig: Setting CVar [[r.SSS.Quality:1]]
[2022.03.10-17.27.29:723][  0]LogConfig: Setting CVar [[r.SSS.HalfRes:1]]
[2022.03.10-17.27.29:723][  0]LogConfig: Setting CVar [[r.EmitterSpawnRateScale:1.0]]
[2022.03.10-17.27.29:723][  0]LogConfig: Setting CVar [[r.ParticleLightQuality:2]]
[2022.03.10-17.27.29:723][  0]LogConfig: Applying CVar settings from Section [FoliageQuality@3] File [C:/UnrealProject/MyBattleRoyale/Saved/Config/Windows/Scalability.ini]
[2022.03.10-17.27.29:723][  0]LogConfig: Setting CVar [[foliage.DensityScale:1.0]]
[2022.03.10-17.27.29:723][  0]LogConfig: Setting CVar [[grass.DensityScale:1.0]]
[2022.03.10-17.27.29:723][  0]LogInit: Selected Device Profile: [Windows]
[2022.03.10-17.27.29:723][  0]LogInit: Applying CVar settings loaded from the selected device profile: [Windows]
[2022.03.10-17.27.29:729][  0]LogHAL: Display: Platform has ~ 16 GB [17093173248 / 17179869184 / 16], which maps to Larger [LargestMinGB=32, LargerMinGB=12, DefaultMinGB=8, SmallerMinGB=6, SmallestMinGB=0)
[2022.03.10-17.27.29:729][  0]LogConfig: Setting CVar [[r.Vulkan.UseRealUBs:1]]
[2022.03.10-17.27.29:729][  0]LogInit: Going up to parent DeviceProfile []
[2022.03.10-17.27.29:729][  0]LogConfig: Applying CVar settings from Section [ViewDistanceQuality@3] File [C:/UnrealProject/MyBattleRoyale/Saved/Config/Windows/Scalability.ini]
[2022.03.10-17.27.29:729][  0]LogConfig: Setting CVar [[r.SkeletalMeshLODBias:0]]
[2022.03.10-17.27.29:729][  0]LogConfig: Setting CVar [[r.ViewDistanceScale:1.0]]
[2022.03.10-17.27.29:729][  0]LogConfig: Applying CVar settings from Section [AntiAliasingQuality@3] File [C:/UnrealProject/MyBattleRoyale/Saved/Config/Windows/Scalability.ini]
[2022.03.10-17.27.29:729][  0]LogConfig: Setting CVar [[r.PostProcessAAQuality:4]]
[2022.03.10-17.27.29:729][  0]LogConfig: Applying CVar settings from Section [ShadowQuality@3] File [C:/UnrealProject/MyBattleRoyale/Saved/Config/Windows/Scalability.ini]
[2022.03.10-17.27.29:729][  0]LogConfig: Setting CVar [[r.LightFunctionQuality:1]]
[2022.03.10-17.27.29:729][  0]LogConfig: Setting CVar [[r.ShadowQuality:5]]
[2022.03.10-17.27.29:729][  0]LogConfig: Setting CVar [[r.Shadow.CSM.MaxCascades:10]]
[2022.03.10-17.27.29:729][  0]LogConfig: Setting CVar [[r.Shadow.MaxResolution:2048]]
[2022.03.10-17.27.29:729][  0]LogConfig: Setting CVar [[r.Shadow.MaxCSMResolution:2048]]
[2022.03.10-17.27.29:729][  0]LogConfig: Setting CVar [[r.Shadow.RadiusThreshold:0.01]]
[2022.03.10-17.27.29:729][  0]LogConfig: Setting CVar [[r.Shadow.DistanceScale:1.0]]
[2022.03.10-17.27.29:729][  0]LogConfig: Setting CVar [[r.Shadow.CSM.TransitionScale:1.0]]
[2022.03.10-17.27.29:729][  0]LogConfig: Setting CVar [[r.Shadow.PreShadowResolutionFactor:1.0]]
[2022.03.10-17.27.29:729][  0]LogConfig: Setting CVar [[r.DistanceFieldShadowing:1]]
[2022.03.10-17.27.29:729][  0]LogConfig: Setting CVar [[r.DistanceFieldAO:1]]
[2022.03.10-17.27.29:729][  0]LogConfig: Setting CVar [[r.AOQuality:2]]
[2022.03.10-17.27.29:729][  0]LogConfig: Setting CVar [[r.VolumetricFog:1]]
[2022.03.10-17.27.29:729][  0]LogConfig: Setting CVar [[r.VolumetricFog.GridPixelSize:8]]
[2022.03.10-17.27.29:729][  0]LogConfig: Setting CVar [[r.VolumetricFog.GridSizeZ:128]]
[2022.03.10-17.27.29:729][  0]LogConfig: Setting CVar [[r.VolumetricFog.HistoryMissSupersampleCount:4]]
[2022.03.10-17.27.29:729][  0]LogConfig: Setting CVar [[r.LightMaxDrawDistanceScale:1]]
[2022.03.10-17.27.29:729][  0]LogConfig: Setting CVar [[r.CapsuleShadows:1]]
[2022.03.10-17.27.29:729][  0]LogConfig: Applying CVar settings from Section [PostProcessQuality@3] File [C:/UnrealProject/MyBattleRoyale/Saved/Config/Windows/Scalability.ini]
[2022.03.10-17.27.29:729][  0]LogConfig: Setting CVar [[r.MotionBlurQuality:4]]
[2022.03.10-17.27.29:729][  0]LogConfig: Setting CVar [[r.AmbientOcclusionMipLevelFactor:0.4]]
[2022.03.10-17.27.29:729][  0]LogConfig: Setting CVar [[r.AmbientOcclusionMaxQuality:100]]
[2022.03.10-17.27.29:729][  0]LogConfig: Setting CVar [[r.AmbientOcclusionLevels:-1]]
[2022.03.10-17.27.29:729][  0]LogConfig: Setting CVar [[r.AmbientOcclusionRadiusScale:1.0]]
[2022.03.10-17.27.29:729][  0]LogConfig: Setting CVar [[r.DepthOfFieldQuality:2]]
[2022.03.10-17.27.29:729][  0]LogConfig: Setting CVar [[r.RenderTargetPoolMin:400]]
[2022.03.10-17.27.29:729][  0]LogConfig: Setting CVar [[r.LensFlareQuality:2]]
[2022.03.10-17.27.29:729][  0]LogConfig: Setting CVar [[r.SceneColorFringeQuality:1]]
[2022.03.10-17.27.29:729][  0]LogConfig: Setting CVar [[r.EyeAdaptationQuality:2]]
[2022.03.10-17.27.29:729][  0]LogConfig: Setting CVar [[r.BloomQuality:5]]
[2022.03.10-17.27.29:729][  0]LogConfig: Setting CVar [[r.FastBlurThreshold:100]]
[2022.03.10-17.27.29:729][  0]LogConfig: Setting CVar [[r.Upscale.Quality:3]]
[2022.03.10-17.27.29:729][  0]LogConfig: Setting CVar [[r.Tonemapper.GrainQuantization:1]]
[2022.03.10-17.27.29:729][  0]LogConfig: Setting CVar [[r.LightShaftQuality:1]]
[2022.03.10-17.27.29:729][  0]LogConfig: Setting CVar [[r.Filter.SizeScale:1]]
[2022.03.10-17.27.29:729][  0]LogConfig: Setting CVar [[r.Tonemapper.Quality:5]]
[2022.03.10-17.27.29:729][  0]LogConfig: Setting CVar [[r.DOF.Gather.AccumulatorQuality:1        ; higher gathering accumulator quality]]
[2022.03.10-17.27.29:729][  0]LogConfig: Setting CVar [[r.DOF.Gather.PostfilterMethod:1          ; Median3x3 postfilering method]]
[2022.03.10-17.27.29:729][  0]LogConfig: Setting CVar [[r.DOF.Gather.EnableBokehSettings:0       ; no bokeh simulation when gathering]]
[2022.03.10-17.27.29:729][  0]LogConfig: Setting CVar [[r.DOF.Gather.RingCount:4                 ; medium number of samples when gathering]]
[2022.03.10-17.27.29:729][  0]LogConfig: Setting CVar [[r.DOF.Scatter.ForegroundCompositing:1    ; additive foreground scattering]]
[2022.03.10-17.27.29:730][  0]LogConfig: Setting CVar [[r.DOF.Scatter.BackgroundCompositing:2    ; additive background scattering]]
[2022.03.10-17.27.29:730][  0]LogConfig: Setting CVar [[r.DOF.Scatter.EnableBokehSettings:1      ; bokeh simulation when scattering]]
[2022.03.10-17.27.29:730][  0]LogConfig: Setting CVar [[r.DOF.Scatter.MaxSpriteRatio:0.1         ; only a maximum of 10% of scattered bokeh]]
[2022.03.10-17.27.29:730][  0]LogConfig: Setting CVar [[r.DOF.Recombine.Quality:1                ; cheap slight out of focus]]
[2022.03.10-17.27.29:730][  0]LogConfig: Setting CVar [[r.DOF.Recombine.EnableBokehSettings:0    ; no bokeh simulation on slight out of focus]]
[2022.03.10-17.27.29:730][  0]LogConfig: Setting CVar [[r.DOF.TemporalAAQuality:1                ; more stable temporal accumulation]]
[2022.03.10-17.27.29:730][  0]LogConfig: Setting CVar [[r.DOF.Kernel.MaxForegroundRadius:0.025]]
[2022.03.10-17.27.29:730][  0]LogConfig: Setting CVar [[r.DOF.Kernel.MaxBackgroundRadius:0.025]]
[2022.03.10-17.27.29:730][  0]LogConfig: Applying CVar settings from Section [TextureQuality@3] File [C:/UnrealProject/MyBattleRoyale/Saved/Config/Windows/Scalability.ini]
[2022.03.10-17.27.29:730][  0]LogConfig: Setting CVar [[r.Streaming.MipBias:0]]
[2022.03.10-17.27.29:730][  0]LogConfig: Setting CVar [[r.Streaming.AmortizeCPUToGPUCopy:0]]
[2022.03.10-17.27.29:730][  0]LogConfig: Setting CVar [[r.Streaming.MaxNumTexturesToStreamPerFrame:0]]
[2022.03.10-17.27.29:730][  0]LogConfig: Setting CVar [[r.Streaming.Boost:1]]
[2022.03.10-17.27.29:730][  0]LogConfig: Setting CVar [[r.MaxAnisotropy:8]]
[2022.03.10-17.27.29:730][  0]LogConfig: Setting CVar [[r.Streaming.LimitPoolSizeToVRAM:0]]
[2022.03.10-17.27.29:730][  0]LogConfig: Setting CVar [[r.Streaming.PoolSize:1000]]
[2022.03.10-17.27.29:730][  0]LogConfig: Setting CVar [[r.Streaming.MaxEffectiveScreenSize:0]]
[2022.03.10-17.27.29:730][  0]LogConfig: Applying CVar settings from Section [EffectsQuality@3] File [C:/UnrealProject/MyBattleRoyale/Saved/Config/Windows/Scalability.ini]
[2022.03.10-17.27.29:730][  0]LogConfig: Setting CVar [[r.TranslucencyLightingVolumeDim:64]]
[2022.03.10-17.27.29:730][  0]LogConfig: Setting CVar [[r.RefractionQuality:2]]
[2022.03.10-17.27.29:730][  0]LogConfig: Setting CVar [[r.SSR.Quality:3]]
[2022.03.10-17.27.29:730][  0]LogConfig: Setting CVar [[r.SceneColorFormat:4]]
[2022.03.10-17.27.29:730][  0]LogConfig: Setting CVar [[r.DetailMode:2]]
[2022.03.10-17.27.29:730][  0]LogConfig: Setting CVar [[r.TranslucencyVolumeBlur:1]]
[2022.03.10-17.27.29:730][  0]LogConfig: Setting CVar [[r.MaterialQualityLevel:1 ; High quality]]
[2022.03.10-17.27.29:730][  0]LogConfig: Setting CVar [[r.SSS.Scale:1]]
[2022.03.10-17.27.29:730][  0]LogConfig: Setting CVar [[r.SSS.SampleSet:2]]
[2022.03.10-17.27.29:730][  0]LogConfig: Setting CVar [[r.SSS.Quality:1]]
[2022.03.10-17.27.29:730][  0]LogConfig: Setting CVar [[r.SSS.HalfRes:1]]
[2022.03.10-17.27.29:730][  0]LogConfig: Setting CVar [[r.EmitterSpawnRateScale:1.0]]
[2022.03.10-17.27.29:730][  0]LogConfig: Setting CVar [[r.ParticleLightQuality:2]]
[2022.03.10-17.27.29:730][  0]LogConfig: Applying CVar settings from Section [FoliageQuality@3] File [C:/UnrealProject/MyBattleRoyale/Saved/Config/Windows/Scalability.ini]
[2022.03.10-17.27.29:730][  0]LogConfig: Setting CVar [[foliage.DensityScale:1.0]]
[2022.03.10-17.27.29:730][  0]LogConfig: Setting CVar [[grass.DensityScale:1.0]]
[2022.03.10-17.27.29:730][  0]LogConfig: Applying CVar settings from Section [Startup] File [../../../Engine/Config/ConsoleVariables.ini]
[2022.03.10-17.27.29:730][  0]LogConfig: Setting CVar [[net.UseAdaptiveNetUpdateFrequency:0]]
[2022.03.10-17.27.29:730][  0]LogConfig: Applying CVar settings from Section [ConsoleVariables] File [C:/UnrealProject/MyBattleRoyale/Saved/Config/Windows/Engine.ini]
[2022.03.10-17.27.29:730][  0]LogInit: Computer: DESKTOP-SEA1AMH
[2022.03.10-17.27.29:730][  0]LogInit: User: Dobby
[2022.03.10-17.27.29:730][  0]LogInit: CPU Page size=4096, Cores=8
[2022.03.10-17.27.29:730][  0]LogInit: High frequency timer resolution =10.000000 MHz
[2022.03.10-17.27.29:730][  0]LogMemory: Memory total: Physical=15.9GB (16GB approx)
[2022.03.10-17.27.29:730][  0]LogMemory: Platform Memory Stats for Windows
[2022.03.10-17.27.29:730][  0]LogMemory: Process Physical Memory: 105.73 MB used, 105.73 MB peak
[2022.03.10-17.27.29:730][  0]LogMemory: Process Virtual Memory: 91.39 MB used, 91.39 MB peak
[2022.03.10-17.27.29:730][  0]LogMemory: Physical Memory: 9260.07 MB used,  7041.25 MB free, 16301.32 MB total
[2022.03.10-17.27.29:730][  0]LogMemory: Virtual Memory: 4669.64 MB used,  134213056.00 MB free, 134217728.00 MB total
[2022.03.10-17.27.29:755][  0]LogInit: Using OS detected language (en-US).
[2022.03.10-17.27.29:755][  0]LogInit: Using OS detected locale (en-IN).
[2022.03.10-17.27.29:756][  0]LogTextLocalizationManager: No specific localization for 'en-US' exists, so the 'en' localization will be used.
[2022.03.10-17.27.30:077][  0]LogStreaming: Display: Took  0.321s to InitEngineTextLocalization.
[2022.03.10-17.27.30:078][  0]LogInit: Setting process to per monitor DPI aware
[2022.03.10-17.27.30:102][  0]LogSlate: New Slate User Created.  User Index 0, Is Virtual User: 0
[2022.03.10-17.27.30:102][  0]LogSlate: Slate User Registered.  User Index 0, Is Virtual User: 0
[2022.03.10-17.27.30:249][  0]LogHMD: Failed to initialize OpenVR with code 100
[2022.03.10-17.27.30:249][  0]LogD3D11RHI: D3D11 adapters:
[2022.03.10-17.27.30:366][  0]LogD3D11RHI:    0. 'NVIDIA GeForce GTX 1660 SUPER' (Feature Level 11_0)
[2022.03.10-17.27.30:366][  0]LogD3D11RHI:       5992/0/8150 MB DedicatedVideo/DedicatedSystem/SharedSystem, Outputs:1, VendorId:0x10de
[2022.03.10-17.27.30:367][  0]LogD3D11RHI:    1. 'Microsoft Basic Render Driver' (Feature Level 11_0)
[2022.03.10-17.27.30:367][  0]LogD3D11RHI:       0/0/8150 MB DedicatedVideo/DedicatedSystem/SharedSystem, Outputs:0, VendorId:0x1414
[2022.03.10-17.27.30:367][  0]LogD3D11RHI: Chosen D3D11 Adapter: 0
[2022.03.10-17.27.30:375][  0]LogD3D11RHI: Creating new Direct3DDevice
[2022.03.10-17.27.30:375][  0]LogD3D11RHI:     GPU DeviceId: 0x21c4 (for the marketing name, search the web for "GPU Device Id")
[2022.03.10-17.27.30:375][  0]LogWindows: EnumDisplayDevices:
[2022.03.10-17.27.30:375][  0]LogWindows:    0. 'NVIDIA GeForce GTX 1660 SUPER' (P:1 D:1)
[2022.03.10-17.27.30:375][  0]LogWindows:    1. 'NVIDIA GeForce GTX 1660 SUPER' (P:0 D:0)
[2022.03.10-17.27.30:375][  0]LogWindows:    2. 'NVIDIA GeForce GTX 1660 SUPER' (P:0 D:0)
[2022.03.10-17.27.30:375][  0]LogWindows:    3. 'NVIDIA GeForce GTX 1660 SUPER' (P:0 D:0)
[2022.03.10-17.27.30:375][  0]LogWindows: DebugString: FoundDriverCount:4 
[2022.03.10-17.27.30:375][  0]LogD3D11RHI:     Adapter Name: NVIDIA GeForce GTX 1660 SUPER
[2022.03.10-17.27.30:375][  0]LogD3D11RHI:   Driver Version: 511.23 (internal:30.0.15.1123, unified:511.23)
[2022.03.10-17.27.30:375][  0]LogD3D11RHI:      Driver Date: 1-10-2022
[2022.03.10-17.27.30:375][  0]LogRHI: Texture pool is 4194 MB (70% of 5992 MB)
[2022.03.10-17.27.30:435][  0]LogD3D11RHI: Async texture creation enabled
[2022.03.10-17.27.30:459][  0]LogD3D11RHI: GPU Timing Frequency: 1000.000000 (Debug: 2 1)
[2022.03.10-17.27.31:427][  0]LogTemp: Display: Loaded TP AllDesktopTargetPlatform
[2022.03.10-17.27.31:438][  0]LogTemp: Display: Loaded TP MacClientTargetPlatform
[2022.03.10-17.27.31:448][  0]LogTemp: Display: Loaded TP MacNoEditorTargetPlatform
[2022.03.10-17.27.31:459][  0]LogTemp: Display: Loaded TP MacServerTargetPlatform
[2022.03.10-17.27.31:469][  0]LogTemp: Display: Loaded TP MacTargetPlatform
[2022.03.10-17.27.31:480][  0]LogTemp: Display: Loaded TP WindowsClientTargetPlatform
[2022.03.10-17.27.31:491][  0]LogTemp: Display: Loaded TP WindowsNoEditorTargetPlatform
[2022.03.10-17.27.31:503][  0]LogTemp: Display: Loaded TP WindowsServerTargetPlatform
[2022.03.10-17.27.31:508][  0]LogTemp: Display: Loaded TP WindowsTargetPlatform
[2022.03.10-17.27.31:570][  0]LogTemp: Display: Loaded TP AndroidTargetPlatform
[2022.03.10-17.27.31:570][  0]LogTemp: Display: Loaded TP AndroidTargetPlatform
[2022.03.10-17.27.31:570][  0]LogTemp: Display: Loaded TP AndroidTargetPlatform
[2022.03.10-17.27.31:570][  0]LogTemp: Display: Loaded TP AndroidTargetPlatform
[2022.03.10-17.27.31:570][  0]LogTemp: Display: Loaded TP AndroidTargetPlatform
[2022.03.10-17.27.31:570][  0]LogTemp: Display: Loaded TP AndroidTargetPlatform
[2022.03.10-17.27.31:570][  0]LogTemp: Display: Loaded TP AndroidTargetPlatform
[2022.03.10-17.27.31:570][  0]LogTemp: Display: Loaded TP AndroidTargetPlatform
[2022.03.10-17.27.31:571][  0]LogTemp: Display: Loaded TP AndroidTargetPlatform
[2022.03.10-17.27.31:571][  0]LogTemp: Display: Loaded TP AndroidTargetPlatform
[2022.03.10-17.27.31:571][  0]LogTemp: Display: Loaded TP AndroidTargetPlatform
[2022.03.10-17.27.31:571][  0]LogTemp: Display: Loaded TP AndroidTargetPlatform
[2022.03.10-17.27.31:571][  0]LogTemp: Display: Loaded TP AndroidTargetPlatform
[2022.03.10-17.27.31:571][  0]LogTemp: Display: Loaded TP AndroidTargetPlatform
[2022.03.10-17.27.31:571][  0]LogTemp: Display: Loaded TP AndroidTargetPlatform
[2022.03.10-17.27.31:571][  0]LogTemp: Display: Loaded TP AndroidTargetPlatform
[2022.03.10-17.27.31:571][  0]LogTemp: Display: Loaded TP AndroidTargetPlatform
[2022.03.10-17.27.31:571][  0]LogTemp: Display: Loaded TP AndroidTargetPlatform
[2022.03.10-17.27.31:572][  0]LogTemp: Display: Loaded TP HTML5TargetPlatform
[2022.03.10-17.27.31:627][  0]LogTemp: Display: Loaded TP IOSTargetPlatform
[2022.03.10-17.27.31:627][  0]LogTemp: Display: Loaded TP IOSTargetPlatform
[2022.03.10-17.27.31:646][  0]LogTemp: Display: Loaded TP TVOSTargetPlatform
[2022.03.10-17.27.31:646][  0]LogTemp: Display: Loaded TP TVOSTargetPlatform
[2022.03.10-17.27.31:656][  0]LogTemp: Display: Loaded TP LinuxClientTargetPlatform
[2022.03.10-17.27.31:667][  0]LogTemp: Display: Loaded TP LinuxNoEditorTargetPlatform
[2022.03.10-17.27.31:677][  0]LogTemp: Display: Loaded TP LinuxServerTargetPlatform
[2022.03.10-17.27.31:688][  0]LogTemp: Display: Loaded TP LinuxTargetPlatform
[2022.03.10-17.27.31:726][  0]LogTemp: Display: Loaded TP LuminTargetPlatform
[2022.03.10-17.27.31:726][  0]LogTemp: Display: Loaded TP LuminTargetPlatform
[2022.03.10-17.27.31:726][  0]LogTargetPlatformManager: Display: Building Assets For Windows
[2022.03.10-17.27.31:774][  0]LogShaderCompilers: Guid format shader working directory is 6 characters bigger than the processId version (../../../../UnrealProject/MyBattleRoyale/Intermediate/Shaders/WorkingDirectory/7016/).
[2022.03.10-17.27.31:774][  0]LogShaderCompilers: Cleaned the shader compiler working directory 'C:/Users/atulk/AppData/Local/Temp/UnrealShaderWorkingDir/30471DA3418FDD4DB14DC2BE1CC8E592/'.
[2022.03.10-17.27.31:776][  0]LogXGEController: Cannot use XGE Controller as Incredibuild is not installed on this machine.
[2022.03.10-17.27.31:776][  0]LogShaderCompilers: Cannot use XGE Shader Compiler as Incredibuild is not installed on this machine.
[2022.03.10-17.27.31:776][  0]LogShaderCompilers: Display: Using Local Shader Compiler.
[2022.03.10-17.27.32:172][  0]LogDerivedDataCache: Display: Max Cache Size: 512 MB
[2022.03.10-17.27.32:216][  0]LogDerivedDataCache: Loaded boot cache 0.04s 86MB C:/Users/atulk/AppData/Local/UnrealEngine/4.21/DerivedDataCache/Boot.ddc.
[2022.03.10-17.27.32:216][  0]LogDerivedDataCache: Display: Loaded Boot cache: C:/Users/atulk/AppData/Local/UnrealEngine/4.21/DerivedDataCache/Boot.ddc
[2022.03.10-17.27.32:216][  0]LogDerivedDataCache: FDerivedDataBackendGraph:  Pak pak cache file ../../../../UnrealProject/MyBattleRoyale/DerivedDataCache/DDC.ddp not found, will not use a pak cache.
[2022.03.10-17.27.32:216][  0]LogDerivedDataCache: Unable to find inner node Pak for hierarchical cache Hierarchy.
[2022.03.10-17.27.32:216][  0]LogDerivedDataCache: FDerivedDataBackendGraph:  CompressedPak pak cache file ../../../../UnrealProject/MyBattleRoyale/DerivedDataCache/Compressed.ddp not found, will not use a pak cache.
[2022.03.10-17.27.32:216][  0]LogDerivedDataCache: Unable to find inner node CompressedPak for hierarchical cache Hierarchy.
[2022.03.10-17.27.32:231][  0]LogDerivedDataCache: Display: Pak cache opened for reading ../../../Engine/DerivedDataCache/Compressed.ddp.
[2022.03.10-17.27.32:231][  0]LogDerivedDataCache: FDerivedDataBackendGraph:  EnterprisePak pak cache file ../../../Enterprise/DerivedDataCache/Compressed.ddp not found, will not use a pak cache.
[2022.03.10-17.27.32:231][  0]LogDerivedDataCache: Unable to find inner node EnterprisePak for hierarchical cache Hierarchy.
[2022.03.10-17.27.32:244][  0]LogDerivedDataCache: Using Local data cache path C:/Users/atulk/AppData/Local/UnrealEngine/Common/DerivedDataCache: Writable
[2022.03.10-17.27.32:244][  0]LogDerivedDataCache: Shared data cache path not found in *engine.ini, will not use an Shared cache.
[2022.03.10-17.27.32:244][  0]LogDerivedDataCache: Unable to find inner node Shared for hierarchical cache Hierarchy.
[2022.03.10-17.27.32:261][  0]LogMaterial: Verifying Global Shaders for PCD3D_SM5
[2022.03.10-17.27.32:262][  0]LogSlate: Using FreeType 2.6.0
[2022.03.10-17.27.32:263][  0]LogSlate: SlateFontServices - WITH_FREETYPE: 1, WITH_HARFBUZZ: 1
[2022.03.10-17.27.32:334][  0]LogAssetRegistry: FAssetRegistry took 0.0313 seconds to start up
[2022.03.10-17.27.32:610][  0]LogInit: Selected Device Profile: [Windows]
[2022.03.10-17.27.32:666][  0]LogSimplygon: Simplygon DLL not present - disabling.
[2022.03.10-17.27.32:669][  0]LogMeshReduction: Using SimplygonSwarm for distributed automatic mesh merging
[2022.03.10-17.27.32:669][  0]LogMeshReduction: Using ProxyLODMeshReduction for automatic mesh merging
[2022.03.10-17.27.32:669][  0]LogMeshReduction: Using QuadricMeshReduction for automatic static mesh reduction
[2022.03.10-17.27.32:669][  0]LogMeshReduction: No automatic skeletal mesh reduction module available
[2022.03.10-17.27.32:740][  0]LogNetVersion: MyBattleRoyale 1.0.0, NetCL: 4541578, EngineNetVer: 5, GameNetVer: 0 (Checksum: 1767603964)
[2022.03.10-17.27.33:124][  0]LogPackageLocalizationCache: Processed 11 localized package path(s) for 2 prioritized culture(s) in 0.063893 seconds
[2022.03.10-17.27.33:131][  0]LogUObjectArray: 39775 objects as part of root set at end of initial load.
[2022.03.10-17.27.33:131][  0]LogUObjectAllocator: 6914664 out of 0 bytes used by permanent object pool.
[2022.03.10-17.27.33:131][  0]LogUObjectArray: CloseDisregardForGC: 0/0 objects in disregard for GC pool
[2022.03.10-17.27.33:759][  0]LogTcpMessaging: Initializing TcpMessaging bridge
[2022.03.10-17.27.33:778][  0]LogUdpMessaging: Initializing bridge on interface 0.0.0.0:0 to multicast group 230.0.0.1:6666.
[2022.03.10-17.27.34:290][  0]SourceControl: Source control is disabled
[2022.03.10-17.27.34:290][  0]SourceControl: Source control is disabled
[2022.03.10-17.27.34:291][  0]SourceControl: Source control is disabled
[2022.03.10-17.27.34:291][  0]SourceControl: Source control is disabled
[2022.03.10-17.27.34:437][  0]LogAndroidPermission: UAndroidPermissionCallbackProxy::GetInstance
[2022.03.10-17.27.34:521][  0]LogOcInput: OculusInput pre-init called
[2022.03.10-17.27.34:641][  0]LogEngine: Initializing Engine...
[2022.03.10-17.27.34:642][  0]LogHMD: Failed to initialize OpenVR with code 100
[2022.03.10-17.27.34:643][  0]LogStats: UGameplayTagsManager::ConstructGameplayTagTree: ImportINI prefixes -  0.000 s
[2022.03.10-17.27.34:643][  0]LogStats: UGameplayTagsManager::ConstructGameplayTagTree: Construct from data asset -  0.000 s
[2022.03.10-17.27.34:643][  0]LogStats: UGameplayTagsManager::ConstructGameplayTagTree: ImportINI -  0.000 s
[2022.03.10-17.27.34:643][  0]LogStats: UGameplayTagsManager::ConstructGameplayTagTree: GameplayTagTreeChangedEvent.Broadcast -  0.000 s
[2022.03.10-17.27.34:802][  0]LogInit: Initializing FReadOnlyCVARCache
[2022.03.10-17.27.34:814][  0]LogAIModule: Creating AISystem for world Untitled
[2022.03.10-17.27.34:848][  0]LogInit: XAudio2 using 'Headset Earphone (Jabra EVOLVE LINK MS)' : 2 channels at 48 kHz using 16 bits per sample (channel mask 0x3)
[2022.03.10-17.27.34:886][  0]LogInit: FAudioDevice initialized.
[2022.03.10-17.27.34:886][  0]LogNetVersion: Set ProjectVersion to 1.0.0.0. Version Checksum will be recalculated on next use.
[2022.03.10-17.27.34:932][  0]LogDerivedDataCache: Saved boot cache 0.05s 71MB C:/Users/atulk/AppData/Local/UnrealEngine/4.21/DerivedDataCache/Boot.ddc.
[2022.03.10-17.27.34:932][  0]LogInit: Texture streaming: Enabled
[2022.03.10-17.27.34:946][  0]LogEngineSessionManager: EngineSessionManager initialized
[2022.03.10-17.27.34:957][  0]LogInit: Transaction tracking system initialized
[2022.03.10-17.27.34:974][  0]BlueprintLog: New page: Editor Load
[2022.03.10-17.27.35:069][  0]LocalizationService: Localization service is disabled
[2022.03.10-17.27.35:391][  0]LogFileCache: Scanning file cache for directory 'C:/UnrealProject/MyBattleRoyale/Content/' took 0.01s
[2022.03.10-17.27.35:391][  0]LogCook: Display: Max memory allowance for cook 16384mb min free memory 0mb
[2022.03.10-17.27.35:392][  0]LogCook: Display: Mobile HDR setting 1
[2022.03.10-17.27.35:392][  0]LogGameplayTags: Display: UGameplayTagsManager::DoneAddingNativeTags. DelegateIsBound: 0
[2022.03.10-17.27.35:392][  0]LogStats: UGameplayTagsManager::ConstructGameplayTagTree: ImportINI prefixes -  0.000 s
[2022.03.10-17.27.35:392][  0]LogStats: UGameplayTagsManager::ConstructGameplayTagTree: Construct from data asset -  0.000 s
[2022.03.10-17.27.35:392][  0]LogStats: UGameplayTagsManager::ConstructGameplayTagTree: ImportINI -  0.000 s
[2022.03.10-17.27.35:392][  0]LogStats: UGameplayTagsManager::ConstructGameplayTagTree: GameplayTagTreeChangedEvent.Broadcast -  0.000 s
[2022.03.10-17.27.35:493][  0]SourceControl: Source control is disabled
[2022.03.10-17.27.35:493][  0]Cmd: MAP LOAD FILE="../../../../UnrealProject/MyBattleRoyale/Content/FirstPersonBP/Maps/FirstPersonExampleMap.umap" TEMPLATE=0 SHOWPROGRESS=1 FEATURELEVEL=3
[2022.03.10-17.27.35:493][  0]LightingResults: New page: Lighting Build
[2022.03.10-17.27.35:495][  0]MapCheck: New page: Map Check
[2022.03.10-17.27.35:495][  0]LightingResults: New page: Lighting Build
[2022.03.10-17.27.36:769][  0]LogTexture: Display: Building textures: LQ_Lightmap_0_5 (DXT1, 64X64)
[2022.03.10-17.27.36:769][  0]LogTexture: Display: Building textures: HQ_Lightmap0_5 (AutoDXT, 64X64)
[2022.03.10-17.27.36:769][  0]LogTexture: Display: Building textures: SkyOcclusion0_5 (AutoDXT, 64X32)
[2022.03.10-17.27.36:769][  0]LogTexture: Display: Building textures: ShadowMapTexture2D_1 (G8, 2048X1024)
[2022.03.10-17.27.36:769][  0]LogTexture: Display: Building textures: ShadowMapTexture2D_0 (G8, 2048X1024)
[2022.03.10-17.27.36:769][  0]LogTexture: Display: Building textures: SkyOcclusion0_1 (AutoDXT, 2048X1024)
[2022.03.10-17.27.36:769][  0]LogTexture: Display: Building textures: SkyOcclusion0_4 (AutoDXT, 2048X1024)
[2022.03.10-17.27.36:769][  0]LogTexture: Display: Building textures: SkyOcclusion0_2 (AutoDXT, 2048X1024)
[2022.03.10-17.27.36:769][  0]LogTexture: Display: Building textures: SkyOcclusion0_3 (AutoDXT, 2048X1024)
[2022.03.10-17.27.36:769][  0]LogTexture: Display: Building textures: LQ_Lightmap_0_4 (DXT1, 2048X2048)
[2022.03.10-17.27.36:770][  0]LogTexture: Display: Building textures: LQ_Lightmap_0_2 (DXT1, 2048X2048)
[2022.03.10-17.27.36:770][  0]LogTexture: Display: Building textures: LQ_Lightmap_0_1 (DXT1, 2048X2048)
[2022.03.10-17.27.36:770][  0]LogTexture: Display: Building textures: HQ_Lightmap0_2 (AutoDXT, 2048X2048)
[2022.03.10-17.27.36:770][  0]LogTexture: Display: Building textures: HQ_Lightmap0_3 (AutoDXT, 2048X2048)
[2022.03.10-17.27.36:770][  0]LogTexture: Display: Building textures: HQ_Lightmap0_1 (AutoDXT, 2048X2048)
[2022.03.10-17.27.36:770][  0]LogTexture: Display: Building textures: LQ_Lightmap_0_3 (DXT1, 2048X2048)
[2022.03.10-17.27.36:770][  0]LogTexture: Display: Building textures: HQ_Lightmap0_4 (AutoDXT, 2048X2048)
[2022.03.10-17.27.36:770][  0]LogTexture: Display: Building textures: ShadowMapTexture2D_2 (G8, 2048X1024)
[2022.03.10-17.27.36:770][  0]LogTexture: Display: Building textures: ShadowMapTexture2D_3 (G8, 2048X1024)
[2022.03.10-17.27.36:770][  0]LogTexture: Display: Building textures: ShadowMapTexture2D_4 (G8, 2048X1024)
[2022.03.10-17.27.36:770][  0]LogTexture: Display: Building textures: ShadowMapTexture2D_5 (G8, 2048X1024)
[2022.03.10-17.27.36:770][  0]LogTexture: Display: Building textures: ShadowMapTexture2D_6 (G8, 2048X1024)
[2022.03.10-17.27.36:770][  0]LogTexture: Display: Building textures: ShadowMapTexture2D_7 (G8, 64X32)
[2022.03.10-17.27.36:907][  0]LogAIModule: Creating AISystem for world FirstPersonExampleMap
[2022.03.10-17.27.36:932][  0]LogEditorServer: Finished looking for orphan Actors (0.000 secs)
[2022.03.10-17.27.36:958][  0]Cmd: MAP CHECKDEP NOCLEARLOG
[2022.03.10-17.27.36:958][  0]MapCheck: Map check complete: 0 Error(s), 0 Warning(s), took 0.227ms to complete.
[2022.03.10-17.27.36:958][  0]LogFileHelpers: Loading map 'FirstPersonExampleMap' took 1.465
[2022.03.10-17.27.37:033][  0]LogSlate: Updating window title bar state: overlay mode, drag disabled, window buttons hidden, title bar hidden
[2022.03.10-17.27.37:038][  0]LogSlate: Updating window title bar state: overlay mode, drag disabled, window buttons hidden, title bar hidden
[2022.03.10-17.27.37:044][  0]LogSlate: Updating window title bar state: overlay mode, drag disabled, window buttons hidden, title bar hidden
[2022.03.10-17.27.37:049][  0]LogSlate: Updating window title bar state: overlay mode, drag disabled, window buttons hidden, title bar hidden
[2022.03.10-17.27.37:053][  0]LogCollectionManager: Loaded 0 collections in 0.001154 seconds
[2022.03.10-17.27.37:091][  0]LogFileCache: Scanning file cache for directory 'C:/UnrealProject/MyBattleRoyale/Saved/Collections/' took 0.01s
[2022.03.10-17.27.37:091][  0]LogFileCache: Scanning file cache for directory 'C:/UnrealProject/MyBattleRoyale/Content/Developers/Dobby/Collections/' took 0.01s
[2022.03.10-17.27.37:091][  0]LogFileCache: Scanning file cache for directory 'C:/UnrealProject/MyBattleRoyale/Content/Collections/' took 0.01s
[2022.03.10-17.27.37:091][  0]LogCollectionManager: Rebuilt the GUID cache for 0 collections in 0.000000 seconds
[2022.03.10-17.27.37:100][  0]LogContentBrowser: Native class hierarchy populated in 0.0082 seconds. Added 2651 classes and 620 folders.
[2022.03.10-17.27.37:104][  0]LogContentBrowser: Native class hierarchy updated for 'WidgetCarousel' in 0.0002 seconds. Added 0 classes and 0 folders.
[2022.03.10-17.27.37:105][  0]LogPakFile: Registered encryption key '00000000000000000000000000000000': 0 pak files mounted, 0 remain pending
[2022.03.10-17.27.37:106][  0]LogPakFile: Registered encryption key '00000000000000000000000000000000': 0 pak files mounted, 0 remain pending
[2022.03.10-17.27.37:106][  0]LogPakFile: Registered encryption key '00000000000000000000000000000000': 0 pak files mounted, 0 remain pending
[2022.03.10-17.27.37:107][  0]LogPakFile: Registered encryption key '00000000000000000000000000000000': 0 pak files mounted, 0 remain pending
[2022.03.10-17.27.37:107][  0]LogPakFile: Registered encryption key '00000000000000000000000000000000': 0 pak files mounted, 0 remain pending
[2022.03.10-17.27.37:107][  0]LogPakFile: Registered encryption key '00000000000000000000000000000000': 0 pak files mounted, 0 remain pending
[2022.03.10-17.27.37:108][  0]LogPakFile: Registered encryption key '00000000000000000000000000000000': 0 pak files mounted, 0 remain pending
[2022.03.10-17.27.37:108][  0]LogPakFile: Registered encryption key '00000000000000000000000000000000': 0 pak files mounted, 0 remain pending
[2022.03.10-17.27.37:108][  0]LogPakFile: Registered encryption key '00000000000000000000000000000000': 0 pak files mounted, 0 remain pending
[2022.03.10-17.27.37:109][  0]LogPakFile: Registered encryption key '00000000000000000000000000000000': 0 pak files mounted, 0 remain pending
[2022.03.10-17.27.37:109][  0]LogPakFile: Registered encryption key '00000000000000000000000000000000': 0 pak files mounted, 0 remain pending
[2022.03.10-17.27.37:109][  0]LogPakFile: Registered encryption key '00000000000000000000000000000000': 0 pak files mounted, 0 remain pending
[2022.03.10-17.27.37:110][  0]LogPakFile: Registered encryption key '00000000000000000000000000000000': 0 pak files mounted, 0 remain pending
[2022.03.10-17.27.37:110][  0]LogPakFile: Registered encryption key '00000000000000000000000000000000': 0 pak files mounted, 0 remain pending
[2022.03.10-17.27.37:110][  0]LogPakFile: Registered encryption key '00000000000000000000000000000000': 0 pak files mounted, 0 remain pending
[2022.03.10-17.27.37:111][  0]LogPakFile: Registered encryption key '00000000000000000000000000000000': 0 pak files mounted, 0 remain pending
[2022.03.10-17.27.37:111][  0]LogPakFile: Registered encryption key '00000000000000000000000000000000': 0 pak files mounted, 0 remain pending
[2022.03.10-17.27.37:112][  0]LogPakFile: Registered encryption key '00000000000000000000000000000000': 0 pak files mounted, 0 remain pending
[2022.03.10-17.27.37:112][  0]LogPakFile: Registered encryption key '00000000000000000000000000000000': 0 pak files mounted, 0 remain pending
[2022.03.10-17.27.37:112][  0]LogPakFile: Registered encryption key '00000000000000000000000000000000': 0 pak files mounted, 0 remain pending
[2022.03.10-17.27.37:113][  0]LogPakFile: Registered encryption key '00000000000000000000000000000000': 0 pak files mounted, 0 remain pending
[2022.03.10-17.27.37:113][  0]LogPakFile: Registered encryption key '00000000000000000000000000000000': 0 pak files mounted, 0 remain pending
[2022.03.10-17.27.37:113][  0]LogPakFile: Registered encryption key '00000000000000000000000000000000': 0 pak files mounted, 0 remain pending
[2022.03.10-17.27.37:114][  0]LogPakFile: Registered encryption key '00000000000000000000000000000000': 0 pak files mounted, 0 remain pending
[2022.03.10-17.27.37:114][  0]LogPakFile: Registered encryption key '00000000000000000000000000000000': 0 pak files mounted, 0 remain pending
[2022.03.10-17.27.37:114][  0]LogPakFile: Registered encryption key '00000000000000000000000000000000': 0 pak files mounted, 0 remain pending
[2022.03.10-17.27.37:135][  0]LogContentBrowser: Native class hierarchy updated for 'AddContentDialog' in 0.0002 seconds. Added 0 classes and 0 folders.
[2022.03.10-17.27.37:140][  0]LogContentBrowser: Native class hierarchy updated for 'SceneOutliner' in 0.0003 seconds. Added 1 classes and 2 folders.
[2022.03.10-17.27.37:155][  0]LogSlate: Took 0.000187 seconds to synchronously load lazily loaded font '../../../Engine/Content/Slate/Fonts/Roboto-Regular.ttf' (155K)
[2022.03.10-17.27.37:156][  0]LogSlate: Took 0.000135 seconds to synchronously load lazily loaded font '../../../Engine/Content/Slate/Fonts/Roboto-Bold.ttf' (160K)
[2022.03.10-17.27.37:160][  0]LogSlate: Took 0.000154 seconds to synchronously load lazily loaded font '../../../Engine/Content/Editor/Slate/Fonts/FontAwesome.ttf' (139K)
[2022.03.10-17.27.37:219][  0]LogRenderer: Reallocating scene render targets to support 1616x808 Format 10 NumSamples 1 (Frame:1).
[2022.03.10-17.27.37:360][  0]LogSlate: FSceneViewport::OnFocusLost() reason 2
[2022.03.10-17.27.37:372][  0]LogSlate: Window 'Tutorials' being destroyed
[2022.03.10-17.27.37:402][  0]LogContentBrowser: Native class hierarchy updated for 'HierarchicalLODOutliner' in 0.0003 seconds. Added 0 classes and 0 folders.
[2022.03.10-17.27.37:402][  0]LogLoad: (Engine Initialization) Total time: 9.80 seconds
[2022.03.10-17.27.37:402][  0]LogLoad: (Engine Initialization) Total Blueprint compile time: 0.00 seconds
[2022.03.10-17.27.37:460][  0]LogContentStreaming: Texture pool size now 1000 MB
[2022.03.10-17.27.37:520][  1]LogAssetRegistry: Asset discovery search completed in 5.2083 seconds
[2022.03.10-17.27.37:521][  1]LogCollectionManager: Rebuilt the object cache for 0 collections in 0.000000 seconds (found 0 objects)
[2022.03.10-17.27.37:521][  1]LogCollectionManager: Fixed up redirectors for 0 collections in 0.000027 seconds (updated 0 objects)
[2022.03.10-17.31.07:733][566]LogHttp: Warning: 000001C8DD430400: request failed, libcurl error: 6 (Couldn't resolve host name)
[2022.03.10-17.31.07:733][566]LogHttp: Warning: 000001C8DD430400: libcurl info message cache 0 (Found bundle for host datarouter.ol.epicgames.com: 0x1c8b9c8bfa0 [can pipeline])
[2022.03.10-17.31.07:733][566]LogHttp: Warning: 000001C8DD430400: libcurl info message cache 1 (Re-using existing connection! (#0) with host datarouter.ol.epicgames.com)
[2022.03.10-17.31.07:733][566]LogHttp: Warning: 000001C8DD430400: libcurl info message cache 2 (Connected to datarouter.ol.epicgames.com (54.152.185.15) port 443 (#0))
[2022.03.10-17.31.07:733][566]LogHttp: Warning: 000001C8DD430400: libcurl info message cache 3 (upload completely sent off: 224 out of 224 bytes)
[2022.03.10-17.31.07:733][566]LogHttp: Warning: 000001C8DD430400: libcurl info message cache 4 (OpenSSL SSL_read: SSL_ERROR_SYSCALL, errno 10054)
[2022.03.10-17.31.07:733][566]LogHttp: Warning: 000001C8DD430400: libcurl info message cache 5 (Connection died, retrying a fresh connect)
[2022.03.10-17.31.07:733][566]LogHttp: Warning: 000001C8DD430400: libcurl info message cache 6 (Closing connection 0)
[2022.03.10-17.31.07:733][566]LogHttp: Warning: 000001C8DD430400: libcurl info message cache 7 (Issue another request to this URL: 'https://datarouter.ol.epicgames.com/datarouter/api/v1/public/data?SessionID=%7B2E21F864-4944-9840-6FAC-139A81165402%7D&AppID=UEEditor.Rocket.Release&AppVersion=4.21.2-4753647%2B%2B%2BUE4%2BRelease-4.21&UserID=3d0e4f394f89d7b87f0ac3a30e8e98f4%7C2a676511ffc2492b9f0a825cbdeaa93a%7C8774b242-3108-4b6d-9e13-9a44afb4b01d&AppEnvironment=datacollector-binary&UploadType=eteventstream')
[2022.03.10-17.31.07:733][566]LogHttp: Warning: 000001C8DD430400: libcurl info message cache 8 (Could not resolve host: datarouter.ol.epicgames.com)
[2022.03.10-17.31.07:733][566]LogHttp: Warning: 000001C8DD430400: libcurl info message cache 9 (Closing connection 1)
[2022.03.10-17.31.07:733][566]LogHttp: Warning: Retry exhausted on https://datarouter.ol.epicgames.com/datarouter/api/v1/public/data?SessionID=%7B2E21F864-4944-9840-6FAC-139A81165402%7D&AppID=UEEditor.Rocket.Release&AppVersion=4.21.2-4753647%2B%2B%2BUE4%2BRelease-4.21&UserID=3d0e4f394f89d7b87f0ac3a30e8e98f4%7C2a676511ffc2492b9f0a825cbdeaa93a%7C8774b242-3108-4b6d-9e13-9a44afb4b01d&AppEnvironment=datacollector-binary&UploadType=eteventstream
[2022.03.10-17.33.08:289][925]LogHttp: Warning: 000001C8DD430400: request failed, libcurl error: 6 (Couldn't resolve host name)
[2022.03.10-17.33.08:289][925]LogHttp: Warning: 000001C8DD430400: libcurl info message cache 0 (Could not resolve host: datarouter.ol.epicgames.com)
[2022.03.10-17.33.08:289][925]LogHttp: Warning: 000001C8DD430400: libcurl info message cache 1 (Closing connection 2)
[2022.03.10-17.33.08:622][926]LogHttp: Warning: Retry exhausted on https://datarouter.ol.epicgames.com/datarouter/api/v1/public/data?SessionID=%7B2E21F864-4944-9840-6FAC-139A81165402%7D&AppID=UEEditor.Rocket.Release&AppVersion=4.21.2-4753647%2B%2B%2BUE4%2BRelease-4.21&UserID=3d0e4f394f89d7b87f0ac3a30e8e98f4%7C2a676511ffc2492b9f0a825cbdeaa93a%7C8774b242-3108-4b6d-9e13-9a44afb4b01d&AppEnvironment=datacollector-binary&UploadType=eteventstream
[2022.03.10-17.35.09:114][285]LogHttp: Warning: 000001C8DD430400: request failed, libcurl error: 6 (Couldn't resolve host name)
[2022.03.10-17.35.09:114][285]LogHttp: Warning: 000001C8DD430400: libcurl info message cache 0 (Could not resolve host: datarouter.ol.epicgames.com)
[2022.03.10-17.35.09:114][285]LogHttp: Warning: 000001C8DD430400: libcurl info message cache 1 (Closing connection 3)
[2022.03.10-17.35.09:449][286]LogHttp: Warning: Retry exhausted on https://datarouter.ol.epicgames.com/datarouter/api/v1/public/data?SessionID=%7B2E21F864-4944-9840-6FAC-139A81165402%7D&AppID=UEEditor.Rocket.Release&AppVersion=4.21.2-4753647%2B%2B%2BUE4%2BRelease-4.21&UserID=3d0e4f394f89d7b87f0ac3a30e8e98f4%7C2a676511ffc2492b9f0a825cbdeaa93a%7C8774b242-3108-4b6d-9e13-9a44afb4b01d&AppEnvironment=datacollector-binary&UploadType=eteventstream
[2022.03.10-17.36.09:440][536]LogSlate: FSceneViewport::OnFocusLost() reason 0
[2022.03.10-17.36.09:554][545]LogSlate: Window 'MyBattleRoyale - Unreal Editor' being destroyed
[2022.03.10-17.36.09:709][546]Cmd: QUIT_EDITOR
[2022.03.10-17.36.09:743][546]LogWindowsTextInputMethodSystem: Display: IME system now deactivated.
[2022.03.10-17.36.09:751][546]LogExit: Preparing to exit.
[2022.03.10-17.36.10:048][546]LogExit: Editor shut down
[2022.03.10-17.36.10:048][546]LogExit: Transaction tracking system shut down
[2022.03.10-17.36.10:271][546]LogExit: Object subsystem successfully closed.
[2022.03.10-17.36.10:287][546]LogShaderCompilers: Display: Shaders left to compile 0
[2022.03.10-17.36.10:289][546]LogD3D11RHI: Shutdown
[2022.03.10-17.36.10:289][546]LogD3D11RHI: CleanupD3DDevice
[2022.03.10-17.36.10:293][546]LogD3D11RHI: ~FD3D11DynamicRHI
[2022.03.10-17.36.10:313][546]LogModuleManager: Shutting down and abandoning module HierarchicalLODOutliner (622)
[2022.03.10-17.36.10:314][546]LogModuleManager: Shutting down and abandoning module SceneOutliner (620)
[2022.03.10-17.36.10:314][546]LogModuleManager: Shutting down and abandoning module AddContentDialog (618)
[2022.03.10-17.36.10:314][546]LogModuleManager: Shutting down and abandoning module WidgetCarousel (617)
[2022.03.10-17.36.10:314][546]LogModuleManager: Shutting down and abandoning module EditorWidgets (614)
[2022.03.10-17.36.10:314][546]LogModuleManager: Shutting down and abandoning module CollectionManager (612)
[2022.03.10-17.36.10:314][546]LogModuleManager: Shutting down and abandoning module StatsViewer (610)
[2022.03.10-17.36.10:314][546]LogModuleManager: Shutting down and abandoning module FoliageEdit (608)
[2022.03.10-17.36.10:314][546]LogModuleManager: Shutting down and abandoning module LandscapeEditor (606)
[2022.03.10-17.36.10:314][546]LogModuleManager: Shutting down and abandoning module MeshPaintMode (604)
[2022.03.10-17.36.10:314][546]LogModuleManager: Shutting down and abandoning module SceneDepthPickerMode (602)
[2022.03.10-17.36.10:314][546]LogModuleManager: Shutting down and abandoning module ActorPickerMode (600)
[2022.03.10-17.36.10:314][546]LogModuleManager: Shutting down and abandoning module GeometryMode (598)
[2022.03.10-17.36.10:314][546]LogModuleManager: Shutting down and abandoning module TextureAlignMode (596)
[2022.03.10-17.36.10:314][546]LogModuleManager: Shutting down and abandoning module BspMode (594)
[2022.03.10-17.36.10:314][546]LogModuleManager: Shutting down and abandoning module PIEPreviewDeviceProfileSelector (592)
[2022.03.10-17.36.10:314][546]LogModuleManager: Shutting down and abandoning module SequenceRecorderSections (590)
[2022.03.10-17.36.10:314][546]LogModuleManager: Shutting down and abandoning module AutomationWorker (588)
[2022.03.10-17.36.10:314][546]LogModuleManager: Shutting down and abandoning module AudioCaptureEditor (586)
[2022.03.10-17.36.10:314][546]LogModuleManager: Shutting down and abandoning module MatineeToLevelSequence (584)
[2022.03.10-17.36.10:314][546]LogModuleManager: Shutting down and abandoning module LevelSequenceEditor (582)
[2022.03.10-17.36.10:314][546]LogModuleManager: Shutting down and abandoning module PlacementMode (581)
[2022.03.10-17.36.10:314][546]LogModuleManager: Shutting down and abandoning module MaterialEditor (580)
[2022.03.10-17.36.10:314][546]LogModuleManager: Shutting down and abandoning module WmfMediaFactory (576)
[2022.03.10-17.36.10:314][546]LogModuleManager: Shutting down and abandoning module WmfMediaEditor (574)
[2022.03.10-17.36.10:314][546]LogModuleManager: Shutting down and abandoning module WebMMediaFactory (572)
[2022.03.10-17.36.10:314][546]LogModuleManager: Shutting down and abandoning module WebMMediaEditor (570)
[2022.03.10-17.36.10:314][546]LogModuleManager: Shutting down and abandoning module WebMMedia (568)
[2022.03.10-17.36.10:314][546]LogModuleManager: Shutting down and abandoning module MediaPlayerEditor (566)
[2022.03.10-17.36.10:314][546]LogModuleManager: Shutting down and abandoning module MediaCompositingEditor (564)
[2022.03.10-17.36.10:315][546]LogModuleManager: Shutting down and abandoning module SequenceRecorder (563)
[2022.03.10-17.36.10:315][546]LogModuleManager: Shutting down and abandoning module OpenExrWrapper (560)
[2022.03.10-17.36.10:315][546]LogModuleManager: Shutting down and abandoning module ImgMediaFactory (558)
[2022.03.10-17.36.10:315][546]LogModuleManager: Shutting down and abandoning module ImgMediaEditor (556)
[2022.03.10-17.36.10:315][546]LogModuleManager: Shutting down and abandoning module AvfMediaFactory (554)
[2022.03.10-17.36.10:315][546]LogModuleManager: Shutting down and abandoning module AvfMediaEditor (552)
[2022.03.10-17.36.10:315][546]LogModuleManager: Shutting down and abandoning module AndroidMediaFactory (550)
[2022.03.10-17.36.10:315][546]LogModuleManager: Shutting down and abandoning module AndroidMediaEditor (548)
[2022.03.10-17.36.10:315][546]LogModuleManager: Shutting down and abandoning module MagicLeapCameraPreviewFactory (546)
[2022.03.10-17.36.10:315][546]LogModuleManager: Shutting down and abandoning module MagicLeapMediaFactory (544)
[2022.03.10-17.36.10:315][546]LogModuleManager: Shutting down and abandoning module MagicLeapMediaEditor (542)
[2022.03.10-17.36.10:315][546]LogModuleManager: Shutting down and abandoning module CharacterAI (540)
[2022.03.10-17.36.10:315][546]LogModuleManager: Shutting down and abandoning module SmartSnapping (538)
[2022.03.10-17.36.10:315][546]LogModuleManager: Shutting down and abandoning module SessionServices (536)
[2022.03.10-17.36.10:315][546]LogModuleManager: Shutting down and abandoning module ViewportSnapping (534)
[2022.03.10-17.36.10:315][546]LogModuleManager: Shutting down and abandoning module ViewportInteraction (532)
[2022.03.10-17.36.10:315][546]LogModuleManager: Shutting down and abandoning module ClothPainter (530)
[2022.03.10-17.36.10:315][546]LogModuleManager: Shutting down and abandoning module SkeletalMeshEditor (529)
[2022.03.10-17.36.10:315][546]LogModuleManager: Shutting down and abandoning module LogVisualizer (526)
[2022.03.10-17.36.10:315][546]LogModuleManager: Shutting down and abandoning module IntroTutorials (524)
[2022.03.10-17.36.10:315][546]LogModuleManager: Shutting down and abandoning module GameProjectGeneration (523)
[2022.03.10-17.36.10:315][546]LogModuleManager: Shutting down and abandoning module LuminPlatformEditor (520)
[2022.03.10-17.36.10:315][546]LogModuleManager: Shutting down and abandoning module IOSPlatformEditor (518)
[2022.03.10-17.36.10:315][546]LogModuleManager: Shutting down and abandoning module HTML5PlatformEditor (516)
[2022.03.10-17.36.10:315][546]LogModuleManager: Shutting down and abandoning module AndroidPlatformEditor (514)
[2022.03.10-17.36.10:315][546]LogModuleManager: Shutting down and abandoning module AndroidDeviceDetection (513)
[2022.03.10-17.36.10:482][546]LogModuleManager: Shutting down and abandoning module WindowsPlatformEditor (510)
[2022.03.10-17.36.10:482][546]LogModuleManager: Shutting down and abandoning module LuminRuntimeSettings (508)
[2022.03.10-17.36.10:482][546]LogModuleManager: Shutting down and abandoning module IOSRuntimeSettings (506)
[2022.03.10-17.36.10:482][546]LogModuleManager: Shutting down and abandoning module AndroidRuntimeSettings (504)
[2022.03.10-17.36.10:482][546]LogModuleManager: Shutting down and abandoning module TimeManagementEditor (502)
[2022.03.10-17.36.10:482][546]LogModuleManager: Shutting down and abandoning module InputBindingEditor (500)
[2022.03.10-17.36.10:482][546]LogModuleManager: Shutting down and abandoning module MergeActors (498)
[2022.03.10-17.36.10:482][546]LogModuleManager: Shutting down and abandoning module LocalizationDashboard (496)
[2022.03.10-17.36.10:482][546]LogModuleManager: Shutting down and abandoning module LocalizationService (495)
[2022.03.10-17.36.10:482][546]LogModuleManager: Shutting down and abandoning module HardwareTargeting (492)
[2022.03.10-17.36.10:482][546]LogModuleManager: Shutting down and abandoning module DeviceProfileEditor (490)
[2022.03.10-17.36.10:482][546]LogModuleManager: Shutting down and abandoning module UndoHistory (488)
[2022.03.10-17.36.10:482][546]LogModuleManager: Shutting down and abandoning module XmlParser (486)
[2022.03.10-17.36.10:482][546]LogModuleManager: Shutting down and abandoning module Blutility (484)
[2022.03.10-17.36.10:482][546]LogModuleManager: Shutting down and abandoning module ProjectSettingsViewer (482)
[2022.03.10-17.36.10:482][546]LogModuleManager: Shutting down and abandoning module ProjectTargetPlatformEditor (481)
[2022.03.10-17.36.10:482][546]LogModuleManager: Shutting down and abandoning module EditorSettingsViewer (478)
[2022.03.10-17.36.10:482][546]LogModuleManager: Shutting down and abandoning module SettingsEditor (476)
[2022.03.10-17.36.10:482][546]LogModuleManager: Shutting down and abandoning module ProjectLauncher (474)
[2022.03.10-17.36.10:482][546]LogModuleManager: Shutting down and abandoning module SessionFrontend (472)
[2022.03.10-17.36.10:482][546]LogModuleManager: Shutting down and abandoning module ProfilerClient (470)
[2022.03.10-17.36.10:482][546]LogModuleManager: Shutting down and abandoning module DeviceManager (468)
[2022.03.10-17.36.10:482][546]LogModuleManager: Shutting down and abandoning module TargetDeviceServices (467)
[2022.03.10-17.36.10:523][546]LogModuleManager: Shutting down and abandoning module AutomationController (464)
[2022.03.10-17.36.10:523][546]LogModuleManager: Shutting down and abandoning module AutomationWindow (462)
[2022.03.10-17.36.10:523][546]LogModuleManager: Shutting down and abandoning module Layers (460)
[2022.03.10-17.36.10:523][546]LogModuleManager: Shutting down and abandoning module ComponentVisualizers (458)
[2022.03.10-17.36.10:523][546]LogModuleManager: Shutting down and abandoning module DetailCustomizations (456)
[2022.03.10-17.36.10:523][546]LogModuleManager: Shutting down and abandoning module PackagesDialog (454)
[2022.03.10-17.36.10:523][546]LogModuleManager: Shutting down and abandoning module Persona (452)
[2022.03.10-17.36.10:523][546]LogModuleManager: Shutting down and abandoning module AdvancedPreviewScene (451)
[2022.03.10-17.36.10:523][546]LogModuleManager: Shutting down and abandoning module AnimGraph (449)
[2022.03.10-17.36.10:523][546]LogModuleManager: Shutting down and abandoning module Kismet (446)
[2022.03.10-17.36.10:523][546]LogModuleManager: Shutting down and abandoning module GraphEditor (444)
[2022.03.10-17.36.10:523][546]LogModuleManager: Shutting down and abandoning module ClassViewer (442)
[2022.03.10-17.36.10:523][546]LogModuleManager: Shutting down and abandoning module Toolbox (440)
[2022.03.10-17.36.10:523][546]LogModuleManager: Shutting down and abandoning module ModuleUI (438)
[2022.03.10-17.36.10:523][546]LogModuleManager: Shutting down and abandoning module MovieSceneTools (436)
[2022.03.10-17.36.10:523][546]LogModuleManager: Shutting down and abandoning module OutputLog (434)
[2022.03.10-17.36.10:523][546]LogModuleManager: Shutting down and abandoning module GammaUI (432)
[2022.03.10-17.36.10:523][546]LogModuleManager: Shutting down and abandoning module Documentation (430)
[2022.03.10-17.36.10:523][546]LogModuleManager: Shutting down and abandoning module MovieSceneTracks (428)
[2022.03.10-17.36.10:523][546]LogModuleManager: Shutting down and abandoning module MovieScene (426)
[2022.03.10-17.36.10:523][546]LogModuleManager: Shutting down and abandoning module StreamingPauseRendering (424)
[2022.03.10-17.36.10:523][546]LogModuleManager: Shutting down and abandoning module LauncherPlatform (422)
[2022.03.10-17.36.10:523][546]LogModuleManager: Shutting down and abandoning module AnalyticsET (420)
[2022.03.10-17.36.10:523][546]LogModuleManager: Shutting down and abandoning module PortalServices (418)
[2022.03.10-17.36.10:523][546]LogModuleManager: Shutting down and abandoning module PortalRpc (416)
[2022.03.10-17.36.10:523][546]LogModuleManager: Shutting down and abandoning module MessagingRpc (414)
[2022.03.10-17.36.10:523][546]LogModuleManager: Shutting down and abandoning module AIModule (412)
[2022.03.10-17.36.10:523][546]LogModuleManager: Shutting down and abandoning module GameplayDebugger (411)
[2022.03.10-17.36.10:523][546]LogModuleManager: Shutting down and abandoning module AITestSuite (409)
[2022.03.10-17.36.10:523][546]LogModuleManager: Shutting down and abandoning module NavigationSystem (407)
[2022.03.10-17.36.10:524][546]LogModuleManager: Shutting down and abandoning module DesktopPlatform (404)
[2022.03.10-17.36.10:524][546]LogModuleManager: Shutting down and abandoning module ImageWriteQueue (402)
[2022.03.10-17.36.10:525][546]LogModuleManager: Shutting down and abandoning module ProfilerService (400)
[2022.03.10-17.36.10:600][546]LogModuleManager: Shutting down and abandoning module TaskGraph (398)
[2022.03.10-17.36.10:600][546]LogModuleManager: Shutting down and abandoning module SteamVRController (396)
[2022.03.10-17.36.10:600][546]LogModuleManager: Shutting down and abandoning module ProceduralMeshComponentEditor (394)
[2022.03.10-17.36.10:600][546]LogModuleManager: Shutting down and abandoning module ProceduralMeshComponent (392)
[2022.03.10-17.36.10:600][546]LogModuleManager: Shutting down and abandoning module OculusInput (390)
[2022.03.10-17.36.10:600][546]LogModuleManager: Shutting down and abandoning module MobilePatchingUtils (388)
[2022.03.10-17.36.10:600][546]LogModuleManager: Shutting down and abandoning module EditableMesh (386)
[2022.03.10-17.36.10:600][546]LogModuleManager: Shutting down and abandoning module CustomMeshComponent (384)
[2022.03.10-17.36.10:600][546]LogModuleManager: Shutting down and abandoning module CableComponent (382)
[2022.03.10-17.36.10:600][546]LogModuleManager: Shutting down and abandoning module AudioCapture (380)
[2022.03.10-17.36.10:600][546]LogModuleManager: Shutting down and abandoning module ArchVisCharacter (378)
[2022.03.10-17.36.10:600][546]LogModuleManager: Shutting down and abandoning module AndroidPermission (376)
[2022.03.10-17.36.10:600][546]LogModuleManager: Shutting down and abandoning module NUTUnrealEngine4 (374)
[2022.03.10-17.36.10:600][546]LogModuleManager: Shutting down and abandoning module NetcodeUnitTest (372)
[2022.03.10-17.36.10:601][546]LogModuleManager: Shutting down and abandoning module MediaCompositing (370)
[2022.03.10-17.36.10:601][546]LogModuleManager: Shutting down and abandoning module LinearTimecode (368)
[2022.03.10-17.36.10:601][546]LogModuleManager: Shutting down and abandoning module ImgMedia (366)
[2022.03.10-17.36.10:603][546]LogModuleManager: Shutting down and abandoning module HTML5Networking (364)
[2022.03.10-17.36.10:603][546]LogModuleManager: Shutting down and abandoning module GeometryCacheTracks (362)
[2022.03.10-17.36.10:603][546]LogModuleManager: Shutting down and abandoning module GeometryCacheSequencer (360)
[2022.03.10-17.36.10:603][546]LogModuleManager: Shutting down and abandoning module BackChannel (358)
[2022.03.10-17.36.10:603][546]LogModuleManager: Shutting down and abandoning module AppleVision (356)
[2022.03.10-17.36.10:603][546]LogModuleManager: Shutting down and abandoning module AppleImageUtilsBlueprintSupport (354)
[2022.03.10-17.36.10:603][546]LogModuleManager: Shutting down and abandoning module AppleImageUtils (352)
[2022.03.10-17.36.10:603][546]LogModuleManager: Shutting down and abandoning module AlembicImporter (350)
[2022.03.10-17.36.10:603][546]LogModuleManager: Shutting down and abandoning module AlembicLibrary (349)
[2022.03.10-17.36.10:603][546]LogModuleManager: Shutting down and abandoning module GeometryCache (348)
[2022.03.10-17.36.10:603][546]LogModuleManager: Shutting down and abandoning module GeometryCacheEd (347)
[2022.03.10-17.36.10:603][546]LogModuleManager: Shutting down and abandoning module VariantManagerContent (342)
[2022.03.10-17.36.10:603][546]LogModuleManager: Shutting down and abandoning module DatasmithContentEditor (340)
[2022.03.10-17.36.10:603][546]LogModuleManager: Shutting down and abandoning module SpeedTreeImporter (338)
[2022.03.10-17.36.10:603][546]LogModuleManager: Shutting down and abandoning module PluginBrowser (336)
[2022.03.10-17.36.10:603][546]LogModuleManager: Shutting down and abandoning module MobileLauncherProfileWizard (334)
[2022.03.10-17.36.10:603][546]LogModuleManager: Shutting down and abandoning module PolygonModeling (332)
[2022.03.10-17.36.10:603][546]LogModuleManager: Shutting down and abandoning module MeshEditor (330)
[2022.03.10-17.36.10:603][546]LogModuleManager: Shutting down and abandoning module CryptoKeysOpenSSL (328)
[2022.03.10-17.36.10:603][546]LogModuleManager: Shutting down and abandoning module CryptoKeys (326)
[2022.03.10-17.36.10:603][546]LogModuleManager: Shutting down and abandoning module VisualStudioSourceCodeAccess (324)
[2022.03.10-17.36.10:603][546]LogModuleManager: Shutting down and abandoning module VisualStudioCodeSourceCodeAccess (322)
[2022.03.10-17.36.10:603][546]LogModuleManager: Shutting down and abandoning module UObjectPlugin (320)
[2022.03.10-17.36.10:603][546]LogModuleManager: Shutting down and abandoning module SubversionSourceControl (318)
[2022.03.10-17.36.10:603][546]LogModuleManager: Shutting down and abandoning module PerforceSourceControl (316)
[2022.03.10-17.36.10:603][546]LogModuleManager: Shutting down and abandoning module GitSourceControl (314)
[2022.03.10-17.36.10:603][546]LogModuleManager: Shutting down and abandoning module SourceControl (313)
[2022.03.10-17.36.10:604][546]LogModuleManager: Shutting down and abandoning module CLionSourceCodeAccess (310)
[2022.03.10-17.36.10:604][546]LogModuleManager: Shutting down and abandoning module ActorLayerUtilitiesEditor (308)
[2022.03.10-17.36.10:604][546]LogModuleManager: Shutting down and abandoning module ActorLayerUtilities (306)
[2022.03.10-17.36.10:604][546]LogModuleManager: Shutting down and abandoning module LightPropagationVolumeEditor (304)
[2022.03.10-17.36.10:604][546]LogModuleManager: Shutting down and abandoning module PaperTiledImporter (302)
[2022.03.10-17.36.10:604][546]LogModuleManager: Shutting down and abandoning module PaperSpriteSheetImporter (300)
[2022.03.10-17.36.10:604][546]LogModuleManager: Shutting down and abandoning module Paper2DEditor (298)
[2022.03.10-17.36.10:604][546]LogModuleManager: Shutting down and abandoning module MeshPaint (297)
[2022.03.10-17.36.10:604][546]LogModuleManager: Shutting down and abandoning module RuntimePhysXCooking (294)
[2022.03.10-17.36.10:604][546]LogModuleManager: Shutting down and abandoning module PhysXVehiclesEditor (292)
[2022.03.10-17.36.10:604][546]LogModuleManager: Shutting down and abandoning module PhysXVehicles (290)
[2022.03.10-17.36.10:604][546]LogModuleManager: Shutting down and abandoning module OculusEditor (288)
[2022.03.10-17.36.10:604][546]LogModuleManager: Shutting down and abandoning module LocationServicesBPLibrary (286)
[2022.03.10-17.36.10:604][546]LogModuleManager: Shutting down and abandoning module ActorSequence (284)
[2022.03.10-17.36.10:604][546]LogModuleManager: Shutting down and abandoning module UdpMessaging (282)
[2022.03.10-17.36.10:704][546]LogModuleManager: Shutting down and abandoning module TcpMessaging (280)
[2022.03.10-17.36.10:805][546]LogModuleManager: Shutting down and abandoning module MagicLeapAudio (278)
[2022.03.10-17.36.10:805][546]LogModuleManager: Shutting down and abandoning module GameplayTagsEditor (276)
[2022.03.10-17.36.10:805][546]LogModuleManager: Shutting down and abandoning module FacialAnimationEditor (274)
[2022.03.10-17.36.10:805][546]LogModuleManager: Shutting down and abandoning module FacialAnimation (272)
[2022.03.10-17.36.10:805][546]LogModuleManager: Shutting down and abandoning module DataValidation (270)
[2022.03.10-17.36.10:805][546]LogModuleManager: Shutting down and abandoning module AssetManagerEditor (268)
[2022.03.10-17.36.10:805][546]LogModuleManager: Shutting down and abandoning module LevelEditor (267)
[2022.03.10-17.36.10:805][546]LogModuleManager: Shutting down and abandoning module PixelInspectorModule (266)
[2022.03.10-17.36.10:805][546]LogModuleManager: Shutting down and abandoning module CommonMenuExtensions (264)
[2022.03.10-17.36.10:805][546]LogModuleManager: Shutting down and abandoning module MainFrame (262)
[2022.03.10-17.36.10:805][546]LogModuleManager: Shutting down and abandoning module HotReload (261)
[2022.03.10-17.36.10:806][546]LogModuleManager: Shutting down and abandoning module ContentBrowser (257)
[2022.03.10-17.36.10:806][546]LogModuleManager: Shutting down and abandoning module TreeMap (255)
[2022.03.10-17.36.10:806][546]LogModuleManager: Shutting down and abandoning module LightPropagationVolumeRuntime (252)
[2022.03.10-17.36.10:807][546]LogModuleManager: Shutting down and abandoning module AISupportModule (250)
[2022.03.10-17.36.10:807][546]LogModuleManager: Shutting down and abandoning module Paper2D (248)
[2022.03.10-17.36.10:807][546]LogModuleManager: Shutting down and abandoning module WindowsMoviePlayer (246)
[2022.03.10-17.36.10:807][546]LogModuleManager: Shutting down and abandoning module WebMMoviePlayer (244)
[2022.03.10-17.36.10:807][546]LogModuleManager: Shutting down and abandoning module WmfMedia (242)
[2022.03.10-17.36.10:808][546]LogModuleManager: Shutting down and abandoning module Media (241)
[2022.03.10-17.36.10:814][546]LogModuleManager: Shutting down and abandoning module PacketHandler (238)
[2022.03.10-17.36.10:814][546]LogModuleManager: Shutting down and abandoning module ClothingSystemEditor (236)
[2022.03.10-17.36.10:814][546]LogModuleManager: Shutting down and abandoning module ClothingSystemRuntime (234)
[2022.03.10-17.36.10:814][546]LogModuleManager: Shutting down and abandoning module MediaAssets (232)
[2022.03.10-17.36.10:814][546]LogModuleManager: Shutting down and abandoning module Overlay (230)
[2022.03.10-17.36.10:814][546]LogModuleManager: Shutting down and abandoning module OverlayEditor (229)
[2022.03.10-17.36.10:814][546]LogModuleManager: Shutting down and abandoning module VREditor (226)
[2022.03.10-17.36.10:814][546]LogModuleManager: Shutting down and abandoning module StringTableEditor (224)
[2022.03.10-17.36.10:814][546]LogModuleManager: Shutting down and abandoning module GameplayTasksEditor (222)
[2022.03.10-17.36.10:814][546]LogModuleManager: Shutting down and abandoning module BehaviorTreeEditor (220)
[2022.03.10-17.36.10:814][546]LogModuleManager: Shutting down and abandoning module FunctionalTesting (218)
[2022.03.10-17.36.10:814][546]LogModuleManager: Shutting down and abandoning module CollisionAnalyzer (216)
[2022.03.10-17.36.10:814][546]LogModuleManager: Shutting down and abandoning module WorkspaceMenuStructure (215)
[2022.03.10-17.36.10:814][546]LogModuleManager: Shutting down and abandoning module UMG (212)
[2022.03.10-17.36.10:814][546]LogModuleManager: Shutting down and abandoning module UMGEditor (211)
[2022.03.10-17.36.10:814][546]LogModuleManager: Shutting down and abandoning module Sequencer (210)
[2022.03.10-17.36.10:814][546]LogModuleManager: Shutting down and abandoning module MessageLog (207)
[2022.03.10-17.36.10:814][546]LogModuleManager: Shutting down and abandoning module SlateReflector (202)
[2022.03.10-17.36.10:814][546]LogModuleManager: Shutting down and abandoning module Slate (200)
[2022.03.10-17.36.10:814][546]LogModuleManager: Shutting down and abandoning module EditorStyle (198)
[2022.03.10-17.36.10:815][546]LogModuleManager: Shutting down and abandoning module MRMesh (196)
[2022.03.10-17.36.10:815][546]LogModuleManager: Shutting down and abandoning module SourceCodeAccess (194)
[2022.03.10-17.36.10:815][546]LogModuleManager: Shutting down and abandoning module HeadMountedDisplay (192)
[2022.03.10-17.36.10:816][546]LogModuleManager: Shutting down and abandoning module XAudio2 (190)
[2022.03.10-17.36.10:816][546]LogModuleManager: Shutting down and abandoning module Networking (188)
[2022.03.10-17.36.10:816][546]LogModuleManager: Shutting down and abandoning module Core (186)
[2022.03.10-17.36.10:816][546]LogModuleManager: Shutting down and abandoning module LevelSequence (184)
[2022.03.10-17.36.10:816][546]LogModuleManager: Shutting down and abandoning module KismetCompiler (182)
[2022.03.10-17.36.10:816][546]LogModuleManager: Shutting down and abandoning module MeshUtilities (180)
[2022.03.10-17.36.10:816][546]LogModuleManager: Shutting down and abandoning module MeshMergeUtilities (179)
[2022.03.10-17.36.10:816][546]LogModuleManager: Shutting down and abandoning module MeshReductionInterface (178)
[2022.03.10-17.36.10:816][546]LogModuleManager: Shutting down and abandoning module SimplygonSwarm (177)
[2022.03.10-17.36.10:816][546]LogModuleManager: Shutting down and abandoning module ProxyLODMeshReduction (175)
[2022.03.10-17.36.10:816][546]LogModuleManager: Shutting down and abandoning module SimplygonMeshReduction (173)
[2022.03.10-17.36.10:816][546]LogModuleManager: Shutting down and abandoning module QuadricMeshReduction (171)
[2022.03.10-17.36.10:816][546]LogModuleManager: Shutting down and abandoning module MaterialBaking (167)
[2022.03.10-17.36.10:816][546]LogModuleManager: Shutting down and abandoning module DirectoryWatcher (163)
[2022.03.10-17.36.10:816][546]LogModuleManager: Shutting down and abandoning module DerivedDataCache (160)
[2022.03.10-17.36.10:873][546]LogDerivedDataCache: Shutdown
[2022.03.10-17.36.10:873][546]LogModuleManager: Shutting down and abandoning module XGEController (158)
[2022.03.10-17.36.10:873][546]LogModuleManager: Shutting down and abandoning module TargetPlatform (156)
[2022.03.10-17.36.10:873][546]LogModuleManager: Shutting down and abandoning module VulkanShaderFormat (155)
[2022.03.10-17.36.10:873][546]LogModuleManager: Shutting down and abandoning module ShaderFormatVectorVM (153)
[2022.03.10-17.36.10:873][546]LogModuleManager: Shutting down and abandoning module ShaderFormatOpenGL (151)
[2022.03.10-17.36.10:873][546]LogModuleManager: Shutting down and abandoning module ShaderFormatD3D (149)
[2022.03.10-17.36.10:873][546]LogModuleManager: Shutting down and abandoning module MetalShaderFormat (147)
[2022.03.10-17.36.10:873][546]LogModuleManager: Shutting down and abandoning module TextureFormatUncompressed (145)
[2022.03.10-17.36.10:873][546]LogModuleManager: Shutting down and abandoning module TextureFormatPVR (143)
[2022.03.10-17.36.10:873][546]LogModuleManager: Shutting down and abandoning module TextureFormatDXT (141)
[2022.03.10-17.36.10:873][546]LogModuleManager: Shutting down and abandoning module TextureFormatIntelISPCTexComp (139)
[2022.03.10-17.36.10:873][546]LogModuleManager: Shutting down and abandoning module TextureFormatASTC (137)
[2022.03.10-17.36.10:873][546]LogModuleManager: Shutting down and abandoning module ImageWrapper (136)
[2022.03.10-17.36.10:873][546]LogModuleManager: Shutting down and abandoning module TextureFormatAndroid (133)
[2022.03.10-17.36.10:873][546]LogModuleManager: Shutting down and abandoning module AudioFormatOpus (131)
[2022.03.10-17.36.10:873][546]LogModuleManager: Shutting down and abandoning module AudioFormatOgg (129)
[2022.03.10-17.36.10:873][546]LogModuleManager: Shutting down and abandoning module AudioFormatADPCM (127)
[2022.03.10-17.36.10:873][546]LogModuleManager: Shutting down and abandoning module LuminTargetPlatform (125)
[2022.03.10-17.36.10:874][546]LogModuleManager: Shutting down and abandoning module LinuxTargetPlatform (123)
[2022.03.10-17.36.10:874][546]LogModuleManager: Shutting down and abandoning module LinuxServerTargetPlatform (121)
[2022.03.10-17.36.10:874][546]LogModuleManager: Shutting down and abandoning module LinuxNoEditorTargetPlatform (119)
[2022.03.10-17.36.10:874][546]LogModuleManager: Shutting down and abandoning module LinuxClientTargetPlatform (117)
[2022.03.10-17.36.10:874][546]LogModuleManager: Shutting down and abandoning module TVOSTargetPlatform (115)
[2022.03.10-17.36.10:876][546]LogModuleManager: Shutting down and abandoning module Messaging (113)
[2022.03.10-17.36.10:876][546]LogModuleManager: Shutting down and abandoning module IOSTargetPlatform (111)
[2022.03.10-17.36.10:876][546]LogModuleManager: Shutting down and abandoning module HTML5TargetPlatform (109)
[2022.03.10-17.36.10:876][546]LogModuleManager: Shutting down and abandoning module AndroidTargetPlatform (107)
[2022.03.10-17.36.10:881][546]LogModuleManager: Shutting down and abandoning module WindowsTargetPlatform (105)
[2022.03.10-17.36.10:881][546]LogModuleManager: Shutting down and abandoning module WindowsServerTargetPlatform (103)
[2022.03.10-17.36.10:881][546]LogModuleManager: Shutting down and abandoning module WindowsNoEditorTargetPlatform (101)
[2022.03.10-17.36.10:881][546]LogModuleManager: Shutting down and abandoning module WindowsClientTargetPlatform (99)
[2022.03.10-17.36.10:881][546]LogModuleManager: Shutting down and abandoning module MacTargetPlatform (97)
[2022.03.10-17.36.10:881][546]LogModuleManager: Shutting down and abandoning module MacServerTargetPlatform (95)
[2022.03.10-17.36.10:881][546]LogModuleManager: Shutting down and abandoning module MacNoEditorTargetPlatform (93)
[2022.03.10-17.36.10:881][546]LogModuleManager: Shutting down and abandoning module MacClientTargetPlatform (91)
[2022.03.10-17.36.10:881][546]LogModuleManager: Shutting down and abandoning module AllDesktopTargetPlatform (89)
[2022.03.10-17.36.10:881][546]LogModuleManager: Shutting down and abandoning module InputCore (86)
[2022.03.10-17.36.10:881][546]LogModuleManager: Shutting down and abandoning module Settings (84)
[2022.03.10-17.36.10:881][546]LogModuleManager: Shutting down and abandoning module PhysXCooking (82)
[2022.03.10-17.36.10:881][546]LogModuleManager: Shutting down and abandoning module SteamVR (80)
[2022.03.10-17.36.10:881][546]LogHMD: Freeing OpenVRDLLHandle.
[2022.03.10-17.36.10:881][546]LogModuleManager: Shutting down and abandoning module OculusHMD (78)
[2022.03.10-17.36.10:881][546]LogModuleManager: Shutting down and abandoning module ExampleDeviceProfileSelector (76)
[2022.03.10-17.36.10:881][546]LogModuleManager: Shutting down and abandoning module LauncherChunkInstaller (74)
[2022.03.10-17.36.10:881][546]LogModuleManager: Shutting down and abandoning module OnlineBlueprintSupport (72)
[2022.03.10-17.36.10:881][546]LogModuleManager: Shutting down and abandoning module OnlineSubsystem (68)
[2022.03.10-17.36.10:882][546]LogModuleManager: Shutting down and abandoning module XMPP (63)
[2022.03.10-17.36.10:882][546]LogModuleManager: Shutting down and abandoning module WebSockets (62)
[2022.03.10-17.36.10:894][546]LogModuleManager: Shutting down and abandoning module HTTP (59)
[2022.03.10-17.36.10:894][546]LogHttp: Display: Http module shutting down, but needs to wait on 1 outstanding Http requests:
[2022.03.10-17.36.10:894][546]LogHttp: Display: 	verb=[POST] url=[https://datarouter.ol.epicgames.com/datarouter/api/v1/public/data?SessionID=%7B2E21F864-4944-9840-6FAC-139A81165402%7D&AppID=UEEditor.Rocket.Release&AppVersion=4.21.2-4753647%2B%2B%2BUE4%2BRelease-4.21&UserID=3d0e4f394f89d7b87f0ac3a30e8e98f4%7C2a676511ffc2492b9f0a825cbdeaa93a%7C8774b242-3108-4b6d-9e13-9a44afb4b01d&AppEnvironment=datacollector-binary&UploadType=eteventstream] status=Processing
[2022.03.10-17.36.10:894][546]LogHttp: Warning: 000001C8DD431E40: request failed, libcurl error: 6 (Couldn't resolve host name)
[2022.03.10-17.36.10:894][546]LogHttp: Warning: 000001C8DD431E40: libcurl info message cache 0 (Could not resolve host: datarouter.ol.epicgames.com)
[2022.03.10-17.36.10:894][546]LogHttp: Warning: 000001C8DD431E40: libcurl info message cache 1 (Closing connection 4)
[2022.03.10-17.36.10:918][546]LogModuleManager: Shutting down and abandoning module SSL (58)
[2022.03.10-17.36.10:919][546]LogModuleManager: Shutting down and abandoning module MagicLeapIdentity (54)
[2022.03.10-17.36.10:919][546]LogModuleManager: Shutting down and abandoning module MagicLeapHelperVulkan (52)
[2022.03.10-17.36.10:919][546]LogModuleManager: Shutting down and abandoning module MagicLeapHelperOpenGL (50)
[2022.03.10-17.36.10:919][546]LogModuleManager: Shutting down and abandoning module MagicLeapSecureStorage (48)
[2022.03.10-17.36.10:919][546]LogModuleManager: Shutting down and abandoning module MagicLeapHandTracking (46)
[2022.03.10-17.36.10:919][546]LogModuleManager: Shutting down and abandoning module MagicLeapEyeTracker (44)
[2022.03.10-17.36.10:919][546]LogModuleManager: Shutting down and abandoning module MagicLeapController (42)
[2022.03.10-17.36.10:919][546]LogSlate: Slate User Destroyed.  User Index 0, Is Virtual User: 0
[2022.03.10-17.36.10:919][546]LogModuleManager: Shutting down and abandoning module MagicLeap (40)
[2022.03.10-17.36.10:919][546]LogModuleManager: Shutting down and abandoning module DatasmithContent (38)
[2022.03.10-17.36.10:920][546]LogModuleManager: Shutting down and abandoning module AnimationModifiers (36)
[2022.03.10-17.36.10:920][546]LogModuleManager: Shutting down and abandoning module PropertyEditor (35)
[2022.03.10-17.36.10:920][546]LogModuleManager: Shutting down and abandoning module AudioEditor (32)
[2022.03.10-17.36.10:920][546]LogModuleManager: Shutting down and abandoning module TextureCompressor (30)
[2022.03.10-17.36.10:920][546]LogModuleManager: Shutting down and abandoning module ShaderCore (28)
[2022.03.10-17.36.10:920][546]LogModuleManager: Shutting down and abandoning module Landscape (26)
[2022.03.10-17.36.10:920][546]LogModuleManager: Shutting down and abandoning module SlateRHIRenderer (24)
[2022.03.10-17.36.10:920][546]LogModuleManager: Shutting down and abandoning module OpenGLDrv (22)
[2022.03.10-17.36.10:920][546]LogModuleManager: Shutting down and abandoning module D3D11RHI (20)
[2022.03.10-17.36.10:920][546]LogModuleManager: Shutting down and abandoning module AnimGraphRuntime (18)
[2022.03.10-17.36.10:920][546]LogModuleManager: Shutting down and abandoning module Renderer (16)
[2022.03.10-17.36.10:920][546]LogModuleManager: Shutting down and abandoning module Engine (14)
[2022.03.10-17.36.10:920][546]LogModuleManager: Shutting down and abandoning module CoreUObject (12)
[2022.03.10-17.36.10:920][546]LogModuleManager: Shutting down and abandoning module NetworkFile (10)
[2022.03.10-17.36.10:920][546]LogModuleManager: Shutting down and abandoning module CookedIterativeFile (8)
[2022.03.10-17.36.10:920][546]LogModuleManager: Shutting down and abandoning module StreamingFile (6)
[2022.03.10-17.36.10:920][546]LogModuleManager: Shutting down and abandoning module SandboxFile (4)
[2022.03.10-17.36.10:920][546]LogModuleManager: Shutting down and abandoning module PakFile (2)
[2022.03.10-17.36.10:929][546]LogExit: Exiting.
[2022.03.10-17.36.10:944][546]Log file closed, 03/10/22 23:06:10
